2025-01-08 17:02:31 INFO  ScreenshotListeners:29 - 
================:  valid Login :====================

2025-01-08 17:02:37 INFO  LoginTest:49 - user Logged in successfully
2025-01-08 17:02:37 INFO  ScreenshotListeners:29 - 
================:  presence Of Count Sub Tab In Platelet :====================

2025-01-08 17:02:57 INFO  CommonMethods:50 - clicked on tab successfully
2025-01-08 17:02:57 INFO  ReviewPatchesInPatchViewAndSplitView:49 - count sub tab is present on platelet 
2025-01-08 17:02:57 INFO  ReviewPatchesInPatchViewAndSplitViewTest:56 - Count tab is present on platelet 
2025-01-08 17:02:57 INFO  ScreenshotListeners:29 - 
================:  presence Of Morphology :====================

2025-01-08 17:02:57 INFO  ReviewPatchesInPatchViewAndSplitViewTest:63 - Morphology tab is present on platelet main tab
2025-01-08 17:02:57 INFO  ScreenshotListeners:29 - 
================:  selection Of Fovs :====================

2025-01-08 17:03:03 ERROR ReviewPatchesInPatchViewAndSplitView:82 - Mismatch in FOV navigation for FOV 1. Expected: FOV 1 / 91, but found: FOV 2 / 10
2025-01-08 17:03:03 ERROR BrowserSetUp:182 - selectionOfFovs -> FAILED due to below issues :
java.lang.AssertionError: expected [true] but found [false]

2025-01-08 17:03:04 INFO  BrowserSetUp:192 - Screenshot for this failed method : Screenshot/selectionOfFovs.png
2025-01-08 17:03:04 INFO  ScreenshotListeners:29 - 
================:  edit The N M G Value :====================

2025-01-08 17:03:07 ERROR BrowserSetUp:182 - editTheNMGValue -> FAILED due to below issues :
java.lang.IndexOutOfBoundsException: Index 3 out of bounds for length 3

2025-01-08 17:03:08 INFO  BrowserSetUp:192 - Screenshot for this failed method : Screenshot/editTheNMGValue.png
