2025-01-27 18:03:02 INFO  ScreenshotListeners:29 - 
================:  valid Login :====================

2025-01-27 18:03:07 INFO  LoginTest:49 - user Logged in successfully
2025-01-27 18:03:07 INFO  ScreenshotListeners:29 - 
================:  verify Sig Logo And P B S :====================

2025-01-27 18:03:07 INFO  VerifyTheListReportPage:46 - Sigtuple logo is Loaded .
2025-01-27 18:03:07 INFO  VerifyTheListReportPage:47 - PBS Text is loaded
2025-01-27 18:03:07 INFO  VerifyTheListReportPageTest:41 -  Sigtuple logo and PBS is Present on the page
2025-01-27 18:03:07 INFO  ScreenshotListeners:29 - 
================:  assign :====================

2025-01-27 18:03:22 INFO  VerifyTheListReportPage:670 - user is drop down is available
2025-01-27 18:03:22 INFO  SummaryTest:39 - Assign the report
2025-01-27 18:03:22 INFO  ScreenshotListeners:29 - 
================:  verify Selction Of W B C Tab :====================

2025-01-27 18:03:32 INFO  CommonMethods:52 - clicked on tab successfully
2025-01-27 18:03:32 INFO  WBCParameters:41 - WBC
2025-01-27 18:03:32 INFO  WBCParametersTest:43 - WBC tab is present and selected
2025-01-27 18:03:32 INFO  ScreenshotListeners:29 - 
================:  presence Of Count Sub Tab In Platelet :====================

2025-01-27 18:03:37 INFO  CommonMethods:52 - clicked on tab successfully
2025-01-27 18:03:37 INFO  ReviewPatchesInPatchViewAndSplitView:49 - count sub tab is present on platelet 
2025-01-27 18:03:37 INFO  ReviewPatchesInPatchViewAndSplitViewTest:58 - Count tab is present on platelet 
2025-01-27 18:03:37 INFO  ScreenshotListeners:29 - 
================:  presence Of Morphology :====================

2025-01-27 18:03:37 INFO  ReviewPatchesInPatchViewAndSplitViewTest:65 - Morphology tab is present on platelet main tab
2025-01-27 18:03:37 INFO  ScreenshotListeners:29 - 
================:  selection Of Fovs :====================

2025-01-27 18:03:40 INFO  ReviewPatchesInPatchViewAndSplitViewTest:72 - Selection of any fovs are verified on platelet count tab
2025-01-27 18:03:40 INFO  ScreenshotListeners:29 - 
================:  edit The N M G Value :====================

2025-01-27 18:03:40 INFO  ReviewPatchesInPatchViewAndSplitViewTest:80 - user is able to change the n m g value on platelet tab
2025-01-27 18:03:40 INFO  ScreenshotListeners:29 - 
================:  test Default Selection Of Split View :====================

2025-01-27 18:03:40 INFO  ReviewPatchesInPatchViewAndSplitView:151 - Split View is selected by default.
2025-01-27 18:03:40 INFO  ReviewPatchesInPatchViewAndSplitView:166 - Patch View is NOT disabled.
2025-01-27 18:03:40 INFO  ReviewPatchesInPatchViewAndSplitViewTest:87 - Verify The Default selection of split view in the platelet count
2025-01-27 18:03:40 INFO  ScreenshotListeners:29 - 
================:  Verify Radio Btn Manual Level Platelet Count :====================

2025-01-27 18:04:11 INFO  ReviewPatchesInPatchViewAndSplitView:195 - Platelet Count Level field is enabled after selecting Manual Level.
2025-01-27 18:04:11 INFO  ReviewPatchesInPatchViewAndSplitViewTest:95 - Verify the selection of the manual platelet level radio button
