2025-02-11 12:01:23 INFO  ScreenshotListeners:29 - 
================:  valid Login :====================

2025-02-11 12:01:29 INFO  LoginTest:50 - user Logged in successfully
2025-02-11 12:01:29 INFO  ScreenshotListeners:29 - 
================:  verify History Of First Time Assign Reviewer :====================

2025-02-11 12:01:29 INFO  CommonMethods:100 - Report does not match criteria, skipping...
2025-02-11 12:01:29 INFO  CommonMethods:100 - Report does not match criteria, skipping...
2025-02-11 12:01:30 INFO  CommonMethods:100 - Report does not match criteria, skipping...
2025-02-11 12:01:30 INFO  CommonMethods:100 - Report does not match criteria, skipping...
2025-02-11 12:01:30 INFO  CommonMethods:100 - Report does not match criteria, skipping...
2025-02-11 12:01:30 INFO  CommonMethods:100 - Report does not match criteria, skipping...
2025-02-11 12:01:30 INFO  CommonMethods:100 - Report does not match criteria, skipping...
2025-02-11 12:01:30 INFO  CommonMethods:100 - Report does not match criteria, skipping...
2025-02-11 12:01:30 INFO  CommonMethods:100 - Report does not match criteria, skipping...
2025-02-11 12:01:30 INFO  CommonMethods:100 - Report does not match criteria, skipping...
2025-02-11 12:01:30 INFO  CommonMethods:100 - Report does not match criteria, skipping...
2025-02-11 12:01:31 INFO  CommonMethods:100 - Report does not match criteria, skipping...
2025-02-11 12:01:31 INFO  CommonMethods:100 - Report does not match criteria, skipping...
2025-02-11 12:01:31 INFO  CommonMethods:100 - Report does not match criteria, skipping...
2025-02-11 12:01:31 INFO  CommonMethods:100 - Report does not match criteria, skipping...
2025-02-11 12:01:31 INFO  CommonMethods:100 - Report does not match criteria, skipping...
2025-02-11 12:01:31 INFO  CommonMethods:100 - Report does not match criteria, skipping...
2025-02-11 12:01:31 INFO  CommonMethods:100 - Report does not match criteria, skipping...
2025-02-11 12:01:33 INFO  CommonMethods:100 - Report does not match criteria, skipping...
2025-02-11 12:01:33 INFO  CommonMethods:100 - Report does not match criteria, skipping...
2025-02-11 12:01:39 INFO  CommonMethods:100 - Report does not match criteria, skipping...
2025-02-11 12:01:39 INFO  CommonMethods:100 - Report does not match criteria, skipping...
2025-02-11 12:01:39 INFO  CommonMethods:100 - Report does not match criteria, skipping...
2025-02-11 12:01:39 INFO  CommonMethods:100 - Report does not match criteria, skipping...
2025-02-11 12:01:39 INFO  CommonMethods:100 - Report does not match criteria, skipping...
2025-02-11 12:01:39 INFO  CommonMethods:100 - Report does not match criteria, skipping...
2025-02-11 12:01:39 INFO  CommonMethods:100 - Report does not match criteria, skipping...
2025-02-11 12:01:39 INFO  CommonMethods:100 - Report does not match criteria, skipping...
2025-02-11 12:01:39 INFO  CommonMethods:100 - Report does not match criteria, skipping...
2025-02-11 12:01:39 INFO  CommonMethods:100 - Report does not match criteria, skipping...
2025-02-11 12:01:39 INFO  CommonMethods:100 - Report does not match criteria, skipping...
2025-02-11 12:01:39 INFO  CommonMethods:100 - Report does not match criteria, skipping...
2025-02-11 12:01:39 INFO  CommonMethods:100 - Report does not match criteria, skipping...
2025-02-11 12:01:39 INFO  CommonMethods:100 - Report does not match criteria, skipping...
2025-02-11 12:01:40 INFO  CommonMethods:100 - Report does not match criteria, skipping...
2025-02-11 12:01:40 INFO  CommonMethods:100 - Report does not match criteria, skipping...
2025-02-11 12:01:40 INFO  CommonMethods:100 - Report does not match criteria, skipping...
2025-02-11 12:01:40 INFO  CommonMethods:100 - Report does not match criteria, skipping...
2025-02-11 12:01:40 INFO  CommonMethods:100 - Report does not match criteria, skipping...
2025-02-11 12:01:40 INFO  CommonMethods:100 - Report does not match criteria, skipping...
2025-02-11 12:01:40 INFO  CommonMethods:100 - Report does not match criteria, skipping...
2025-02-11 12:01:40 INFO  CommonMethods:100 - Report does not match criteria, skipping...
2025-02-11 12:01:40 INFO  CommonMethods:100 - Report does not match criteria, skipping...
2025-02-11 12:01:40 INFO  CommonMethods:100 - Report does not match criteria, skipping...
2025-02-11 12:01:40 INFO  CommonMethods:100 - Report does not match criteria, skipping...
2025-02-11 12:01:40 INFO  CommonMethods:100 - Report does not match criteria, skipping...
2025-02-11 12:01:40 INFO  CommonMethods:100 - Report does not match criteria, skipping...
2025-02-11 12:01:41 INFO  CommonMethods:100 - Report does not match criteria, skipping...
2025-02-11 12:01:41 INFO  CommonMethods:100 - Report does not match criteria, skipping...
2025-02-11 12:01:41 INFO  CommonMethods:100 - Report does not match criteria, skipping...
2025-02-11 12:01:41 INFO  CommonMethods:100 - Report does not match criteria, skipping...
2025-02-11 12:01:41 INFO  CommonMethods:100 - Report does not match criteria, skipping...
2025-02-11 12:01:41 INFO  CommonMethods:100 - Report does not match criteria, skipping...
2025-02-11 12:01:41 INFO  CommonMethods:100 - Report does not match criteria, skipping...
2025-02-11 12:01:42 INFO  CommonMethods:100 - Report does not match criteria, skipping...
2025-02-11 12:01:42 INFO  CommonMethods:100 - Report does not match criteria, skipping...
2025-02-11 12:01:42 INFO  CommonMethods:100 - Report does not match criteria, skipping...
2025-02-11 12:01:43 INFO  CommonMethods:100 - Report does not match criteria, skipping...
2025-02-11 12:01:43 INFO  CommonMethods:100 - Report does not match criteria, skipping...
2025-02-11 12:01:43 INFO  CommonMethods:100 - Report does not match criteria, skipping...
2025-02-11 12:01:43 INFO  CommonMethods:100 - Report does not match criteria, skipping...
2025-02-11 12:01:43 INFO  CommonMethods:100 - Report does not match criteria, skipping...
2025-02-11 12:01:43 INFO  CommonMethods:100 - Report does not match criteria, skipping...
2025-02-11 12:01:43 INFO  CommonMethods:100 - Report does not match criteria, skipping...
2025-02-11 12:01:43 INFO  CommonMethods:100 - Report does not match criteria, skipping...
2025-02-11 12:01:43 INFO  CommonMethods:100 - Report does not match criteria, skipping...
2025-02-11 12:01:43 INFO  CommonMethods:100 - Report does not match criteria, skipping...
2025-02-11 12:01:43 INFO  CommonMethods:100 - Report does not match criteria, skipping...
2025-02-11 12:01:43 INFO  CommonMethods:100 - Report does not match criteria, skipping...
2025-02-11 12:01:43 INFO  CommonMethods:100 - Report does not match criteria, skipping...
2025-02-11 12:01:44 INFO  CommonMethods:100 - Report does not match criteria, skipping...
2025-02-11 12:01:45 INFO  CommonMethods:100 - Report does not match criteria, skipping...
2025-02-11 12:01:45 INFO  CommonMethods:100 - Report does not match criteria, skipping...
2025-02-11 12:01:45 INFO  CommonMethods:100 - Report does not match criteria, skipping...
2025-02-11 12:01:45 INFO  CommonMethods:100 - Report does not match criteria, skipping...
2025-02-11 12:01:45 INFO  CommonMethods:100 - Report does not match criteria, skipping...
2025-02-11 12:01:45 INFO  CommonMethods:95 - Matching status found, clicking the row: To be reviewed
2025-02-11 12:01:49 INFO  VerifyTheListReportPage:695 - user is drop down is available
2025-02-11 12:01:49 INFO  CommonMethods:526 - Click on the history option
2025-02-11 12:08:52 INFO  ScreenshotListeners:29 - 
================:  valid Login :====================

2025-02-11 12:08:58 INFO  LoginTest:50 - user Logged in successfully
2025-02-11 12:08:58 INFO  ScreenshotListeners:29 - 
================:  verify History Of First Time Assign Reviewer :====================

2025-02-11 12:08:58 INFO  CommonMethods:100 - Report does not match criteria, skipping...
2025-02-11 12:08:58 INFO  CommonMethods:100 - Report does not match criteria, skipping...
2025-02-11 12:08:58 INFO  CommonMethods:100 - Report does not match criteria, skipping...
2025-02-11 12:08:59 INFO  CommonMethods:100 - Report does not match criteria, skipping...
2025-02-11 12:08:59 INFO  CommonMethods:100 - Report does not match criteria, skipping...
2025-02-11 12:08:59 INFO  CommonMethods:100 - Report does not match criteria, skipping...
2025-02-11 12:08:59 INFO  CommonMethods:100 - Report does not match criteria, skipping...
2025-02-11 12:08:59 INFO  CommonMethods:100 - Report does not match criteria, skipping...
2025-02-11 12:09:00 INFO  CommonMethods:100 - Report does not match criteria, skipping...
2025-02-11 12:09:00 INFO  CommonMethods:100 - Report does not match criteria, skipping...
2025-02-11 12:09:00 INFO  CommonMethods:100 - Report does not match criteria, skipping...
2025-02-11 12:09:00 INFO  CommonMethods:100 - Report does not match criteria, skipping...
2025-02-11 12:09:00 INFO  CommonMethods:100 - Report does not match criteria, skipping...
2025-02-11 12:09:00 INFO  CommonMethods:100 - Report does not match criteria, skipping...
2025-02-11 12:09:00 INFO  CommonMethods:100 - Report does not match criteria, skipping...
2025-02-11 12:09:00 INFO  CommonMethods:100 - Report does not match criteria, skipping...
2025-02-11 12:09:00 INFO  CommonMethods:100 - Report does not match criteria, skipping...
2025-02-11 12:09:00 INFO  CommonMethods:100 - Report does not match criteria, skipping...
2025-02-11 12:09:00 INFO  CommonMethods:100 - Report does not match criteria, skipping...
2025-02-11 12:09:01 INFO  CommonMethods:100 - Report does not match criteria, skipping...
2025-02-11 12:09:07 INFO  CommonMethods:100 - Report does not match criteria, skipping...
2025-02-11 12:09:07 INFO  CommonMethods:100 - Report does not match criteria, skipping...
2025-02-11 12:09:07 INFO  CommonMethods:100 - Report does not match criteria, skipping...
2025-02-11 12:09:07 INFO  CommonMethods:100 - Report does not match criteria, skipping...
2025-02-11 12:09:07 INFO  CommonMethods:100 - Report does not match criteria, skipping...
2025-02-11 12:09:07 INFO  CommonMethods:100 - Report does not match criteria, skipping...
2025-02-11 12:09:07 INFO  CommonMethods:100 - Report does not match criteria, skipping...
2025-02-11 12:09:07 INFO  CommonMethods:100 - Report does not match criteria, skipping...
2025-02-11 12:09:07 INFO  CommonMethods:100 - Report does not match criteria, skipping...
2025-02-11 12:09:07 INFO  CommonMethods:100 - Report does not match criteria, skipping...
2025-02-11 12:09:07 INFO  CommonMethods:100 - Report does not match criteria, skipping...
2025-02-11 12:09:08 INFO  CommonMethods:100 - Report does not match criteria, skipping...
2025-02-11 12:09:08 INFO  CommonMethods:100 - Report does not match criteria, skipping...
2025-02-11 12:09:08 INFO  CommonMethods:100 - Report does not match criteria, skipping...
2025-02-11 12:09:08 INFO  CommonMethods:100 - Report does not match criteria, skipping...
2025-02-11 12:09:08 INFO  CommonMethods:100 - Report does not match criteria, skipping...
2025-02-11 12:09:08 INFO  CommonMethods:100 - Report does not match criteria, skipping...
2025-02-11 12:09:08 INFO  CommonMethods:100 - Report does not match criteria, skipping...
2025-02-11 12:09:08 INFO  CommonMethods:100 - Report does not match criteria, skipping...
2025-02-11 12:09:08 INFO  CommonMethods:100 - Report does not match criteria, skipping...
2025-02-11 12:09:08 INFO  CommonMethods:100 - Report does not match criteria, skipping...
2025-02-11 12:09:08 INFO  CommonMethods:100 - Report does not match criteria, skipping...
2025-02-11 12:09:08 INFO  CommonMethods:100 - Report does not match criteria, skipping...
2025-02-11 12:09:08 INFO  CommonMethods:100 - Report does not match criteria, skipping...
2025-02-11 12:09:08 INFO  CommonMethods:100 - Report does not match criteria, skipping...
2025-02-11 12:09:08 INFO  CommonMethods:100 - Report does not match criteria, skipping...
2025-02-11 12:09:09 INFO  CommonMethods:100 - Report does not match criteria, skipping...
2025-02-11 12:09:09 INFO  CommonMethods:100 - Report does not match criteria, skipping...
2025-02-11 12:09:09 INFO  CommonMethods:100 - Report does not match criteria, skipping...
2025-02-11 12:09:09 INFO  CommonMethods:100 - Report does not match criteria, skipping...
2025-02-11 12:09:09 INFO  CommonMethods:100 - Report does not match criteria, skipping...
2025-02-11 12:09:09 INFO  CommonMethods:100 - Report does not match criteria, skipping...
2025-02-11 12:09:09 INFO  CommonMethods:100 - Report does not match criteria, skipping...
2025-02-11 12:09:09 INFO  CommonMethods:100 - Report does not match criteria, skipping...
2025-02-11 12:09:09 INFO  CommonMethods:100 - Report does not match criteria, skipping...
2025-02-11 12:09:10 INFO  CommonMethods:100 - Report does not match criteria, skipping...
2025-02-11 12:09:10 INFO  CommonMethods:100 - Report does not match criteria, skipping...
2025-02-11 12:09:10 INFO  CommonMethods:100 - Report does not match criteria, skipping...
2025-02-11 12:09:10 INFO  CommonMethods:100 - Report does not match criteria, skipping...
2025-02-11 12:09:10 INFO  CommonMethods:100 - Report does not match criteria, skipping...
2025-02-11 12:09:11 INFO  CommonMethods:100 - Report does not match criteria, skipping...
2025-02-11 12:09:11 INFO  CommonMethods:100 - Report does not match criteria, skipping...
2025-02-11 12:09:11 INFO  CommonMethods:100 - Report does not match criteria, skipping...
2025-02-11 12:09:11 INFO  CommonMethods:100 - Report does not match criteria, skipping...
2025-02-11 12:09:11 INFO  CommonMethods:100 - Report does not match criteria, skipping...
2025-02-11 12:09:11 INFO  CommonMethods:100 - Report does not match criteria, skipping...
2025-02-11 12:09:11 INFO  CommonMethods:100 - Report does not match criteria, skipping...
2025-02-11 12:09:11 INFO  CommonMethods:100 - Report does not match criteria, skipping...
2025-02-11 12:09:11 INFO  CommonMethods:100 - Report does not match criteria, skipping...
2025-02-11 12:09:11 INFO  CommonMethods:100 - Report does not match criteria, skipping...
2025-02-11 12:09:12 INFO  CommonMethods:100 - Report does not match criteria, skipping...
2025-02-11 12:09:12 INFO  CommonMethods:100 - Report does not match criteria, skipping...
2025-02-11 12:09:13 INFO  CommonMethods:100 - Report does not match criteria, skipping...
2025-02-11 12:09:13 INFO  CommonMethods:100 - Report does not match criteria, skipping...
2025-02-11 12:09:13 INFO  CommonMethods:100 - Report does not match criteria, skipping...
2025-02-11 12:09:13 INFO  CommonMethods:100 - Report does not match criteria, skipping...
2025-02-11 12:09:13 INFO  CommonMethods:100 - Report does not match criteria, skipping...
2025-02-11 12:09:13 INFO  CommonMethods:95 - Matching status found, clicking the row: To be reviewed
2025-02-11 12:09:17 INFO  VerifyTheListReportPage:695 - user is drop down is available
2025-02-11 12:09:17 INFO  CommonMethods:526 - Click on the history option
2025-02-11 12:11:22 INFO  ScreenshotListeners:29 - 
================:  valid Login :====================

2025-02-11 12:11:28 INFO  LoginTest:50 - user Logged in successfully
2025-02-11 12:11:28 INFO  ScreenshotListeners:29 - 
================:  verify History Of First Time Assign Reviewer :====================

2025-02-11 12:11:28 INFO  CommonMethods:100 - Report does not match criteria, skipping...
2025-02-11 12:11:28 INFO  CommonMethods:100 - Report does not match criteria, skipping...
2025-02-11 12:11:29 INFO  CommonMethods:100 - Report does not match criteria, skipping...
2025-02-11 12:11:29 INFO  CommonMethods:100 - Report does not match criteria, skipping...
2025-02-11 12:11:29 INFO  CommonMethods:100 - Report does not match criteria, skipping...
2025-02-11 12:11:29 INFO  CommonMethods:100 - Report does not match criteria, skipping...
2025-02-11 12:11:29 INFO  CommonMethods:100 - Report does not match criteria, skipping...
2025-02-11 12:11:29 INFO  CommonMethods:100 - Report does not match criteria, skipping...
2025-02-11 12:11:29 INFO  CommonMethods:100 - Report does not match criteria, skipping...
2025-02-11 12:11:29 INFO  CommonMethods:100 - Report does not match criteria, skipping...
2025-02-11 12:11:29 INFO  CommonMethods:100 - Report does not match criteria, skipping...
2025-02-11 12:11:29 INFO  CommonMethods:100 - Report does not match criteria, skipping...
2025-02-11 12:11:29 INFO  CommonMethods:100 - Report does not match criteria, skipping...
2025-02-11 12:11:29 INFO  CommonMethods:100 - Report does not match criteria, skipping...
2025-02-11 12:11:29 INFO  CommonMethods:100 - Report does not match criteria, skipping...
2025-02-11 12:11:30 INFO  CommonMethods:100 - Report does not match criteria, skipping...
2025-02-11 12:11:30 INFO  CommonMethods:100 - Report does not match criteria, skipping...
2025-02-11 12:11:30 INFO  CommonMethods:100 - Report does not match criteria, skipping...
2025-02-11 12:11:30 INFO  CommonMethods:100 - Report does not match criteria, skipping...
2025-02-11 12:11:30 INFO  CommonMethods:100 - Report does not match criteria, skipping...
2025-02-11 12:11:36 INFO  CommonMethods:100 - Report does not match criteria, skipping...
2025-02-11 12:11:36 INFO  CommonMethods:100 - Report does not match criteria, skipping...
2025-02-11 12:11:36 INFO  CommonMethods:100 - Report does not match criteria, skipping...
2025-02-11 12:11:36 INFO  CommonMethods:100 - Report does not match criteria, skipping...
2025-02-11 12:11:37 INFO  CommonMethods:100 - Report does not match criteria, skipping...
2025-02-11 12:11:37 INFO  CommonMethods:100 - Report does not match criteria, skipping...
2025-02-11 12:11:37 INFO  CommonMethods:100 - Report does not match criteria, skipping...
2025-02-11 12:11:37 INFO  CommonMethods:100 - Report does not match criteria, skipping...
2025-02-11 12:11:37 INFO  CommonMethods:100 - Report does not match criteria, skipping...
2025-02-11 12:11:37 INFO  CommonMethods:100 - Report does not match criteria, skipping...
2025-02-11 12:11:37 INFO  CommonMethods:100 - Report does not match criteria, skipping...
2025-02-11 12:11:37 INFO  CommonMethods:100 - Report does not match criteria, skipping...
2025-02-11 12:11:37 INFO  CommonMethods:100 - Report does not match criteria, skipping...
2025-02-11 12:11:37 INFO  CommonMethods:100 - Report does not match criteria, skipping...
2025-02-11 12:11:37 INFO  CommonMethods:100 - Report does not match criteria, skipping...
2025-02-11 12:11:37 INFO  CommonMethods:100 - Report does not match criteria, skipping...
2025-02-11 12:11:37 INFO  CommonMethods:100 - Report does not match criteria, skipping...
2025-02-11 12:11:37 INFO  CommonMethods:100 - Report does not match criteria, skipping...
2025-02-11 12:11:37 INFO  CommonMethods:100 - Report does not match criteria, skipping...
2025-02-11 12:11:37 INFO  CommonMethods:100 - Report does not match criteria, skipping...
2025-02-11 12:11:38 INFO  CommonMethods:100 - Report does not match criteria, skipping...
2025-02-11 12:11:38 INFO  CommonMethods:100 - Report does not match criteria, skipping...
2025-02-11 12:11:38 INFO  CommonMethods:100 - Report does not match criteria, skipping...
2025-02-11 12:11:38 INFO  CommonMethods:100 - Report does not match criteria, skipping...
2025-02-11 12:11:38 INFO  CommonMethods:100 - Report does not match criteria, skipping...
2025-02-11 12:11:38 INFO  CommonMethods:100 - Report does not match criteria, skipping...
2025-02-11 12:11:38 INFO  CommonMethods:100 - Report does not match criteria, skipping...
2025-02-11 12:11:38 INFO  CommonMethods:100 - Report does not match criteria, skipping...
2025-02-11 12:11:38 INFO  CommonMethods:100 - Report does not match criteria, skipping...
2025-02-11 12:11:38 INFO  CommonMethods:100 - Report does not match criteria, skipping...
2025-02-11 12:11:38 INFO  CommonMethods:100 - Report does not match criteria, skipping...
2025-02-11 12:11:38 INFO  CommonMethods:100 - Report does not match criteria, skipping...
2025-02-11 12:11:38 INFO  CommonMethods:100 - Report does not match criteria, skipping...
2025-02-11 12:11:38 INFO  CommonMethods:100 - Report does not match criteria, skipping...
2025-02-11 12:11:39 INFO  CommonMethods:100 - Report does not match criteria, skipping...
2025-02-11 12:11:40 INFO  CommonMethods:100 - Report does not match criteria, skipping...
2025-02-11 12:11:40 INFO  CommonMethods:100 - Report does not match criteria, skipping...
2025-02-11 12:11:40 INFO  CommonMethods:100 - Report does not match criteria, skipping...
2025-02-11 12:11:40 INFO  CommonMethods:100 - Report does not match criteria, skipping...
2025-02-11 12:11:40 INFO  CommonMethods:100 - Report does not match criteria, skipping...
2025-02-11 12:11:40 INFO  CommonMethods:100 - Report does not match criteria, skipping...
2025-02-11 12:11:40 INFO  CommonMethods:100 - Report does not match criteria, skipping...
2025-02-11 12:11:40 INFO  CommonMethods:100 - Report does not match criteria, skipping...
2025-02-11 12:11:40 INFO  CommonMethods:100 - Report does not match criteria, skipping...
2025-02-11 12:11:40 INFO  CommonMethods:100 - Report does not match criteria, skipping...
2025-02-11 12:11:40 INFO  CommonMethods:100 - Report does not match criteria, skipping...
2025-02-11 12:11:40 INFO  CommonMethods:100 - Report does not match criteria, skipping...
2025-02-11 12:11:41 INFO  CommonMethods:100 - Report does not match criteria, skipping...
2025-02-11 12:11:41 INFO  CommonMethods:100 - Report does not match criteria, skipping...
2025-02-11 12:11:41 INFO  CommonMethods:100 - Report does not match criteria, skipping...
2025-02-11 12:11:41 INFO  CommonMethods:100 - Report does not match criteria, skipping...
2025-02-11 12:11:41 INFO  CommonMethods:100 - Report does not match criteria, skipping...
2025-02-11 12:11:42 INFO  CommonMethods:100 - Report does not match criteria, skipping...
2025-02-11 12:11:42 INFO  CommonMethods:100 - Report does not match criteria, skipping...
2025-02-11 12:11:42 INFO  CommonMethods:100 - Report does not match criteria, skipping...
2025-02-11 12:11:42 INFO  CommonMethods:100 - Report does not match criteria, skipping...
2025-02-11 12:11:42 INFO  CommonMethods:100 - Report does not match criteria, skipping...
2025-02-11 12:11:42 INFO  CommonMethods:100 - Report does not match criteria, skipping...
2025-02-11 12:11:42 INFO  CommonMethods:95 - Matching status found, clicking the row: To be reviewed
2025-02-11 12:11:46 INFO  VerifyTheListReportPage:695 - user is drop down is available
2025-02-11 12:11:47 INFO  CommonMethods:526 - Click on the history option
