2025-01-28 16:26:44 INFO  ScreenshotListeners:29 - 
================:  valid Login :====================

2025-01-28 16:26:50 INFO  LoginTest:49 - user Logged in successfully
2025-01-28 16:26:50 INFO  ScreenshotListeners:29 - 
================:  verify Sig Logo And P B S :====================

2025-01-28 16:26:50 INFO  VerifyTheListReportPage:46 - Sigtuple logo is Loaded .
2025-01-28 16:26:50 INFO  VerifyTheListReportPage:47 - PBS Text is loaded
2025-01-28 16:26:50 INFO  VerifyTheListReportPageTest:41 -  Sigtuple logo and PBS is Present on the page
2025-01-28 16:26:50 INFO  ScreenshotListeners:29 - 
================:  assign :====================

2025-01-28 16:27:30 INFO  ScreenshotListeners:29 - 
================:  verify Selction Of W B C Tab :====================

2025-01-28 16:27:35 INFO  CommonMethods:52 - clicked on tab successfully
2025-01-28 16:27:36 INFO  WBCParameters:41 - WBC
2025-01-28 16:27:36 INFO  WBCParametersTest:43 - WBC tab is present and selected
2025-01-28 16:27:36 INFO  ScreenshotListeners:29 - 
================:  Verify The Reclassification Of W B C To Large Platelet :====================

2025-01-28 16:27:41 INFO  CommonMethods:52 - clicked on tab successfully
2025-01-28 16:27:46 INFO  CommonMethods:52 - clicked on tab successfully
2025-01-28 16:27:46 INFO  WBCParameters:303 - Attempting classification for cell type: Large Platelets. Attempt: 1
2025-01-28 16:27:46 INFO  WBCParameters:260 - Hovered and right-clicked on the image.
2025-01-28 16:27:46 INFO  WBCParameters:265 - Clicked on 'Classify' option.
2025-01-28 16:27:47 INFO  WBCParameters:278 - Selected cell type directly: Large Platelets
2025-01-28 16:27:47 INFO  WBCParameters:283 - Classification completed: Large Platelets to Large Platelets
2025-01-28 16:27:47 INFO  WBCParameters:306 - Classification succeeded for cell type: Large Platelets
2025-01-28 16:27:47 INFO  WBCParameters:303 - Attempting classification for cell type: Platelet Clumps. Attempt: 1
2025-01-28 16:27:47 INFO  WBCParameters:260 - Hovered and right-clicked on the image.
2025-01-28 16:28:18 ERROR WBCParameters:287 - Error during classification for cell type: Platelet Clumps
2025-01-28 16:28:20 INFO  WBCParameters:303 - Attempting classification for cell type: Platelet Clumps. Attempt: 2
2025-01-28 16:28:20 INFO  WBCParameters:260 - Hovered and right-clicked on the image.
2025-01-28 16:28:20 INFO  WBCParameters:265 - Clicked on 'Classify' option.
2025-01-28 16:28:20 INFO  WBCParameters:278 - Selected cell type directly: Platelet Clumps
2025-01-28 16:28:20 INFO  WBCParameters:283 - Classification completed: Large Platelets to Platelet Clumps
2025-01-28 16:28:20 INFO  WBCParameters:306 - Classification succeeded for cell type: Platelet Clumps
2025-01-28 16:28:20 INFO  WBCParameters:428 - Reclassified with the same cell, count remains unchanged for: Large Platelets
2025-01-28 16:28:20 INFO  WBCParameters:303 - Attempting classification for cell type: Large Platelets. Attempt: 1
2025-01-28 16:28:21 INFO  WBCParameters:260 - Hovered and right-clicked on the image.
2025-01-28 16:28:21 INFO  WBCParameters:265 - Clicked on 'Classify' option.
2025-01-28 16:28:22 INFO  WBCParameters:278 - Selected cell type directly: Large Platelets
2025-01-28 16:28:22 INFO  WBCParameters:283 - Classification completed: Platelet Clumps to Large Platelets
2025-01-28 16:28:22 INFO  WBCParameters:306 - Classification succeeded for cell type: Large Platelets
2025-01-28 16:28:22 INFO  WBCParameters:303 - Attempting classification for cell type: Platelet Clumps. Attempt: 1
2025-01-28 16:28:22 INFO  WBCParameters:260 - Hovered and right-clicked on the image.
2025-01-28 16:28:52 ERROR WBCParameters:287 - Error during classification for cell type: Platelet Clumps
2025-01-28 16:28:54 INFO  WBCParameters:303 - Attempting classification for cell type: Platelet Clumps. Attempt: 2
2025-01-28 16:28:54 INFO  WBCParameters:260 - Hovered and right-clicked on the image.
2025-01-28 16:28:54 INFO  WBCParameters:265 - Clicked on 'Classify' option.
2025-01-28 16:28:54 INFO  WBCParameters:278 - Selected cell type directly: Platelet Clumps
2025-01-28 16:28:54 INFO  WBCParameters:283 - Classification completed: Platelet Clumps to Platelet Clumps
2025-01-28 16:28:54 INFO  WBCParameters:306 - Classification succeeded for cell type: Platelet Clumps
2025-01-28 16:28:54 INFO  WBCParameters:428 - Reclassified with the same cell, count remains unchanged for: Platelet Clumps
2025-01-28 16:28:54 INFO  WBCParametersTest:94 - after reclassification , count of neutrophils is verified for all the other cells
2025-01-28 16:28:54 INFO  ScreenshotListeners:29 - 
================:  presence Of Count Sub Tab In Platelet :====================

2025-01-28 16:29:00 INFO  CommonMethods:52 - clicked on tab successfully
2025-01-28 16:29:00 INFO  ReviewPatchesInPatchViewAndSplitView:49 - count sub tab is present on platelet 
2025-01-28 16:29:00 INFO  ReviewPatchesInPatchViewAndSplitViewTest:58 - Count tab is present on platelet 
2025-01-28 16:29:00 INFO  ScreenshotListeners:29 - 
================:  presence Of Morphology :====================

2025-01-28 16:29:01 INFO  ReviewPatchesInPatchViewAndSplitViewTest:65 - Morphology tab is present on platelet main tab
2025-01-28 16:29:01 INFO  ScreenshotListeners:29 - 
================:  selection Of Fovs :====================

2025-01-28 16:29:07 INFO  ReviewPatchesInPatchViewAndSplitView:81 - FOV navigation is correct for FOV 1: FOV 1 / 10
2025-01-28 16:29:10 INFO  ReviewPatchesInPatchViewAndSplitView:81 - FOV navigation is correct for FOV 2: FOV 2 / 10
2025-01-28 16:29:13 INFO  ReviewPatchesInPatchViewAndSplitView:81 - FOV navigation is correct for FOV 3: FOV 3 / 10
2025-01-28 16:29:17 INFO  ReviewPatchesInPatchViewAndSplitView:81 - FOV navigation is correct for FOV 4: FOV 4 / 10
2025-01-28 16:29:20 INFO  ReviewPatchesInPatchViewAndSplitView:81 - FOV navigation is correct for FOV 5: FOV 5 / 10
2025-01-28 16:29:23 INFO  ReviewPatchesInPatchViewAndSplitView:81 - FOV navigation is correct for FOV 6: FOV 6 / 10
2025-01-28 16:29:26 INFO  ReviewPatchesInPatchViewAndSplitView:81 - FOV navigation is correct for FOV 7: FOV 7 / 10
2025-01-28 16:29:29 INFO  ReviewPatchesInPatchViewAndSplitView:81 - FOV navigation is correct for FOV 8: FOV 8 / 10
2025-01-28 16:29:33 INFO  ReviewPatchesInPatchViewAndSplitView:81 - FOV navigation is correct for FOV 9: FOV 9 / 10
2025-01-28 16:29:36 INFO  ReviewPatchesInPatchViewAndSplitView:81 - FOV navigation is correct for FOV 10: FOV 10 / 10
2025-01-28 16:29:36 INFO  ReviewPatchesInPatchViewAndSplitViewTest:72 - Selection of any fovs are verified on platelet count tab
2025-01-28 16:29:36 INFO  ScreenshotListeners:29 - 
================:  edit The N M G Value :====================

2025-01-28 16:42:50 INFO  ReviewPatchesInPatchViewAndSplitViewTest:80 - user is able to change the n m g value on platelet tab
2025-01-28 16:42:50 INFO  ScreenshotListeners:29 - 
================:  test Default Selection Of Split View :====================

2025-01-28 16:43:14 INFO  ReviewPatchesInPatchViewAndSplitView:140 - Split View is selected by default.
2025-01-28 16:43:38 INFO  ReviewPatchesInPatchViewAndSplitView:152 - Patch View is disabled.
2025-01-28 16:43:38 INFO  ReviewPatchesInPatchViewAndSplitViewTest:87 - Verify The Default selection of split view in the platelet count
2025-01-28 16:43:38 INFO  ScreenshotListeners:29 - 
================:  Verify Radio Btn Manual Level Platelet Count :====================

2025-01-28 16:44:51 INFO  ReviewPatchesInPatchViewAndSplitView:184 - Platelet Count Level field is enabled after selecting Manual Level.
2025-01-28 16:44:51 INFO  ReviewPatchesInPatchViewAndSplitViewTest:95 - Verify the selection of the manual platelet level radio button
2025-01-28 16:44:51 INFO  ScreenshotListeners:29 - 
================:  Verify The Warning Message When Platelet Count Detected :====================

2025-01-28 16:44:56 INFO  CommonMethods:655 - Morphology Sub Tab is selected
2025-01-28 16:45:01 INFO  CommonMethods:655 - Count Sub Tab is selected
2025-01-28 16:45:01 INFO  ReviewPatchesInPatchViewAndSplitView:243 - Message is Displayed: Platelet clumps are detected. Platelet count might be underestimated.
2025-01-28 16:45:01 INFO  ReviewPatchesInPatchViewAndSplitViewTest:109 - Verify the message below the FOV is as per Figma
