2025-02-07 14:56:14 INFO  ScreenshotListeners:29 - 
================:  valid Login :====================

2025-02-07 14:56:20 INFO  LoginTest:49 - user Logged in successfully
2025-02-07 14:56:20 INFO  ScreenshotListeners:29 - 
================:  assign :====================

2025-02-07 14:58:00 INFO  ScreenshotListeners:29 - 
================:  verify The Contents Of Reject Btn Popup In Summary :====================

2025-02-07 14:58:00 INFO  verifyReportSignoff:709 - Clicked on the Reject Report button
2025-02-07 14:58:00 INFO  verifyReportSignoff:713 - Pop-up content retrieved: 
Are you sure you want to reject this report?
No changes can be made once report is rejected!
Cancel
Reject report
2025-02-07 14:58:01 INFO  verifyReportSignoff:725 - Verify the content of the pop up
2025-02-07 14:58:01 INFO  verifyReportSignoffTest:1311 - All the Contents are available in Reject report Pop-Up
2025-02-07 14:58:01 INFO  ScreenshotListeners:29 - 
================:  verify The Contents Of Reject Btn Popup In W B C :====================

2025-02-07 14:58:01 INFO  CommonMethods:444 - WBC tab is selected
2025-02-07 14:58:02 INFO  verifyReportSignoff:709 - Clicked on the Reject Report button
2025-02-07 14:58:02 INFO  verifyReportSignoff:713 - Pop-up content retrieved: 
Are you sure you want to reject this report?
No changes can be made once report is rejected!
Cancel
Reject report
2025-02-07 14:58:02 INFO  verifyReportSignoff:725 - Verify the content of the pop up
2025-02-07 14:58:02 INFO  verifyReportSignoffTest:1317 - All the Contents are available in Reject report Pop-Up
2025-02-07 14:58:02 INFO  ScreenshotListeners:29 - 
================:  verify The Contents Of Reject Btn Popup In R B C Size :====================

2025-02-07 14:58:02 INFO  CommonMethods:444 - RBC tab is selected
2025-02-07 14:58:03 INFO  verifyReportSignoff:709 - Clicked on the Reject Report button
2025-02-07 14:58:03 INFO  verifyReportSignoff:713 - Pop-up content retrieved: 
Are you sure you want to reject this report?
No changes can be made once report is rejected!
Cancel
Reject report
2025-02-07 14:58:03 INFO  verifyReportSignoff:725 - Verify the content of the pop up
2025-02-07 14:58:03 INFO  verifyReportSignoffTest:1324 - All the Contents are available in Reject report Pop-Up
2025-02-07 14:58:03 INFO  ScreenshotListeners:29 - 
================:  verify The Contents Of Reject Btn Popup In R B C Shape :====================

2025-02-07 14:58:04 INFO  CommonMethods:721 - Shape Sub Tab is selected
2025-02-07 14:58:04 INFO  verifyReportSignoff:709 - Clicked on the Reject Report button
2025-02-07 14:58:04 INFO  verifyReportSignoff:713 - Pop-up content retrieved: 
Are you sure you want to reject this report?
No changes can be made once report is rejected!
Cancel
Reject report
2025-02-07 14:58:04 INFO  verifyReportSignoff:725 - Verify the content of the pop up
2025-02-07 14:58:04 INFO  verifyReportSignoffTest:1343 - All the Contents are available in Reject report Pop-Up
2025-02-07 14:58:04 INFO  ScreenshotListeners:29 - 
================:  verify The Contents Of Reject Btn Popup In R B C Color :====================

2025-02-07 14:58:05 INFO  CommonMethods:721 - Color Sub Tab is selected
2025-02-07 14:58:05 INFO  verifyReportSignoff:709 - Clicked on the Reject Report button
2025-02-07 14:58:05 INFO  verifyReportSignoff:713 - Pop-up content retrieved: 
Are you sure you want to reject this report?
No changes can be made once report is rejected!
Cancel
Reject report
2025-02-07 14:58:05 INFO  verifyReportSignoff:725 - Verify the content of the pop up
2025-02-07 14:58:05 INFO  verifyReportSignoffTest:1362 - All the Contents are available in Reject report Pop-Up
2025-02-07 14:58:05 INFO  ScreenshotListeners:29 - 
================:  verify The Contents Of Reject Btn Popup In R B C Inclusions :====================

2025-02-07 14:58:05 INFO  CommonMethods:721 - Inclusions Sub Tab is selected
2025-02-07 14:58:05 INFO  verifyReportSignoff:709 - Clicked on the Reject Report button
2025-02-07 14:58:05 INFO  verifyReportSignoff:713 - Pop-up content retrieved: 
Are you sure you want to reject this report?
No changes can be made once report is rejected!
Cancel
Reject report
2025-02-07 14:58:06 INFO  verifyReportSignoff:725 - Verify the content of the pop up
2025-02-07 14:58:06 INFO  verifyReportSignoffTest:1382 - All the Contents are available in Reject report Pop-Up
2025-02-07 14:58:06 INFO  ScreenshotListeners:29 - 
================:  verify The Contents Of Reject Btn Popup In Platelets Count In Split :====================

2025-02-07 14:58:06 INFO  CommonMethods:444 - Platelets tab is selected
2025-02-07 14:58:06 INFO  verifyReportSignoff:709 - Clicked on the Reject Report button
2025-02-07 14:58:07 INFO  verifyReportSignoff:713 - Pop-up content retrieved: 
Are you sure you want to reject this report?
No changes can be made once report is rejected!
Cancel
Reject report
2025-02-07 14:58:07 INFO  verifyReportSignoff:725 - Verify the content of the pop up
2025-02-07 14:58:07 INFO  verifyReportSignoffTest:1396 - All the Contents are available in Reject report Pop-Up
2025-02-07 14:58:07 INFO  ScreenshotListeners:29 - 
================:  verify The Contents Of Reject Btn Popup In Platelets Morphology :====================

2025-02-07 14:58:08 INFO  CommonMethods:721 - Morphology Sub Tab is selected
2025-02-07 14:58:09 INFO  verifyReportSignoff:709 - Clicked on the Reject Report button
2025-02-07 14:58:09 INFO  verifyReportSignoff:713 - Pop-up content retrieved: 
Are you sure you want to reject this report?
No changes can be made once report is rejected!
Cancel
Reject report
2025-02-07 14:58:09 INFO  verifyReportSignoff:725 - Verify the content of the pop up
2025-02-07 14:58:09 INFO  verifyReportSignoffTest:1410 - All the Contents are available in Reject report Pop-Up
2025-02-07 14:58:09 INFO  ScreenshotListeners:29 - 
================:  verify The Reject From Report Preview Page :====================

2025-02-07 14:58:09 INFO  verifyReportSignoff:744 - Clicked on the Reject Report button
2025-02-07 14:58:09 INFO  verifyReportSignoff:749 - Pop-up content retrieved: 
Are you sure you want to reject this report?
No changes can be made once report is rejected!
Cancel
Reject report
2025-02-07 14:58:09 INFO  verifyReportSignoff:759 - Popup content matches the expected content.
2025-02-07 14:58:09 INFO  verifyReportSignoff:767 - Reject and Cancel buttons are displayed in the popup.
2025-02-07 14:58:09 INFO  verifyReportSignoff:769 - Clicked on Reject Report button in the popup.
2025-02-07 14:58:10 INFO  verifyReportSignoff:778 - Report rejected successfully with status: Rejected By:manju
2025-02-07 14:58:11 INFO  CommonMethods:468 - Back button is selected
2025-02-07 14:58:23 INFO  verifyReportSignoff:797 - The report with Slide ID 1JHGFD09 is Rejected.
2025-02-07 14:58:23 INFO  verifyReportSignoffTest:1431 - Report Reject Successfully
