2025-01-28 11:54:42 INFO  ScreenshotListeners:29 - 
================:  valid Login :====================

2025-01-28 11:54:48 INFO  LoginTest:49 - user Logged in successfully
2025-01-28 11:54:48 INFO  ScreenshotListeners:29 - 
================:  verify Sig Logo And P B S :====================

2025-01-28 11:54:48 INFO  VerifyTheListReportPage:46 - Sigtuple logo is Loaded .
2025-01-28 11:54:48 INFO  VerifyTheListReportPage:47 - PBS Text is loaded
2025-01-28 11:54:48 INFO  VerifyTheListReportPageTest:41 -  Sigtuple logo and PBS is Present on the page
2025-01-28 11:54:48 INFO  ScreenshotListeners:29 - 
================:  assign :====================

2025-01-28 11:54:57 INFO  VerifyTheListReportPage:670 - user is drop down is available
2025-01-28 11:54:57 INFO  SummaryTest:39 - Assign the report
2025-01-28 11:54:57 INFO  ScreenshotListeners:29 - 
================:  verify Selction Of W B C Tab :====================

2025-01-28 11:55:03 INFO  CommonMethods:52 - clicked on tab successfully
2025-01-28 11:55:03 INFO  WBCParameters:41 - WBC
2025-01-28 11:55:03 INFO  WBCParametersTest:43 - WBC tab is present and selected
2025-01-28 11:55:03 INFO  ScreenshotListeners:29 - 
================:  presence Of Count Sub Tab In Platelet :====================

2025-01-28 11:55:08 INFO  CommonMethods:52 - clicked on tab successfully
2025-01-28 11:55:08 INFO  ReviewPatchesInPatchViewAndSplitView:49 - count sub tab is present on platelet 
2025-01-28 11:55:08 INFO  ReviewPatchesInPatchViewAndSplitViewTest:58 - Count tab is present on platelet 
2025-01-28 11:55:08 INFO  ScreenshotListeners:29 - 
================:  presence Of Morphology :====================

2025-01-28 11:55:09 INFO  ReviewPatchesInPatchViewAndSplitViewTest:65 - Morphology tab is present on platelet main tab
2025-01-28 11:55:09 INFO  ScreenshotListeners:29 - 
================:  selection Of Fovs :====================

2025-01-28 11:55:15 INFO  ReviewPatchesInPatchViewAndSplitView:81 - FOV navigation is correct for FOV 1: FOV 1 / 10
2025-01-28 11:55:18 INFO  ReviewPatchesInPatchViewAndSplitView:81 - FOV navigation is correct for FOV 2: FOV 2 / 10
2025-01-28 11:55:22 INFO  ReviewPatchesInPatchViewAndSplitView:81 - FOV navigation is correct for FOV 3: FOV 3 / 10
2025-01-28 11:55:30 INFO  ReviewPatchesInPatchViewAndSplitView:81 - FOV navigation is correct for FOV 4: FOV 4 / 10
2025-01-28 11:55:38 INFO  ReviewPatchesInPatchViewAndSplitView:81 - FOV navigation is correct for FOV 5: FOV 5 / 10
2025-01-28 11:55:46 INFO  ReviewPatchesInPatchViewAndSplitView:81 - FOV navigation is correct for FOV 6: FOV 6 / 10
2025-01-28 11:55:54 INFO  ReviewPatchesInPatchViewAndSplitView:81 - FOV navigation is correct for FOV 7: FOV 7 / 10
2025-01-28 11:56:02 INFO  ReviewPatchesInPatchViewAndSplitView:81 - FOV navigation is correct for FOV 8: FOV 8 / 10
2025-01-28 11:56:10 INFO  ReviewPatchesInPatchViewAndSplitView:81 - FOV navigation is correct for FOV 9: FOV 9 / 10
2025-01-28 11:56:18 INFO  ReviewPatchesInPatchViewAndSplitView:81 - FOV navigation is correct for FOV 10: FOV 10 / 10
2025-01-28 11:56:18 INFO  ReviewPatchesInPatchViewAndSplitViewTest:72 - Selection of any fovs are verified on platelet count tab
2025-01-28 11:56:18 INFO  ScreenshotListeners:29 - 
================:  edit The N M G Value :====================

2025-01-28 12:13:28 INFO  ReviewPatchesInPatchViewAndSplitViewTest:80 - user is able to change the n m g value on platelet tab
2025-01-28 12:13:28 INFO  ScreenshotListeners:29 - 
================:  test Default Selection Of Split View :====================

2025-01-28 12:13:28 INFO  ReviewPatchesInPatchViewAndSplitView:140 - Split View is selected by default.
2025-01-28 12:13:28 INFO  ReviewPatchesInPatchViewAndSplitView:152 - Patch View is disabled.
2025-01-28 12:13:28 INFO  ReviewPatchesInPatchViewAndSplitViewTest:87 - Verify The Default selection of split view in the platelet count
2025-01-28 12:13:28 INFO  ScreenshotListeners:29 - 
================:  Verify Radio Btn Manual Level Platelet Count :====================

2025-01-28 12:15:10 INFO  ReviewPatchesInPatchViewAndSplitView:184 - Platelet Count Level field is enabled after selecting Manual Level.
2025-01-28 12:15:10 INFO  ReviewPatchesInPatchViewAndSplitViewTest:95 - Verify the selection of the manual platelet level radio button
