2025-01-28 10:25:23 INFO  ScreenshotListeners:29 - 
================:  valid Login :====================

2025-01-28 10:25:29 INFO  LoginTest:49 - user Logged in successfully
2025-01-28 10:25:29 INFO  ScreenshotListeners:29 - 
================:  verify Sig Logo And P B S :====================

2025-01-28 10:25:29 INFO  VerifyTheListReportPage:46 - Sigtuple logo is Loaded .
2025-01-28 10:25:29 INFO  VerifyTheListReportPage:47 - PBS Text is loaded
2025-01-28 10:25:29 INFO  VerifyTheListReportPageTest:41 -  Sigtuple logo and PBS is Present on the page
2025-01-28 10:25:29 INFO  ScreenshotListeners:29 - 
================:  assign :====================

2025-01-28 10:25:43 INFO  ScreenshotListeners:29 - 
================:  verify Selction Of W B C Tab :====================

2025-01-28 10:25:49 INFO  CommonMethods:52 - clicked on tab successfully
2025-01-28 10:25:49 INFO  WBCParameters:41 - WBC
2025-01-28 10:25:49 INFO  WBCParametersTest:43 - WBC tab is present and selected
2025-01-28 10:25:49 INFO  ScreenshotListeners:29 - 
================:  presence Of Count Sub Tab In Platelet :====================

2025-01-28 10:25:54 INFO  CommonMethods:52 - clicked on tab successfully
2025-01-28 10:25:54 INFO  ReviewPatchesInPatchViewAndSplitView:49 - count sub tab is present on platelet 
2025-01-28 10:25:54 INFO  ReviewPatchesInPatchViewAndSplitViewTest:58 - Count tab is present on platelet 
2025-01-28 10:25:54 INFO  ScreenshotListeners:29 - 
================:  presence Of Morphology :====================

2025-01-28 10:25:54 INFO  ReviewPatchesInPatchViewAndSplitViewTest:65 - Morphology tab is present on platelet main tab
2025-01-28 10:25:54 INFO  ScreenshotListeners:29 - 
================:  selection Of Fovs :====================

2025-01-28 10:26:00 ERROR ReviewPatchesInPatchViewAndSplitView:93 - Mismatch in FOV navigation for FOV 3. Expected: FOV 1 / 10, but found: FOV 2
2025-01-28 10:26:00 INFO  ReviewPatchesInPatchViewAndSplitViewTest:72 - Selection of any fovs are verified on platelet count tab
2025-01-28 10:26:00 INFO  ScreenshotListeners:29 - 
================:  edit The N M G Value :====================

2025-01-28 10:26:04 ERROR BrowserSetUp:185 - editTheNMGValue -> FAILED due to below issues :
org.openqa.selenium.WebDriverException: unknown error: Element <input disabled="" class="fov-edit-input" value="11"> is not clickable at point (498, 164). Other element would receive the click: <li tabindex="-1" role="option" id="assigned_to-option-11" data-option-index="11" aria-disabled="false" aria-selected="false" class="MuiAutocomplete-option">...</li>
  (Session info: chrome=131.0.6778.265)
  (Driver info: chromedriver=2.43.600229 (3fae4d0cda5334b4f533bede5a4787f7b832d052),platform=Mac OS X 10.16.0 x86_64) (WARNING: The server did not provide any stacktrace information)
Command duration or timeout: 0 milliseconds
Build info: version: '3.141.59', revision: 'e82be7d358', time: '2018-11-14T08:17:03'
System info: host: 'Macbook-Pro', ip: 'fe80:0:0:0:10ec:7e4c:24d5:5f4d%en0', os.name: 'Mac OS X', os.arch: 'x86_64', os.version: '13.7.2', java.version: '11.0.23'
Driver info: org.openqa.selenium.chrome.ChromeDriver
Capabilities {acceptInsecureCerts: true, acceptSslCerts: true, applicationCacheEnabled: false, browserConnectionEnabled: false, browserName: chrome, chrome: {chromedriverVersion: 2.43.600229 (3fae4d0cda5334..., userDataDir: /var/folders/bq/rhslv0zs6hl...}, cssSelectorsEnabled: true, databaseEnabled: false, goog:chromeOptions: {debuggerAddress: localhost:63137}, handlesAlerts: true, hasTouchScreen: false, javascriptEnabled: true, locationContextEnabled: true, mobileEmulationEnabled: false, nativeEvents: true, networkConnectionEnabled: false, pageLoadStrategy: normal, platform: MAC, platformName: MAC, rotatable: false, setWindowRect: true, takesHeapSnapshot: true, takesScreenshot: true, unexpectedAlertBehaviour: , unhandledPromptBehavior: , version: 131.0.6778.265, webStorageEnabled: true}
Session ID: 45ac01b7b36dde06a172baad05ec73bb

2025-01-28 10:26:05 INFO  BrowserSetUp:195 - Screenshot for this failed method : Screenshot/editTheNMGValue.png
2025-01-28 10:26:05 INFO  ScreenshotListeners:29 - 
================:  test Default Selection Of Split View :====================

2025-01-28 10:26:05 INFO  ReviewPatchesInPatchViewAndSplitView:151 - Split View is selected by default.
2025-01-28 10:26:05 INFO  ReviewPatchesInPatchViewAndSplitView:163 - Patch View is disabled.
2025-01-28 10:26:05 INFO  ReviewPatchesInPatchViewAndSplitViewTest:87 - Verify The Default selection of split view in the platelet count
2025-01-28 10:26:05 INFO  ScreenshotListeners:29 - 
================:  Verify Radio Btn Manual Level Platelet Count :====================

2025-01-28 10:26:05 INFO  ReviewPatchesInPatchViewAndSplitView:195 - Platelet Count Level field is enabled after selecting Manual Level.
2025-01-28 10:26:05 INFO  ReviewPatchesInPatchViewAndSplitViewTest:95 - Verify the selection of the manual platelet level radio button
