2025-02-05 12:47:05 INFO  ScreenshotListeners:29 - 
================:  valid Login :====================

2025-02-05 12:47:11 INFO  LoginTest:49 - user Logged in successfully
2025-02-05 12:47:11 INFO  ScreenshotListeners:29 - 
================:  verify Sig Logo And P B S :====================

2025-02-05 12:47:11 INFO  VerifyTheListReportPage:48 - Sigtuple logo is Loaded .
2025-02-05 12:47:11 INFO  VerifyTheListReportPage:49 - PBS Text is loaded
2025-02-05 12:47:11 INFO  VerifyTheListReportPageTest:41 -  Sigtuple logo and PBS is Present on the page
2025-02-05 12:47:11 INFO  ScreenshotListeners:29 - 
================:  verify The Kebab Menu Icon :====================

2025-02-05 12:47:11 INFO  VerifyTheListReportPage:60 - Kebab menu icon is loaded
2025-02-05 12:47:11 INFO  VerifyTheListReportPageTest:48 - Kebab menu is Displayed on the app 
2025-02-05 12:47:11 INFO  ScreenshotListeners:29 - 
================:  verifythe Search And Filter And Checkbox :====================

2025-02-05 12:47:12 INFO  VerifyTheListReportPage:73 - Search  Field  is displayed
2025-02-05 12:47:12 INFO  VerifyTheListReportPage:74 - Filter button is displayed
2025-02-05 12:47:12 INFO  VerifyTheListReportPage:75 - clear filter is displayed
2025-02-05 12:47:12 INFO  VerifyTheListReportPageTest:55 -  Search textbox and Filter is Present on the page
2025-02-05 12:47:12 INFO  ScreenshotListeners:29 - 
================:  verify The Functionality Of The My Report Check Box :====================

2025-02-05 12:47:12 INFO  VerifyTheListReportPage:85 - My report check box is displayed
2025-02-05 12:47:12 INFO  VerifyTheListReportPage:86 - My report check box is Active
2025-02-05 12:47:12 INFO  VerifyTheListReportPageTest:62 - My report Check box  is Present on the page
2025-02-05 12:47:12 INFO  ScreenshotListeners:29 - 
================:  verifyfunctionalityofmyreportcheckbox :====================

2025-02-05 12:47:17 INFO  VerifyTheListReportPage:489 -  My Report is enable
2025-02-05 12:47:19 INFO  VerifyTheListReportPageTest:68 -  Verify the functionality of the my report check box
2025-02-05 12:47:19 INFO  ScreenshotListeners:29 - 
================:  verity Header :====================

2025-02-05 12:47:20 INFO  VerifyTheListReportPage:99 -  Report List header is Displayed
2025-02-05 12:47:20 INFO  VerifyTheListReportPageTest:77 - Header of the Report listing is displayed and verified
2025-02-05 12:47:20 INFO  ScreenshotListeners:29 - 
================:  verify The Functionality Of Search Field :====================

2025-02-05 12:47:31 INFO  VerifyTheListReportPage:120 - Matching the sample Slide Id is displayed
2025-02-05 12:47:31 INFO  VerifyTheListReportPage:120 - Matching the sample Slide Id is displayed
2025-02-05 12:47:31 INFO  VerifyTheListReportPage:120 - Matching the sample Slide Id is displayed
2025-02-05 12:47:31 INFO  VerifyTheListReportPage:120 - Matching the sample Slide Id is displayed
2025-02-05 12:47:31 INFO  VerifyTheListReportPage:120 - Matching the sample Slide Id is displayed
2025-02-05 12:47:31 INFO  VerifyTheListReportPage:120 - Matching the sample Slide Id is displayed
2025-02-05 12:47:31 INFO  VerifyTheListReportPage:120 - Matching the sample Slide Id is displayed
2025-02-05 12:47:31 INFO  VerifyTheListReportPage:120 - Matching the sample Slide Id is displayed
2025-02-05 12:47:31 INFO  VerifyTheListReportPage:120 - Matching the sample Slide Id is displayed
2025-02-05 12:47:31 INFO  VerifyTheListReportPage:120 - Matching the sample Slide Id is displayed
2025-02-05 12:47:31 INFO  VerifyTheListReportPage:120 - Matching the sample Slide Id is displayed
2025-02-05 12:47:31 INFO  VerifyTheListReportPage:120 - Matching the sample Slide Id is displayed
2025-02-05 12:47:31 INFO  VerifyTheListReportPage:120 - Matching the sample Slide Id is displayed
2025-02-05 12:47:31 INFO  VerifyTheListReportPage:120 - Matching the sample Slide Id is displayed
2025-02-05 12:47:31 INFO  VerifyTheListReportPage:120 - Matching the sample Slide Id is displayed
2025-02-05 12:47:31 INFO  VerifyTheListReportPage:120 - Matching the sample Slide Id is displayed
2025-02-05 12:47:31 INFO  VerifyTheListReportPage:120 - Matching the sample Slide Id is displayed
2025-02-05 12:47:31 INFO  VerifyTheListReportPage:120 - Matching the sample Slide Id is displayed
2025-02-05 12:47:31 INFO  VerifyTheListReportPage:120 - Matching the sample Slide Id is displayed
2025-02-05 12:47:31 INFO  VerifyTheListReportPage:120 - Matching the sample Slide Id is displayed
2025-02-05 12:47:41 INFO  VerifyTheListReportPageTest:85 - Functionality of search text field is working fine
2025-02-05 12:47:41 INFO  ScreenshotListeners:29 - 
================:  verify The Functionality Of Filter Icon :====================

2025-02-05 12:47:41 INFO  VerifyTheListReportPage:144 - Filter icon is present and enabled
2025-02-05 12:47:41 INFO  VerifyTheListReportPageTest:93 - Functionality of Filter icon is working Fine
2025-02-05 12:47:41 INFO  ScreenshotListeners:29 - 
================:  verify The Same Slide Idon Additional Info :====================

2025-02-05 12:47:47 INFO  VerifyTheListReportPage:468 - Additional info icon loaded successfully
2025-02-05 12:47:47 INFO  VerifyTheListReportPageTest:101 - Functionality Additional info icon is enable and same slide id is Displyed
2025-02-05 12:47:47 INFO  ScreenshotListeners:29 - 
================:  verify The Applyt Button :====================

2025-02-05 12:47:59 INFO  VerifyTheListReportPage:269 - Report within selected range found: 2025-02-05
2025-02-05 12:47:59 INFO  VerifyTheListReportPage:278 - Clear Filter is enabled and clicked.
2025-02-05 12:47:59 INFO  VerifyTheListReportPageTest:122 - Verify the functionality of the apply Button
2025-02-05 12:47:59 INFO  ScreenshotListeners:29 - 
================:  verify The Reset Button :====================

2025-02-05 12:48:08 INFO  VerifyTheListReportPage:210 - scane date text field is enable
2025-02-05 12:48:13 INFO  VerifyTheListReportPageTest:115 - Verify the functionality of the Rest Button
2025-02-05 12:48:13 INFO  ScreenshotListeners:29 - 
================:  verify The Clear Filter Button :====================

2025-02-05 12:48:19 ERROR BrowserSetUp:185 - verifyTheClearFilterButton -> FAILED due to below issues :
java.time.format.DateTimeParseException: Text '5-2-2025' could not be parsed at index 0

2025-02-05 12:48:20 INFO  BrowserSetUp:195 - Screenshot for this failed method : Screenshot/verifyTheClearFilterButton.png
2025-02-05 12:48:20 INFO  ScreenshotListeners:29 - 
================:  verify The Filter Close Button :====================

2025-02-05 12:48:30 INFO  VerifyTheListReportPage:518 -  Filter Options close button is displayed
2025-02-05 12:48:32 INFO  VerifyTheListReportPageTest:135 - Verify the functionality of the Close Button
2025-02-05 12:48:32 INFO  ScreenshotListeners:29 - 
================:  verify The Presence Of Filter Option :====================

2025-02-05 12:48:37 INFO  VerifyTheListReportPage:167 -  Filter Option are Loaded
2025-02-05 12:48:49 INFO  VerifyTheListReportPageTest:108 - Verify the Filter Options
2025-02-05 12:48:49 INFO  ScreenshotListeners:29 - 
================:  verify The Functionality Of Bookmark Button :====================

2025-02-05 12:48:55 INFO  VerifyTheListReportPage:548 - Bookmark is displayed
2025-02-05 12:48:55 INFO  VerifyTheListReportPageTest:142 - Verify the functionality of the Bookmark Button
2025-02-05 12:48:55 INFO  ScreenshotListeners:29 - 
================:  verify The Functionality Of Bookmark Textfield :====================

2025-02-05 12:48:57 INFO  VerifyTheListReportPage:562 - Bookmark is already filled. Removing bookmark.
2025-02-05 12:49:36 INFO  VerifyTheListReportPage:581 - Comment Textfield is enable
2025-02-05 12:49:36 INFO  VerifyTheListReportPageTest:149 - Verify the functionality of the Bookmark textfield 
2025-02-05 12:49:36 INFO  ScreenshotListeners:29 - 
================:  verify The Reassign Reviewer :====================

2025-02-05 12:49:50 INFO  VerifyTheListReportPage:702 - user is drop down is available
2025-02-05 12:49:55 INFO  VerifyTheListReportPageTest:163 - Functionality of assign is working 
2025-02-05 12:49:55 INFO  ScreenshotListeners:29 - 
================:  assign :====================

2025-02-05 12:50:20 INFO  VerifyTheListReportPage:681 - user is drop down is available
2025-02-05 12:50:20 INFO  SummaryTest:39 - Assign the report
2025-02-05 12:50:20 INFO  ScreenshotListeners:29 - 
================:  ps Impression :====================

2025-02-05 12:50:46 INFO  SummaryTest:65 - Verify The PS impression text field
2025-02-05 12:50:46 INFO  ScreenshotListeners:29 - 
================:  verify Ps Impression Subheader :====================

2025-02-05 12:50:46 INFO  SummaryTest:71 - Verify The PS impression Sub headers
2025-02-05 12:50:46 INFO  ScreenshotListeners:29 - 
================:  verify Ps Impression Header :====================

2025-02-05 12:50:46 INFO  ScreenshotListeners:29 - 
================:  manual Radio Btn Test :====================

2025-02-05 12:50:52 INFO  Summary:144 - Manual Radio button is visible
2025-02-05 12:50:52 INFO  SummaryTest:82 - Verify The functionality of radio button
2025-02-05 12:50:52 INFO  ScreenshotListeners:29 - 
================:  calculated Radio Btn Test :====================

2025-02-05 12:51:02 INFO  Summary:158 -  Calculated Radio button is enable
2025-02-05 12:51:02 INFO  SummaryTest:88 - Verify The functionality of radio button
2025-02-05 12:51:02 INFO  ScreenshotListeners:29 - 
================:  Verify The Presence Of Manual Txt Field Value :====================

2025-02-05 12:51:09 INFO  Summary:180 - Value Match at Index 0: Manual = 58.4, Calculated = 58.4
2025-02-05 12:51:09 INFO  Summary:180 - Value Match at Index 1: Manual = 25.7, Calculated = 25.7
2025-02-05 12:51:09 INFO  Summary:180 - Value Match at Index 2: Manual = 10.9, Calculated = 10.9
2025-02-05 12:51:09 INFO  Summary:180 - Value Match at Index 3: Manual = 4.0, Calculated = 4.0
2025-02-05 12:51:09 INFO  Summary:180 - Value Match at Index 4: Manual = 0.0, Calculated = 0.0
2025-02-05 12:51:09 INFO  Summary:180 - Value Match at Index 5: Manual = 0.0, Calculated = 0.0
2025-02-05 12:51:09 INFO  Summary:180 - Value Match at Index 6: Manual = 1.0, Calculated = 1.0
2025-02-05 12:51:09 INFO  Summary:180 - Value Match at Index 7: Manual = 0.0, Calculated = 0.0
2025-02-05 12:51:09 INFO  Summary:180 - Value Match at Index 8: Manual = 0.0, Calculated = 0.0
2025-02-05 12:51:09 INFO  Summary:180 - Value Match at Index 9: Manual = 0.0, Calculated = 0.0
2025-02-05 12:51:09 INFO  Summary:180 - Value Match at Index 10: Manual = 0.0, Calculated = 0.0
2025-02-05 12:51:09 INFO  Summary:180 - Value Match at Index 11: Manual = 0.0, Calculated = 0.0
2025-02-05 12:51:09 INFO  Summary:180 - Value Match at Index 12: Manual = 0.0, Calculated = 0.0
2025-02-05 12:51:09 INFO  Summary:180 - Value Match at Index 13: Manual = 0.0, Calculated = 0.0
2025-02-05 12:51:09 INFO  Summary:180 - Value Match at Index 14: Manual = 0.0, Calculated = 0.0
2025-02-05 12:51:09 INFO  Summary:180 - Value Match at Index 15: Manual = 2.0, Calculated = 2.0
2025-02-05 12:51:09 INFO  Summary:180 - Value Match at Index 16: Manual = 0.0, Calculated = 0.0
2025-02-05 12:51:09 INFO  SummaryTest:94 - Verify The Presence of values in manual text Field
2025-02-05 12:51:09 INFO  ScreenshotListeners:29 - 
================:  verify The Presence Of Diffrencial Count :====================

2025-02-05 12:51:14 INFO  Summary:205 - The differential count note message is Not Visible if Total is equal to 100.0
2025-02-05 12:51:14 INFO  ScreenshotListeners:29 - 
================:  verify The Functionality Of Multiplication Factor Cancel Btn :====================

2025-02-05 12:51:19 INFO  CommonMethods:444 - Platelet tab is selected
2025-02-05 12:51:30 INFO  ViewAndModifyThePlateletCount:55 - Entered valid multiplication factor: 5000
2025-02-05 12:51:35 INFO  ViewAndModifyThePlateletCount:66 - Set as default for future reports.
2025-02-05 12:51:40 INFO  ViewAndModifyThePlateletCount:75 - Clicked the Cancel button.
2025-02-05 12:51:40 INFO  ViewAndModifyThePlateletCount:82 - Changes successfully reverted after clicking Cancel.
2025-02-05 12:51:40 INFO  ViewAndModifyThePlateletCountTest:47 - multiplication factor is working Fine
2025-02-05 12:51:40 INFO  ScreenshotListeners:29 - 
================:  verify The Functionality Of Multiplication Warning Msg :====================

2025-02-05 12:51:51 INFO  ViewAndModifyThePlateletCount:113 - Entered multiplication factor: 2000
2025-02-05 12:51:51 INFO  ViewAndModifyThePlateletCount:122 - Warning message displayed correctly: Please enter a value between 5000-50000
2025-02-05 12:51:56 INFO  ViewAndModifyThePlateletCount:133 - Clicked the Cancel button.
2025-02-05 12:51:56 INFO  ViewAndModifyThePlateletCount:140 - Changes successfully reverted after clicking Cancel.
2025-02-05 12:51:56 INFO  ViewAndModifyThePlateletCountTest:53 - multiplication factor is working Fine
2025-02-05 12:51:56 INFO  ScreenshotListeners:29 - 
================:  verify The Functionality Of Multiplication Factor :====================

2025-02-05 12:52:06 INFO  ViewAndModifyThePlateletCount:177 - Entered valid multiplication factor: 5000
2025-02-05 12:52:11 INFO  ViewAndModifyThePlateletCount:190 - Unset as default for future reports.
2025-02-05 12:52:16 INFO  ViewAndModifyThePlateletCount:196 - Clicked the Save button.
2025-02-05 12:52:16 INFO  ViewAndModifyThePlateletCount:201 - Multiplication factor successfully saved: 5000
2025-02-05 12:52:16 INFO  ViewAndModifyThePlateletCountTest:59 - multiplication factor is working Fine
2025-02-05 12:52:16 INFO  ScreenshotListeners:29 - 
================:  verify Presence Of Cell Type :====================

2025-02-05 12:52:21 INFO  CommonMethods:721 - Morphology Sub Tab is selected
2025-02-05 12:52:22 INFO  ReviewPlateleyMorphologyCellTypeTest:49 - Morphology tab Cell Types is present on platelet main tab
2025-02-05 12:52:22 INFO  ScreenshotListeners:29 - 
================:  Verify Cell Count Of Large Platelet Is Equal To Patch :====================

2025-02-05 12:52:27 INFO  ReviewPlateletMorphologyCellType:64 - Total patches found: 6
2025-02-05 12:52:27 INFO  ReviewPlateletMorphologyCellType:89 - Total patches found for Large Platelets: 6
2025-02-05 12:52:27 INFO  ReviewPlateletMorphologyCellType:95 - Expected count for Large Platelets: 6
2025-02-05 12:52:27 INFO  ReviewPlateletMorphologyCellType:99 - Large Platelets count matches the patch count. Count: 6
2025-02-05 12:52:27 INFO  ReviewPlateleyMorphologyCellTypeTest:56 - Verify the Large platelet cell count is equal patch count
2025-02-05 12:52:27 INFO  ScreenshotListeners:29 - 
================:  Verify Cell Count Of Platelet Clumps Is Equal To Patch :====================

2025-02-05 12:52:32 INFO  ReviewPlateletMorphologyCellType:64 - Total patches found: 2
2025-02-05 12:52:32 INFO  ReviewPlateletMorphologyCellType:89 - Total patches found for Platelet Clumps: 2
2025-02-05 12:52:32 INFO  ReviewPlateletMorphologyCellType:95 - Expected count for Platelet Clumps: 2
2025-02-05 12:52:32 INFO  ReviewPlateletMorphologyCellType:99 - Platelet Clumps count matches the patch count. Count: 2
2025-02-05 12:52:32 INFO  ReviewPlateleyMorphologyCellTypeTest:62 - Verify the  Platelet clumps cell count is equal patch count
2025-02-05 12:52:32 INFO  ScreenshotListeners:29 - 
================:  Functionality Of Patch When Select The Patch In Large Platelets :====================

2025-02-05 12:52:37 INFO  ReviewPlateletMorphologyCellType:64 - Total patches found: 6
2025-02-05 12:52:37 INFO  ReviewPlateletMorphologyCellType:130 - Total patches found for Large Platelets: 6
2025-02-05 12:52:42 INFO  ReviewPlateletMorphologyCellType:140 - Patch selected successfully in Large Platelets. Patch details: 
2025-02-05 12:52:42 INFO  ReviewPlateleyMorphologyCellTypeTest:69 - Verify the Large platelet cell  patches are selecting
2025-02-05 12:52:42 INFO  ScreenshotListeners:29 - 
================:  Functionality Of Patch When Select The Patch In Platelet Clumps :====================

2025-02-05 12:52:47 INFO  ReviewPlateletMorphologyCellType:64 - Total patches found: 2
2025-02-05 12:52:47 INFO  ReviewPlateletMorphologyCellType:130 - Total patches found for Platelet Clumps: 2
2025-02-05 12:52:52 INFO  ReviewPlateletMorphologyCellType:140 - Patch selected successfully in Platelet Clumps. Patch details: 
2025-02-05 12:52:52 INFO  ReviewPlateleyMorphologyCellTypeTest:75 - Verify the  Platelet clumps cell patches are selecting
2025-02-05 12:52:52 INFO  ScreenshotListeners:29 - 
================:  verify The Size Of Patches In Large Platelet :====================

2025-02-05 12:52:58 INFO  ReviewPlateleyMorphologyCellTypeTest:82 - Verify the Size of patch
2025-02-05 12:52:58 INFO  ScreenshotListeners:29 - 
================:  verify The Size Of Patches In Platelet Clumps :====================

2025-02-05 12:53:03 INFO  ReviewPlateleyMorphologyCellTypeTest:88 - Verify the Size of patch
2025-02-05 12:53:03 INFO  ScreenshotListeners:29 - 
================:  test Zoom Functionality :====================

2025-02-05 12:53:17 INFO  CommonMethods:647 - Clicked zoom-out button. Step: 1
2025-02-05 12:53:17 INFO  CommonMethods:651 - Zoom level at step 1: 
2025-02-05 12:53:24 INFO  CommonMethods:647 - Clicked zoom-out button. Step: 2
2025-02-05 12:53:24 INFO  CommonMethods:651 - Zoom level at step 2: 
2025-02-05 12:53:31 INFO  CommonMethods:647 - Clicked zoom-out button. Step: 3
2025-02-05 12:53:31 INFO  CommonMethods:651 - Zoom level at step 3: 
