2025-01-31 14:33:02 INFO  ScreenshotListeners:29 - 
================:  valid Login :====================

2025-01-31 14:33:08 INFO  LoginTest:49 - user Logged in successfully
2025-01-31 14:33:08 INFO  ScreenshotListeners:29 - 
================:  assign :====================

2025-01-31 14:33:18 INFO  VerifyTheListReportPage:670 - user is drop down is available
2025-01-31 14:33:18 INFO  SummaryTest:39 - Assign the report
2025-01-31 14:33:18 INFO  ScreenshotListeners:29 - 
================:  Verify The Approve And Reject Btn In W B C In Patch :====================

2025-01-31 14:33:18 INFO  CommonMethods:444 - WBC tab is selected
2025-01-31 14:33:23 INFO  CommonMethods:254 - approve and rejected report buttons are present in WBC
2025-01-31 14:33:23 INFO  verifyReportSignoffTest:67 - Approve and Reject Button are available
2025-01-31 14:33:23 INFO  ScreenshotListeners:29 - 
================:  Verify The Approve And Reject Btn In R B C Size In Patch :====================

2025-01-31 14:33:24 INFO  CommonMethods:444 - RBC tab is selected
2025-01-31 14:33:29 INFO  CommonMethods:254 - approve and rejected report buttons are present in RBC
2025-01-31 14:33:29 INFO  verifyReportSignoffTest:76 - Approve and Reject Button are available
2025-01-31 14:33:29 INFO  ScreenshotListeners:29 - 
================:  Verify The Approve And Reject Btn In R B C Shape In Patch :====================

2025-01-31 14:33:29 INFO  CommonMethods:655 - Shape Sub Tab is selected
2025-01-31 14:33:34 INFO  CommonMethods:254 - approve and rejected report buttons are present in RBC
2025-01-31 14:33:34 INFO  verifyReportSignoffTest:85 - Approve and Reject Button are available
2025-01-31 14:33:34 INFO  ScreenshotListeners:29 - 
================:  Verify The Approve And Reject Btn In R B C Color In Patch :====================

2025-01-31 14:33:34 INFO  CommonMethods:655 - Color Sub Tab is selected
2025-01-31 14:33:40 INFO  CommonMethods:254 - approve and rejected report buttons are present in RBC
2025-01-31 14:33:40 INFO  verifyReportSignoffTest:94 - Approve and Reject Button are available
2025-01-31 14:33:40 INFO  ScreenshotListeners:29 - 
================:  Verify The Approve And Reject Btn In R B C Inclustions In Patch :====================

2025-01-31 14:33:45 INFO  CommonMethods:655 - Inclusions Sub Tab is selected
2025-01-31 14:33:50 INFO  CommonMethods:254 - approve and rejected report buttons are present in RBC
2025-01-31 14:33:50 INFO  verifyReportSignoffTest:102 - Approve and Reject Button are available
2025-01-31 14:33:50 INFO  ScreenshotListeners:29 - 
================:  Verify The Approve And Reject Btn In Platelets Count Split :====================

2025-01-31 14:33:55 INFO  CommonMethods:444 - Platelets tab is selected
2025-01-31 14:33:57 INFO  CommonMethods:254 - approve and rejected report buttons are present in Platelets
2025-01-31 14:33:57 INFO  verifyReportSignoffTest:171 - Approve and Reject Button are available
2025-01-31 14:33:57 INFO  ScreenshotListeners:29 - 
================:  Verify The Approve And Reject Btn In Platelets :====================

2025-01-31 14:34:02 INFO  CommonMethods:655 - Morphology Sub Tab is selected
2025-01-31 14:34:04 INFO  CommonMethods:254 - approve and rejected report buttons are present in Platelets
2025-01-31 14:34:04 INFO  verifyReportSignoffTest:187 - Approve and Reject Button are available
2025-01-31 14:34:04 INFO  ScreenshotListeners:29 - 
================:  Verify The Approve Button Functionality In W B C :====================

2025-01-31 14:34:06 INFO  CommonMethods:444 - WBC tab is selected
2025-01-31 14:34:06 INFO  verifyReportSignoff:55 - Clicked on Approve Report button
2025-01-31 14:34:11 INFO  verifyReportSignoff:60 - Confirmation popup displayed: Are you sure you want to approve?
2025-01-31 14:34:12 INFO  verifyReportSignoff:67 - Clicked on Confirm button in the popup
2025-01-31 14:34:12 INFO  verifyReportSignoff:71 - Successfully redirected to the next page after approval
2025-01-31 14:34:12 INFO  verifyReportSignoff:77 - Approval process initiated successfully
2025-01-31 14:34:12 INFO  verifyReportSignoffTest:223 - Approve Button Functionality is working fine
2025-01-31 14:34:12 INFO  verifyReportSignoff:691 - Click on back to report button
2025-01-31 14:34:14 INFO  verifyReportSignoff:697 - Back to report to summary page
2025-01-31 14:34:14 INFO  verifyReportSignoffTest:226 - Successfully back to summary page
2025-01-31 14:34:14 INFO  ScreenshotListeners:29 - 
================:  Verify The Approve Button Functionality In R B C Size :====================

2025-01-31 14:34:17 INFO  CommonMethods:444 - RBC tab is selected
2025-01-31 14:34:17 INFO  verifyReportSignoff:55 - Clicked on Approve Report button
2025-01-31 14:34:22 INFO  verifyReportSignoff:60 - Confirmation popup displayed: Are you sure you want to approve?
2025-01-31 14:34:22 INFO  verifyReportSignoff:67 - Clicked on Confirm button in the popup
2025-01-31 14:34:22 INFO  verifyReportSignoff:71 - Successfully redirected to the next page after approval
2025-01-31 14:34:22 INFO  verifyReportSignoff:77 - Approval process initiated successfully
2025-01-31 14:34:22 INFO  verifyReportSignoffTest:257 - Approve Button Functionality is working fine
2025-01-31 14:34:23 INFO  verifyReportSignoff:691 - Click on back to report button
2025-01-31 14:34:25 INFO  verifyReportSignoff:697 - Back to report to summary page
2025-01-31 14:34:25 INFO  verifyReportSignoffTest:260 - Successfully back to summary page
2025-01-31 14:34:25 INFO  ScreenshotListeners:29 - 
================:  Verify The Approve Button Functionality In R B C Shape :====================

2025-01-31 14:34:27 INFO  CommonMethods:444 - RBC tab is selected
2025-01-31 14:34:28 INFO  CommonMethods:655 - Shape Sub Tab is selected
2025-01-31 14:34:28 INFO  verifyReportSignoff:55 - Clicked on Approve Report button
2025-01-31 14:34:33 INFO  verifyReportSignoff:60 - Confirmation popup displayed: Are you sure you want to approve?
2025-01-31 14:34:33 INFO  verifyReportSignoff:67 - Clicked on Confirm button in the popup
2025-01-31 14:34:34 INFO  verifyReportSignoff:71 - Successfully redirected to the next page after approval
2025-01-31 14:34:34 INFO  verifyReportSignoff:77 - Approval process initiated successfully
2025-01-31 14:34:34 INFO  verifyReportSignoffTest:293 - Approve Button Functionality is working fine
2025-01-31 14:34:34 INFO  verifyReportSignoff:691 - Click on back to report button
2025-01-31 14:34:36 INFO  verifyReportSignoff:697 - Back to report to summary page
2025-01-31 14:34:36 INFO  verifyReportSignoffTest:296 - Successfully back to summary page
2025-01-31 14:34:36 INFO  ScreenshotListeners:29 - 
================:  Verify The Approve Button Functionality In R B C Color :====================

2025-01-31 14:34:38 INFO  CommonMethods:444 - RBC tab is selected
2025-01-31 14:34:39 INFO  CommonMethods:655 - Color Sub Tab is selected
2025-01-31 14:34:39 INFO  verifyReportSignoff:55 - Clicked on Approve Report button
2025-01-31 14:34:44 INFO  verifyReportSignoff:60 - Confirmation popup displayed: Are you sure you want to approve?
2025-01-31 14:34:44 INFO  verifyReportSignoff:67 - Clicked on Confirm button in the popup
2025-01-31 14:34:44 INFO  verifyReportSignoff:71 - Successfully redirected to the next page after approval
2025-01-31 14:34:44 INFO  verifyReportSignoff:77 - Approval process initiated successfully
2025-01-31 14:34:44 INFO  verifyReportSignoffTest:331 - Approve Button Functionality is working fine
2025-01-31 14:34:45 INFO  verifyReportSignoff:691 - Click on back to report button
2025-01-31 14:34:47 INFO  verifyReportSignoff:697 - Back to report to summary page
2025-01-31 14:34:47 INFO  verifyReportSignoffTest:334 - Successfully back to summary page
2025-01-31 14:34:47 INFO  ScreenshotListeners:29 - 
================:  Verify The Approve Button Functionality In R B C Inclusions :====================

2025-01-31 14:34:49 INFO  CommonMethods:444 - RBC tab is selected
2025-01-31 14:34:49 INFO  CommonMethods:655 - Inclusions Sub Tab is selected
2025-01-31 14:34:49 INFO  verifyReportSignoff:55 - Clicked on Approve Report button
2025-01-31 14:34:54 INFO  verifyReportSignoff:60 - Confirmation popup displayed: Are you sure you want to approve?
2025-01-31 14:35:00 INFO  verifyReportSignoff:67 - Clicked on Confirm button in the popup
2025-01-31 14:35:00 INFO  verifyReportSignoff:71 - Successfully redirected to the next page after approval
2025-01-31 14:35:00 INFO  verifyReportSignoff:77 - Approval process initiated successfully
2025-01-31 14:35:00 INFO  verifyReportSignoffTest:369 - Approve Button Functionality is working fine
2025-01-31 14:35:10 INFO  verifyReportSignoff:691 - Click on back to report button
2025-01-31 14:35:12 INFO  verifyReportSignoff:697 - Back to report to summary page
2025-01-31 14:35:12 INFO  verifyReportSignoffTest:372 - Successfully back to summary page
2025-01-31 14:35:12 INFO  ScreenshotListeners:29 - 
================:  Verify The Approve Button Functionality In Platelets In Count :====================

2025-01-31 14:35:19 INFO  CommonMethods:444 - Platelets tab is selected
2025-01-31 14:35:30 INFO  verifyReportSignoff:55 - Clicked on Approve Report button
2025-01-31 14:35:35 INFO  verifyReportSignoff:60 - Confirmation popup displayed: Are you sure you want to approve?
2025-01-31 14:35:40 INFO  verifyReportSignoff:67 - Clicked on Confirm button in the popup
2025-01-31 14:35:40 INFO  verifyReportSignoff:71 - Successfully redirected to the next page after approval
2025-01-31 14:35:40 INFO  verifyReportSignoff:77 - Approval process initiated successfully
2025-01-31 14:35:40 INFO  verifyReportSignoffTest:394 - Approve Button Functionality is working fine
2025-01-31 14:35:51 INFO  verifyReportSignoff:691 - Click on back to report button
2025-01-31 14:35:53 INFO  verifyReportSignoff:697 - Back to report to summary page
2025-01-31 14:35:53 INFO  verifyReportSignoffTest:397 - Successfully back to summary page
2025-01-31 14:35:53 INFO  ScreenshotListeners:29 - 
================:  Verify The Approve Button Functionality In Platelets In Morphology :====================

2025-01-31 14:36:00 INFO  CommonMethods:444 - Platelets tab is selected
2025-01-31 14:36:05 INFO  CommonMethods:655 - Morphology Sub Tab is selected
2025-01-31 14:36:10 INFO  verifyReportSignoff:55 - Clicked on Approve Report button
2025-01-31 14:36:15 INFO  verifyReportSignoff:60 - Confirmation popup displayed: Are you sure you want to approve?
2025-01-31 14:36:20 INFO  verifyReportSignoff:67 - Clicked on Confirm button in the popup
2025-01-31 14:36:20 INFO  verifyReportSignoff:71 - Successfully redirected to the next page after approval
2025-01-31 14:36:20 INFO  verifyReportSignoff:77 - Approval process initiated successfully
2025-01-31 14:36:20 INFO  verifyReportSignoffTest:418 - Approve Button Functionality is working fine
2025-01-31 14:36:31 INFO  verifyReportSignoff:691 - Click on back to report button
2025-01-31 14:36:33 INFO  verifyReportSignoff:697 - Back to report to summary page
2025-01-31 14:36:33 INFO  verifyReportSignoffTest:421 - Successfully back to summary page
2025-01-31 14:36:33 INFO  ScreenshotListeners:29 - 
================:  Verify The Approve Button Pop Up Text In Summary :====================

2025-01-31 14:36:40 INFO  CommonMethods:444 - WBC tab is selected
2025-01-31 14:36:42 INFO  verifyReportSignoff:98 - Successfully get the value of unclassified cell
2025-01-31 14:36:54 INFO  verifyReportSignoff:111 - Clicked on the Approve Report button
2025-01-31 14:36:54 INFO  verifyReportSignoff:116 - Pop-up content retrieved: 
Are you sure you want to approve? All WBC patches, including unclassified and rejected, have been reviewed. The scanned area for RBC morphology has been reviewed. Required patches and FOVs for platelet count and morphology have been reviewed. Note: There are 2 patches in the unclassified bucket of WBC. Cancel Confirm
2025-01-31 14:36:54 INFO  verifyReportSignoff:120 - Unclassified patches count retrieved: 2
2025-01-31 14:36:54 INFO  verifyReportSignoff:136 - Popup content matches the expected content.
2025-01-31 14:36:54 INFO  verifyReportSignoffTest:456 - Approve Button Pop-Up is as per Design 
2025-01-31 14:36:54 INFO  ScreenshotListeners:29 - 
================:  Verify The Approve Button Pop Up Text In W B C :====================

2025-01-31 14:36:57 INFO  CommonMethods:444 - WBC tab is selected
2025-01-31 14:36:59 INFO  verifyReportSignoff:98 - Successfully get the value of unclassified cell
2025-01-31 14:36:59 INFO  CommonMethods:444 - WBC tab is selected
2025-01-31 14:37:00 INFO  verifyReportSignoff:111 - Clicked on the Approve Report button
2025-01-31 14:37:00 INFO  verifyReportSignoff:116 - Pop-up content retrieved: 
Are you sure you want to approve? All WBC patches, including unclassified and rejected, have been reviewed. The scanned area for RBC morphology has been reviewed. Required patches and FOVs for platelet count and morphology have been reviewed. Note: There are 2 patches in the unclassified bucket of WBC. Cancel Confirm
2025-01-31 14:37:00 INFO  verifyReportSignoff:120 - Unclassified patches count retrieved: 2
2025-01-31 14:37:00 INFO  verifyReportSignoff:136 - Popup content matches the expected content.
2025-01-31 14:37:00 INFO  verifyReportSignoffTest:466 - Approve Button Pop-Up is as per Design 
2025-01-31 14:37:00 INFO  ScreenshotListeners:29 - 
================:  Verify The Approve Button Pop Up Text In R B C Size :====================

2025-01-31 14:37:03 INFO  CommonMethods:444 - WBC tab is selected
2025-01-31 14:37:05 INFO  verifyReportSignoff:98 - Successfully get the value of unclassified cell
2025-01-31 14:37:06 INFO  CommonMethods:444 - RBC tab is selected
2025-01-31 14:37:06 INFO  verifyReportSignoff:111 - Clicked on the Approve Report button
2025-01-31 14:37:06 INFO  verifyReportSignoff:116 - Pop-up content retrieved: 
Are you sure you want to approve? All WBC patches, including unclassified and rejected, have been reviewed. The scanned area for RBC morphology has been reviewed. Required patches and FOVs for platelet count and morphology have been reviewed. Note: There are 2 patches in the unclassified bucket of WBC. Cancel Confirm
2025-01-31 14:37:06 INFO  verifyReportSignoff:120 - Unclassified patches count retrieved: 2
2025-01-31 14:37:06 INFO  verifyReportSignoff:136 - Popup content matches the expected content.
2025-01-31 14:37:06 INFO  verifyReportSignoffTest:496 - Approve Button Pop-Up is as per Design 
2025-01-31 14:37:06 INFO  ScreenshotListeners:29 - 
================:  Verify The Approve Button Pop Up Text In R B C Shape :====================

2025-01-31 14:37:09 INFO  CommonMethods:444 - WBC tab is selected
2025-01-31 14:37:11 INFO  verifyReportSignoff:98 - Successfully get the value of unclassified cell
2025-01-31 14:37:11 INFO  CommonMethods:444 - RBC tab is selected
2025-01-31 14:37:12 INFO  CommonMethods:655 - Shape Sub Tab is selected
2025-01-31 14:37:13 INFO  verifyReportSignoff:111 - Clicked on the Approve Report button
2025-01-31 14:37:13 INFO  verifyReportSignoff:116 - Pop-up content retrieved: 
Are you sure you want to approve? All WBC patches, including unclassified and rejected, have been reviewed. The scanned area for RBC morphology has been reviewed. Required patches and FOVs for platelet count and morphology have been reviewed. Note: There are 2 patches in the unclassified bucket of WBC. Cancel Confirm
2025-01-31 14:37:13 INFO  verifyReportSignoff:120 - Unclassified patches count retrieved: 2
2025-01-31 14:37:13 INFO  verifyReportSignoff:136 - Popup content matches the expected content.
2025-01-31 14:37:14 INFO  verifyReportSignoffTest:524 - Approve Button Pop-Up is as per Design 
2025-01-31 14:37:14 INFO  ScreenshotListeners:29 - 
================:  Verify The Approve Button Pop Up Text In R B C Color :====================

2025-01-31 14:37:16 INFO  CommonMethods:444 - WBC tab is selected
2025-01-31 14:37:18 INFO  verifyReportSignoff:98 - Successfully get the value of unclassified cell
2025-01-31 14:37:19 INFO  CommonMethods:444 - RBC tab is selected
2025-01-31 14:37:19 INFO  CommonMethods:655 - Color Sub Tab is selected
2025-01-31 14:37:19 INFO  verifyReportSignoff:111 - Clicked on the Approve Report button
2025-01-31 14:37:19 INFO  verifyReportSignoff:116 - Pop-up content retrieved: 
Are you sure you want to approve? All WBC patches, including unclassified and rejected, have been reviewed. The scanned area for RBC morphology has been reviewed. Required patches and FOVs for platelet count and morphology have been reviewed. Note: There are 2 patches in the unclassified bucket of WBC. Cancel Confirm
2025-01-31 14:37:19 INFO  verifyReportSignoff:120 - Unclassified patches count retrieved: 2
2025-01-31 14:37:19 INFO  verifyReportSignoff:136 - Popup content matches the expected content.
2025-01-31 14:37:20 INFO  verifyReportSignoffTest:554 - Approve Button Pop-Up is as per Design 
2025-01-31 14:37:20 INFO  ScreenshotListeners:29 - 
================:  Verify The Approve Button Pop Up Text In R B C Inclusions :====================

2025-01-31 14:37:22 INFO  CommonMethods:444 - WBC tab is selected
2025-01-31 14:37:24 INFO  verifyReportSignoff:98 - Successfully get the value of unclassified cell
2025-01-31 14:37:25 INFO  CommonMethods:444 - RBC tab is selected
2025-01-31 14:37:25 INFO  CommonMethods:655 - Inclusions Sub Tab is selected
2025-01-31 14:37:25 INFO  verifyReportSignoff:111 - Clicked on the Approve Report button
2025-01-31 14:37:25 INFO  verifyReportSignoff:116 - Pop-up content retrieved: 
Are you sure you want to approve? All WBC patches, including unclassified and rejected, have been reviewed. The scanned area for RBC morphology has been reviewed. Required patches and FOVs for platelet count and morphology have been reviewed. Note: There are 2 patches in the unclassified bucket of WBC. Cancel Confirm
2025-01-31 14:37:25 INFO  verifyReportSignoff:120 - Unclassified patches count retrieved: 2
2025-01-31 14:37:25 INFO  verifyReportSignoff:136 - Popup content matches the expected content.
2025-01-31 14:37:26 INFO  verifyReportSignoffTest:588 - Approve Button Pop-Up is as per Design 
2025-01-31 14:37:26 INFO  ScreenshotListeners:29 - 
================:  Verify The Approve Button Pop Up Text In Platelets Count :====================

2025-01-31 14:37:28 INFO  CommonMethods:444 - WBC tab is selected
2025-01-31 14:37:30 INFO  verifyReportSignoff:98 - Successfully get the value of unclassified cell
2025-01-31 14:37:30 INFO  CommonMethods:444 - Platelets tab is selected
2025-01-31 14:37:32 INFO  verifyReportSignoff:111 - Clicked on the Approve Report button
2025-01-31 14:37:32 INFO  verifyReportSignoff:116 - Pop-up content retrieved: 
Are you sure you want to approve? All WBC patches, including unclassified and rejected, have been reviewed. The scanned area for RBC morphology has been reviewed. Required patches and FOVs for platelet count and morphology have been reviewed. Note: There are 2 patches in the unclassified bucket of WBC. Cancel Confirm
2025-01-31 14:37:32 INFO  verifyReportSignoff:120 - Unclassified patches count retrieved: 2
2025-01-31 14:37:32 INFO  verifyReportSignoff:136 - Popup content matches the expected content.
2025-01-31 14:37:33 INFO  verifyReportSignoffTest:609 - Approve Button Pop-Up is as per Design 
2025-01-31 14:37:33 INFO  ScreenshotListeners:29 - 
================:  Verify The Approve Button Pop Up Text In Platelets Morphology :====================

2025-01-31 14:37:35 INFO  CommonMethods:444 - WBC tab is selected
2025-01-31 14:37:37 INFO  verifyReportSignoff:98 - Successfully get the value of unclassified cell
2025-01-31 14:37:37 INFO  CommonMethods:444 - Platelets tab is selected
2025-01-31 14:37:37 INFO  CommonMethods:655 - Morphology Sub Tab is selected
2025-01-31 14:37:38 INFO  verifyReportSignoff:111 - Clicked on the Approve Report button
2025-01-31 14:37:38 INFO  verifyReportSignoff:116 - Pop-up content retrieved: 
Are you sure you want to approve? All WBC patches, including unclassified and rejected, have been reviewed. The scanned area for RBC morphology has been reviewed. Required patches and FOVs for platelet count and morphology have been reviewed. Note: There are 2 patches in the unclassified bucket of WBC. Cancel Confirm
2025-01-31 14:37:38 INFO  verifyReportSignoff:120 - Unclassified patches count retrieved: 2
2025-01-31 14:37:38 INFO  verifyReportSignoff:136 - Popup content matches the expected content.
2025-01-31 14:37:38 INFO  verifyReportSignoffTest:629 - Approve Button Pop-Up is as per Design 
2025-01-31 14:37:38 INFO  ScreenshotListeners:29 - 
================:  Verify The Supporting Image Availability In Summary :====================

2025-01-31 14:37:40 INFO  verifyReportSignoff:157 - Clicked on the Approve Report button
2025-01-31 14:37:41 INFO  verifyReportSignoff:162 - Clicked on Confirm button in the popup
2025-01-31 14:37:41 INFO  verifyReportSignoff:168 - supporting image button is available
2025-01-31 14:37:41 INFO  verifyReportSignoffTest:661 - Supporting image Button is as per Design 
2025-01-31 14:37:41 INFO  verifyReportSignoff:691 - Click on back to report button
2025-01-31 14:37:43 INFO  verifyReportSignoff:697 - Back to report to summary page
2025-01-31 14:37:43 INFO  ScreenshotListeners:29 - 
================:  Verify The Supporting Image Availability In W B C :====================

2025-01-31 14:37:45 INFO  CommonMethods:444 - WBC tab is selected
2025-01-31 14:37:46 INFO  verifyReportSignoff:157 - Clicked on the Approve Report button
2025-01-31 14:37:46 INFO  verifyReportSignoff:162 - Clicked on Confirm button in the popup
2025-01-31 14:37:46 INFO  verifyReportSignoff:168 - supporting image button is available
2025-01-31 14:37:46 INFO  verifyReportSignoffTest:671 - Supporting image Button is as per Design 
2025-01-31 14:37:46 INFO  verifyReportSignoff:691 - Click on back to report button
2025-01-31 14:37:48 INFO  verifyReportSignoff:697 - Back to report to summary page
2025-01-31 14:37:48 INFO  ScreenshotListeners:29 - 
================:  Verify The Supporting Image Availability In R B C Sub Size :====================

2025-01-31 14:37:51 INFO  CommonMethods:444 - RBC tab is selected
2025-01-31 14:37:51 INFO  verifyReportSignoff:157 - Clicked on the Approve Report button
2025-01-31 14:37:51 INFO  verifyReportSignoff:162 - Clicked on Confirm button in the popup
2025-01-31 14:37:51 INFO  verifyReportSignoff:168 - supporting image button is available
2025-01-31 14:37:51 INFO  verifyReportSignoffTest:700 - Supporting image Button is as per Design 
2025-01-31 14:37:52 INFO  verifyReportSignoff:691 - Click on back to report button
2025-01-31 14:37:54 INFO  verifyReportSignoff:697 - Back to report to summary page
2025-01-31 14:37:54 INFO  ScreenshotListeners:29 - 
================:  Verify The Supporting Image Availability In R B C Sub Shape :====================

2025-01-31 14:37:56 INFO  CommonMethods:444 - RBC tab is selected
2025-01-31 14:37:57 INFO  CommonMethods:655 - Shape Sub Tab is selected
2025-01-31 14:37:57 INFO  verifyReportSignoff:157 - Clicked on the Approve Report button
2025-01-31 14:37:57 INFO  verifyReportSignoff:162 - Clicked on Confirm button in the popup
2025-01-31 14:37:57 INFO  verifyReportSignoff:168 - supporting image button is available
2025-01-31 14:37:57 INFO  verifyReportSignoffTest:728 - Supporting image Button is as per Design 
2025-01-31 14:37:59 INFO  verifyReportSignoff:691 - Click on back to report button
2025-01-31 14:38:01 INFO  verifyReportSignoff:697 - Back to report to summary page
2025-01-31 14:38:01 INFO  ScreenshotListeners:29 - 
================:  Verify The Supporting Image Availability In Sub Color :====================

2025-01-31 14:38:03 INFO  CommonMethods:444 - RBC tab is selected
2025-01-31 14:38:04 INFO  CommonMethods:655 - Color Sub Tab is selected
2025-01-31 14:38:04 INFO  verifyReportSignoff:157 - Clicked on the Approve Report button
2025-01-31 14:38:04 INFO  verifyReportSignoff:162 - Clicked on Confirm button in the popup
2025-01-31 14:38:04 INFO  verifyReportSignoff:168 - supporting image button is available
2025-01-31 14:38:04 INFO  verifyReportSignoffTest:758 - Supporting image Button is as per Design 
2025-01-31 14:38:06 INFO  verifyReportSignoff:691 - Click on back to report button
2025-01-31 14:38:08 INFO  verifyReportSignoff:697 - Back to report to summary page
2025-01-31 14:38:08 INFO  ScreenshotListeners:29 - 
================:  Verify The Supporting Image Availability In Inclusions Sub Inclusions :====================

2025-01-31 14:38:10 INFO  CommonMethods:444 - RBC tab is selected
2025-01-31 14:38:10 INFO  CommonMethods:655 - Inclusions Sub Tab is selected
2025-01-31 14:38:10 INFO  verifyReportSignoff:157 - Clicked on the Approve Report button
2025-01-31 14:38:11 INFO  verifyReportSignoff:162 - Clicked on Confirm button in the popup
2025-01-31 14:38:11 INFO  verifyReportSignoff:168 - supporting image button is available
2025-01-31 14:38:11 INFO  verifyReportSignoffTest:788 - Supporting image Button is as per Design 
2025-01-31 14:38:12 INFO  verifyReportSignoff:691 - Click on back to report button
2025-01-31 14:38:14 INFO  verifyReportSignoff:697 - Back to report to summary page
2025-01-31 14:38:14 INFO  ScreenshotListeners:29 - 
================:  Verify The Supporting Image Availability In Platelets Sub Count Split :====================

2025-01-31 14:38:16 INFO  CommonMethods:444 - Platelets tab is selected
2025-01-31 14:38:17 INFO  verifyReportSignoff:157 - Clicked on the Approve Report button
2025-01-31 14:38:18 INFO  verifyReportSignoff:162 - Clicked on Confirm button in the popup
2025-01-31 14:38:18 INFO  verifyReportSignoff:168 - supporting image button is available
2025-01-31 14:38:18 INFO  verifyReportSignoffTest:808 - Supporting image Button is as per Design 
2025-01-31 14:38:18 INFO  verifyReportSignoff:691 - Click on back to report button
2025-01-31 14:38:20 INFO  verifyReportSignoff:697 - Back to report to summary page
2025-01-31 14:38:20 INFO  ScreenshotListeners:29 - 
================:  Verify The Supporting Image Availability In Platelets Sub Morphology :====================

2025-01-31 14:38:22 INFO  CommonMethods:444 - Platelets tab is selected
2025-01-31 14:38:23 INFO  CommonMethods:655 - Morphology Sub Tab is selected
2025-01-31 14:38:23 INFO  verifyReportSignoff:157 - Clicked on the Approve Report button
2025-01-31 14:38:23 INFO  verifyReportSignoff:162 - Clicked on Confirm button in the popup
2025-01-31 14:38:23 INFO  verifyReportSignoff:168 - supporting image button is available
2025-01-31 14:38:23 INFO  verifyReportSignoffTest:827 - Supporting image Button is as per Design 
2025-01-31 14:38:24 INFO  verifyReportSignoff:691 - Click on back to report button
2025-01-31 14:38:26 INFO  verifyReportSignoff:697 - Back to report to summary page
2025-01-31 14:38:26 INFO  ScreenshotListeners:29 - 
================:  Verify The Supporting Image Functionality In Summary :====================

2025-01-31 14:38:28 INFO  verifyReportSignoff:184 - Clicked on the Approve Report button
2025-01-31 14:38:28 INFO  verifyReportSignoff:189 - Clicked on Confirm button in the popup
2025-01-31 14:38:28 INFO  verifyReportSignoff:200 - supporting image button is available And Waring massage also available
2025-01-31 14:38:28 INFO  verifyReportSignoffTest:857 - Supporting image Button is Working as per Design 
2025-01-31 14:38:29 INFO  verifyReportSignoff:691 - Click on back to report button
2025-01-31 14:38:31 INFO  verifyReportSignoff:697 - Back to report to summary page
2025-01-31 14:38:31 INFO  ScreenshotListeners:29 - 
================:  Verify The Supporting Image Functionality In W B C :====================

2025-01-31 14:38:33 INFO  CommonMethods:444 - WBC tab is selected
2025-01-31 14:38:34 INFO  verifyReportSignoff:184 - Clicked on the Approve Report button
2025-01-31 14:38:34 INFO  verifyReportSignoff:189 - Clicked on Confirm button in the popup
2025-01-31 14:38:34 INFO  verifyReportSignoff:200 - supporting image button is available And Waring massage also available
2025-01-31 14:38:34 INFO  verifyReportSignoffTest:867 - Supporting image Button is Working as per Design 
2025-01-31 14:38:35 INFO  verifyReportSignoff:691 - Click on back to report button
2025-01-31 14:38:37 INFO  verifyReportSignoff:697 - Back to report to summary page
2025-01-31 14:38:37 INFO  ScreenshotListeners:29 - 
================:  Verify The Supporting Image Functionality In R B C Sub Size :====================

2025-01-31 14:38:39 INFO  CommonMethods:444 - RBC tab is selected
2025-01-31 14:38:39 INFO  verifyReportSignoff:184 - Clicked on the Approve Report button
2025-01-31 14:38:40 INFO  verifyReportSignoff:189 - Clicked on Confirm button in the popup
2025-01-31 14:38:40 INFO  verifyReportSignoff:200 - supporting image button is available And Waring massage also available
2025-01-31 14:38:40 INFO  verifyReportSignoffTest:896 - Supporting image Button Working is as per Design 
2025-01-31 14:38:41 INFO  verifyReportSignoff:691 - Click on back to report button
2025-01-31 14:38:43 INFO  verifyReportSignoff:697 - Back to report to summary page
2025-01-31 14:38:43 INFO  ScreenshotListeners:29 - 
================:  Verify The Supporting Image Functionality In R B C Sub Shape :====================

2025-01-31 14:38:46 INFO  CommonMethods:444 - RBC tab is selected
2025-01-31 14:38:46 INFO  CommonMethods:655 - Shape Sub Tab is selected
2025-01-31 14:38:46 INFO  verifyReportSignoff:184 - Clicked on the Approve Report button
2025-01-31 14:38:47 INFO  verifyReportSignoff:189 - Clicked on Confirm button in the popup
2025-01-31 14:38:47 INFO  verifyReportSignoff:200 - supporting image button is available And Waring massage also available
2025-01-31 14:38:47 INFO  verifyReportSignoffTest:924 - Supporting image Button is Working as per Design 
2025-01-31 14:38:48 INFO  verifyReportSignoff:691 - Click on back to report button
2025-01-31 14:38:50 INFO  verifyReportSignoff:697 - Back to report to summary page
2025-01-31 14:38:50 INFO  ScreenshotListeners:29 - 
================:  Verify The Supporting Image Functionality In Color Sub :====================

2025-01-31 14:38:53 INFO  CommonMethods:444 - RBC tab is selected
2025-01-31 14:38:53 INFO  CommonMethods:655 - Color Sub Tab is selected
2025-01-31 14:38:53 INFO  verifyReportSignoff:184 - Clicked on the Approve Report button
2025-01-31 14:38:54 INFO  verifyReportSignoff:189 - Clicked on Confirm button in the popup
2025-01-31 14:38:54 INFO  verifyReportSignoff:200 - supporting image button is available And Waring massage also available
2025-01-31 14:38:54 INFO  verifyReportSignoffTest:954 - Supporting image Button is Working as per Design 
2025-01-31 14:38:55 INFO  verifyReportSignoff:691 - Click on back to report button
2025-01-31 14:38:57 INFO  verifyReportSignoff:697 - Back to report to summary page
2025-01-31 14:38:57 INFO  ScreenshotListeners:29 - 
================:  Verify The Supporting Image Functionality In Inclusions Sub Inclusions :====================

2025-01-31 14:38:59 INFO  CommonMethods:444 - RBC tab is selected
2025-01-31 14:39:00 INFO  CommonMethods:655 - Inclusions Sub Tab is selected
2025-01-31 14:39:00 INFO  verifyReportSignoff:184 - Clicked on the Approve Report button
2025-01-31 14:39:00 INFO  verifyReportSignoff:189 - Clicked on Confirm button in the popup
2025-01-31 14:39:00 INFO  verifyReportSignoff:200 - supporting image button is available And Waring massage also available
2025-01-31 14:39:00 INFO  verifyReportSignoffTest:984 - Supporting image Button is Working as per Design 
2025-01-31 14:39:01 INFO  verifyReportSignoff:691 - Click on back to report button
2025-01-31 14:39:03 INFO  verifyReportSignoff:697 - Back to report to summary page
2025-01-31 14:39:03 INFO  ScreenshotListeners:29 - 
================:  Verify The Supporting Image Functionality In Platelets Sub Count Split :====================

2025-01-31 14:39:06 INFO  CommonMethods:444 - Platelets tab is selected
2025-01-31 14:39:07 INFO  verifyReportSignoff:184 - Clicked on the Approve Report button
2025-01-31 14:39:07 INFO  verifyReportSignoff:189 - Clicked on Confirm button in the popup
2025-01-31 14:39:08 INFO  verifyReportSignoff:200 - supporting image button is available And Waring massage also available
2025-01-31 14:39:08 INFO  verifyReportSignoffTest:1004 - Supporting image Button is Working as per Design 
2025-01-31 14:39:08 INFO  verifyReportSignoff:691 - Click on back to report button
2025-01-31 14:39:10 INFO  verifyReportSignoff:697 - Back to report to summary page
2025-01-31 14:39:10 INFO  ScreenshotListeners:29 - 
================:  Verify The Supporting Image Functionality In Platelets Sub Morphology :====================

2025-01-31 14:39:12 INFO  CommonMethods:444 - Platelets tab is selected
2025-01-31 14:39:13 INFO  CommonMethods:655 - Morphology Sub Tab is selected
2025-01-31 14:39:14 INFO  verifyReportSignoff:184 - Clicked on the Approve Report button
2025-01-31 14:39:14 INFO  verifyReportSignoff:189 - Clicked on Confirm button in the popup
2025-01-31 14:39:14 INFO  verifyReportSignoff:200 - supporting image button is available And Waring massage also available
2025-01-31 14:39:14 INFO  verifyReportSignoffTest:1023 - Supporting image Button is Working as per Design 
2025-01-31 14:39:15 INFO  verifyReportSignoff:691 - Click on back to report button
2025-01-31 14:39:17 INFO  verifyReportSignoff:697 - Back to report to summary page
2025-01-31 14:39:17 INFO  ScreenshotListeners:29 - 
================:  verify The Availability Of Cell Name In Supporting Image Page Summary :====================

2025-01-31 14:39:17 INFO  verifyReportSignoff:216 - Clicked on the Approve Report button
2025-01-31 14:39:18 INFO  verifyReportSignoff:221 - Clicked on Confirm button in the popup
2025-01-31 14:39:18 INFO  verifyReportSignoff:235 - Clicked on Add Supporting Images button
2025-01-31 14:39:18 INFO  verifyReportSignoff:239 - Eligible cells retrieved from the page:
WBC(%)
WBC
Neutrophils (42.6)
Lymphocytes (39.2)
Eosinophils (4.3)
Monocytes (12.4)
Basophils (0.0)
Atypical Cells/Blasts (1.4)
Immature Granulocytes (0.0)
Immature Eosinophils (0.0)
Immature Basophils (0.0)
Promonocytes (0.0)
Prolymphocytes (0.0)
Hairy Cells (0.0)
Sezary Cells (0.0)
Plasma Cells (0.0)
Others (0.0)
Non-WBC
NRBC (0.5)
Smudge Cells (0.0)
RBC (Grade)
Microcytes (2+)
Macrocytes (1+)
Ovalocytes (2+)
Elliptocytes (1+)
Teardrop Cells (1+)
Fragmented Cells (1+)
Target Cells (1+)
Echinocytes (2+)
Hypochromic Cells (0+)
Polychromatic Cells (0+)
Platelet (Count)
Large Platelets (15)
Platelet Clumps (2)
2025-01-31 14:39:18 INFO  verifyReportSignoff:259 - All expected eligible cells are present in the Supporting Images page.
2025-01-31 14:39:18 INFO  verifyReportSignoffTest:1051 - Supporting image Page Eligible cell name are available 
2025-01-31 14:39:18 INFO  verifyReportSignoff:691 - Click on back to report button
2025-01-31 14:39:21 INFO  verifyReportSignoff:697 - Back to report to summary page
2025-01-31 14:39:21 INFO  ScreenshotListeners:29 - 
================:  verify The Availability Of Cell Name In Supporting Image Page W B C :====================

2025-01-31 14:39:21 INFO  CommonMethods:444 - WBC tab is selected
2025-01-31 14:39:21 INFO  verifyReportSignoff:216 - Clicked on the Approve Report button
2025-01-31 14:39:21 INFO  verifyReportSignoff:221 - Clicked on Confirm button in the popup
2025-01-31 14:39:22 INFO  verifyReportSignoff:235 - Clicked on Add Supporting Images button
2025-01-31 14:39:22 INFO  verifyReportSignoff:239 - Eligible cells retrieved from the page:
WBC(%)
WBC
Neutrophils (42.6)
Lymphocytes (39.2)
Eosinophils (4.3)
Monocytes (12.4)
Basophils (0.0)
Atypical Cells/Blasts (1.4)
Immature Granulocytes (0.0)
Immature Eosinophils (0.0)
Immature Basophils (0.0)
Promonocytes (0.0)
Prolymphocytes (0.0)
Hairy Cells (0.0)
Sezary Cells (0.0)
Plasma Cells (0.0)
Others (0.0)
Non-WBC
NRBC (0.5)
Smudge Cells (0.0)
RBC (Grade)
Microcytes (2+)
Macrocytes (1+)
Ovalocytes (2+)
Elliptocytes (1+)
Teardrop Cells (1+)
Fragmented Cells (1+)
Target Cells (1+)
Echinocytes (2+)
Hypochromic Cells (0+)
Polychromatic Cells (0+)
Platelet (Count)
Large Platelets (15)
Platelet Clumps (2)
2025-01-31 14:39:22 INFO  verifyReportSignoff:259 - All expected eligible cells are present in the Supporting Images page.
2025-01-31 14:39:22 INFO  verifyReportSignoffTest:1059 - Supporting image Page Eligible cell name are available 
2025-01-31 14:39:22 INFO  verifyReportSignoff:691 - Click on back to report button
2025-01-31 14:39:24 INFO  verifyReportSignoff:697 - Back to report to summary page
2025-01-31 14:39:24 INFO  ScreenshotListeners:29 - 
================:  verify The Availability Of Cell Name In Supporting Image Page R B C Sub Size :====================

2025-01-31 14:39:25 INFO  CommonMethods:444 - RBC tab is selected
2025-01-31 14:39:25 INFO  verifyReportSignoff:216 - Clicked on the Approve Report button
2025-01-31 14:39:25 INFO  verifyReportSignoff:221 - Clicked on Confirm button in the popup
2025-01-31 14:39:25 INFO  verifyReportSignoff:235 - Clicked on Add Supporting Images button
2025-01-31 14:39:26 INFO  verifyReportSignoff:239 - Eligible cells retrieved from the page:
WBC(%)
WBC
Neutrophils (42.6)
Lymphocytes (39.2)
Eosinophils (4.3)
Monocytes (12.4)
Basophils (0.0)
Atypical Cells/Blasts (1.4)
Immature Granulocytes (0.0)
Immature Eosinophils (0.0)
Immature Basophils (0.0)
Promonocytes (0.0)
Prolymphocytes (0.0)
Hairy Cells (0.0)
Sezary Cells (0.0)
Plasma Cells (0.0)
Others (0.0)
Non-WBC
NRBC (0.5)
Smudge Cells (0.0)
RBC (Grade)
Microcytes (2+)
Macrocytes (1+)
Ovalocytes (2+)
Elliptocytes (1+)
Teardrop Cells (1+)
Fragmented Cells (1+)
Target Cells (1+)
Echinocytes (2+)
Hypochromic Cells (0+)
Polychromatic Cells (0+)
Platelet (Count)
Large Platelets (15)
Platelet Clumps (2)
2025-01-31 14:39:26 INFO  verifyReportSignoff:259 - All expected eligible cells are present in the Supporting Images page.
2025-01-31 14:39:26 INFO  verifyReportSignoffTest:1084 - Supporting image Page Eligible cell name are available 
2025-01-31 14:39:26 INFO  verifyReportSignoff:691 - Click on back to report button
2025-01-31 14:39:28 INFO  verifyReportSignoff:697 - Back to report to summary page
2025-01-31 14:39:28 INFO  ScreenshotListeners:29 - 
================:  verify The Availability Of Cell Name In Supporting Image Page R B C Sub Shape :====================

2025-01-31 14:39:29 INFO  CommonMethods:444 - RBC tab is selected
2025-01-31 14:39:29 INFO  CommonMethods:655 - Shape Sub Tab is selected
2025-01-31 14:39:29 INFO  verifyReportSignoff:216 - Clicked on the Approve Report button
2025-01-31 14:39:29 INFO  verifyReportSignoff:221 - Clicked on Confirm button in the popup
2025-01-31 14:39:30 INFO  verifyReportSignoff:235 - Clicked on Add Supporting Images button
2025-01-31 14:39:30 INFO  verifyReportSignoff:239 - Eligible cells retrieved from the page:
WBC(%)
WBC
Neutrophils (42.6)
Lymphocytes (39.2)
Eosinophils (4.3)
Monocytes (12.4)
Basophils (0.0)
Atypical Cells/Blasts (1.4)
Immature Granulocytes (0.0)
Immature Eosinophils (0.0)
Immature Basophils (0.0)
Promonocytes (0.0)
Prolymphocytes (0.0)
Hairy Cells (0.0)
Sezary Cells (0.0)
Plasma Cells (0.0)
Others (0.0)
Non-WBC
NRBC (0.5)
Smudge Cells (0.0)
RBC (Grade)
Microcytes (2+)
Macrocytes (1+)
Ovalocytes (2+)
Elliptocytes (1+)
Teardrop Cells (1+)
Fragmented Cells (1+)
Target Cells (1+)
Echinocytes (2+)
Hypochromic Cells (0+)
Polychromatic Cells (0+)
Platelet (Count)
Large Platelets (15)
Platelet Clumps (2)
2025-01-31 14:39:30 INFO  verifyReportSignoff:259 - All expected eligible cells are present in the Supporting Images page.
2025-01-31 14:39:30 INFO  verifyReportSignoffTest:1109 - Supporting image Page Eligible cell name are available 
2025-01-31 14:39:30 INFO  verifyReportSignoff:691 - Click on back to report button
2025-01-31 14:39:32 INFO  verifyReportSignoff:697 - Back to report to summary page
2025-01-31 14:39:32 INFO  ScreenshotListeners:29 - 
================:  verify The Availability Of Cell Name In Supporting Image Page Color Sub Color :====================

2025-01-31 14:39:33 INFO  CommonMethods:444 - RBC tab is selected
2025-01-31 14:39:33 INFO  CommonMethods:655 - Color Sub Tab is selected
2025-01-31 14:39:33 INFO  verifyReportSignoff:216 - Clicked on the Approve Report button
2025-01-31 14:39:34 INFO  verifyReportSignoff:221 - Clicked on Confirm button in the popup
2025-01-31 14:39:34 INFO  verifyReportSignoff:235 - Clicked on Add Supporting Images button
2025-01-31 14:39:34 INFO  verifyReportSignoff:239 - Eligible cells retrieved from the page:
WBC(%)
WBC
Neutrophils (42.6)
Lymphocytes (39.2)
Eosinophils (4.3)
Monocytes (12.4)
Basophils (0.0)
Atypical Cells/Blasts (1.4)
Immature Granulocytes (0.0)
Immature Eosinophils (0.0)
Immature Basophils (0.0)
Promonocytes (0.0)
Prolymphocytes (0.0)
Hairy Cells (0.0)
Sezary Cells (0.0)
Plasma Cells (0.0)
Others (0.0)
Non-WBC
NRBC (0.5)
Smudge Cells (0.0)
RBC (Grade)
Microcytes (2+)
Macrocytes (1+)
Ovalocytes (2+)
Elliptocytes (1+)
Teardrop Cells (1+)
Fragmented Cells (1+)
Target Cells (1+)
Echinocytes (2+)
Hypochromic Cells (0+)
Polychromatic Cells (0+)
Platelet (Count)
Large Platelets (15)
Platelet Clumps (2)
2025-01-31 14:39:34 INFO  verifyReportSignoff:259 - All expected eligible cells are present in the Supporting Images page.
2025-01-31 14:39:34 INFO  verifyReportSignoffTest:1137 - Supporting image Page Eligible cell name are available 
2025-01-31 14:39:35 INFO  verifyReportSignoff:691 - Click on back to report button
2025-01-31 14:39:37 INFO  verifyReportSignoff:697 - Back to report to summary page
2025-01-31 14:39:37 INFO  ScreenshotListeners:29 - 
================:  verify The Availability Of Cell Name In Supporting Image Page Color Sub Inclusions :====================

2025-01-31 14:39:37 INFO  CommonMethods:444 - RBC tab is selected
2025-01-31 14:39:37 INFO  CommonMethods:655 - Inclusions Sub Tab is selected
2025-01-31 14:39:37 INFO  verifyReportSignoff:216 - Clicked on the Approve Report button
2025-01-31 14:39:38 INFO  verifyReportSignoff:221 - Clicked on Confirm button in the popup
2025-01-31 14:39:38 INFO  verifyReportSignoff:235 - Clicked on Add Supporting Images button
2025-01-31 14:39:38 INFO  verifyReportSignoff:239 - Eligible cells retrieved from the page:
WBC(%)
WBC
Neutrophils (42.6)
Lymphocytes (39.2)
Eosinophils (4.3)
Monocytes (12.4)
Basophils (0.0)
Atypical Cells/Blasts (1.4)
Immature Granulocytes (0.0)
Immature Eosinophils (0.0)
Immature Basophils (0.0)
Promonocytes (0.0)
Prolymphocytes (0.0)
Hairy Cells (0.0)
Sezary Cells (0.0)
Plasma Cells (0.0)
Others (0.0)
Non-WBC
NRBC (0.5)
Smudge Cells (0.0)
RBC (Grade)
Microcytes (2+)
Macrocytes (1+)
Ovalocytes (2+)
Elliptocytes (1+)
Teardrop Cells (1+)
Fragmented Cells (1+)
Target Cells (1+)
Echinocytes (2+)
Hypochromic Cells (0+)
Polychromatic Cells (0+)
Platelet (Count)
Large Platelets (15)
Platelet Clumps (2)
2025-01-31 14:39:38 INFO  verifyReportSignoff:259 - All expected eligible cells are present in the Supporting Images page.
2025-01-31 14:39:38 INFO  verifyReportSignoffTest:1165 - Supporting image Page Eligible cell name are available 
2025-01-31 14:39:39 INFO  verifyReportSignoff:691 - Click on back to report button
2025-01-31 14:39:41 INFO  verifyReportSignoff:697 - Back to report to summary page
2025-01-31 14:39:41 INFO  ScreenshotListeners:29 - 
================:  verify The Availability Of Cell Name In Supporting Image Page Platelets Sub Count Split :====================

2025-01-31 14:39:41 INFO  CommonMethods:444 - Platelets tab is selected
2025-01-31 14:39:41 INFO  CommonMethods:655 - Count Sub Tab is selected
2025-01-31 14:39:42 INFO  verifyReportSignoff:216 - Clicked on the Approve Report button
2025-01-31 14:39:43 INFO  verifyReportSignoff:221 - Clicked on Confirm button in the popup
2025-01-31 14:39:43 INFO  verifyReportSignoff:235 - Clicked on Add Supporting Images button
2025-01-31 14:39:43 INFO  verifyReportSignoff:239 - Eligible cells retrieved from the page:
WBC(%)
WBC
Neutrophils (42.6)
Lymphocytes (39.2)
Eosinophils (4.3)
Monocytes (12.4)
Basophils (0.0)
Atypical Cells/Blasts (1.4)
Immature Granulocytes (0.0)
Immature Eosinophils (0.0)
Immature Basophils (0.0)
Promonocytes (0.0)
Prolymphocytes (0.0)
Hairy Cells (0.0)
Sezary Cells (0.0)
Plasma Cells (0.0)
Others (0.0)
Non-WBC
NRBC (0.5)
Smudge Cells (0.0)
RBC (Grade)
Microcytes (2+)
Macrocytes (1+)
Ovalocytes (2+)
Elliptocytes (1+)
Teardrop Cells (1+)
Fragmented Cells (1+)
Target Cells (1+)
Echinocytes (2+)
Hypochromic Cells (0+)
Polychromatic Cells (0+)
Platelet (Count)
Large Platelets (15)
Platelet Clumps (2)
2025-01-31 14:39:43 INFO  verifyReportSignoff:259 - All expected eligible cells are present in the Supporting Images page.
2025-01-31 14:39:43 INFO  verifyReportSignoffTest:1183 - Supporting image Page Eligible cell name are available 
2025-01-31 14:39:44 INFO  verifyReportSignoff:691 - Click on back to report button
2025-01-31 14:39:46 INFO  verifyReportSignoff:697 - Back to report to summary page
2025-01-31 14:39:46 INFO  ScreenshotListeners:29 - 
================:  verify The Availability Of Cell Name In Supporting Image Page Platelets Sub Morphology :====================

2025-01-31 14:39:46 INFO  CommonMethods:444 - Platelets tab is selected
2025-01-31 14:39:47 INFO  CommonMethods:655 - Morphology Sub Tab is selected
2025-01-31 14:39:47 INFO  verifyReportSignoff:216 - Clicked on the Approve Report button
2025-01-31 14:39:48 INFO  verifyReportSignoff:221 - Clicked on Confirm button in the popup
2025-01-31 14:39:48 INFO  verifyReportSignoff:235 - Clicked on Add Supporting Images button
2025-01-31 14:39:48 INFO  verifyReportSignoff:239 - Eligible cells retrieved from the page:
WBC(%)
WBC
Neutrophils (42.6)
Lymphocytes (39.2)
Eosinophils (4.3)
Monocytes (12.4)
Basophils (0.0)
Atypical Cells/Blasts (1.4)
Immature Granulocytes (0.0)
Immature Eosinophils (0.0)
Immature Basophils (0.0)
Promonocytes (0.0)
Prolymphocytes (0.0)
Hairy Cells (0.0)
Sezary Cells (0.0)
Plasma Cells (0.0)
Others (0.0)
Non-WBC
NRBC (0.5)
Smudge Cells (0.0)
RBC (Grade)
Microcytes (2+)
Macrocytes (1+)
Ovalocytes (2+)
Elliptocytes (1+)
Teardrop Cells (1+)
Fragmented Cells (1+)
Target Cells (1+)
Echinocytes (2+)
Hypochromic Cells (0+)
Polychromatic Cells (0+)
Platelet (Count)
Large Platelets (15)
Platelet Clumps (2)
2025-01-31 14:39:48 INFO  verifyReportSignoff:259 - All expected eligible cells are present in the Supporting Images page.
2025-01-31 14:39:48 INFO  verifyReportSignoffTest:1200 - Supporting image Page Eligible cell name are available 
2025-01-31 14:39:48 INFO  verifyReportSignoff:691 - Click on back to report button
2025-01-31 14:39:51 INFO  verifyReportSignoff:697 - Back to report to summary page
2025-01-31 14:39:51 INFO  ScreenshotListeners:29 - 
================:  verify The Check Box Select And Deselect :====================

2025-01-31 14:39:51 INFO  verifyReportSignoff:277 - Clicked on the Approve Report button
2025-01-31 14:39:51 INFO  verifyReportSignoff:282 - Clicked on Confirm button in the popup
2025-01-31 14:39:51 INFO  verifyReportSignoff:288 - Clicked on Add Supporting Images button
2025-01-31 14:39:54 INFO  verifyReportSignoffTest:1225 - Check box Functionality is Working
2025-01-31 14:39:55 INFO  verifyReportSignoff:691 - Click on back to report button
2025-01-31 14:39:57 INFO  verifyReportSignoff:697 - Back to report to summary page
2025-01-31 14:39:57 INFO  ScreenshotListeners:29 - 
================:  verify The Modify Button Availability :====================

2025-01-31 14:39:57 INFO  verifyReportSignoff:353 - Clicked on the Approve Report button
2025-01-31 14:39:57 INFO  verifyReportSignoff:358 - Clicked on Confirm button in the popup
2025-01-31 14:39:57 INFO  verifyReportSignoff:364 - Clicked on Add Supporting Images button
2025-01-31 14:40:08 INFO  verifyReportSignoff:435 - Clicked Modify button for cell type: Neutrophils
2025-01-31 14:40:08 INFO  verifyReportSignoff:440 - Modify patch window displayed successfully for: Neutrophils
2025-01-31 14:40:08 INFO  verifyReportSignoff:449 - Total patches available for selection: 89
2025-01-31 14:40:08 INFO  verifyReportSignoff:462 - Cleared pre-selected patches for cell: Neutrophils
2025-01-31 14:40:09 INFO  verifyReportSignoff:527 - Selected 5 patches.
2025-01-31 14:40:09 INFO  verifyReportSignoff:533 - Verified: 5 patches selected with correct numbering.
2025-01-31 14:40:19 INFO  verifyReportSignoff:470 - Added 5 selected patches to the report.
2025-01-31 14:40:20 INFO  verifyReportSignoff:481 - Cleared pre-selected patches for 'more than 12 patches' scenario.
2025-01-31 14:40:21 INFO  verifyReportSignoff:527 - Selected 13 patches.
2025-01-31 14:40:21 INFO  verifyReportSignoff:486 - Verified alert for selecting more than 12 patches: Maximum 12 patches can be selected
2025-01-31 14:40:26 INFO  verifyReportSignoff:493 - Cancelled operation, resetting to default system-selected patches.
2025-01-31 14:40:37 INFO  verifyReportSignoff:435 - Clicked Modify button for cell type: Lymphocytes
2025-01-31 14:40:37 INFO  verifyReportSignoff:440 - Modify patch window displayed successfully for: Lymphocytes
2025-01-31 14:40:37 INFO  verifyReportSignoff:449 - Total patches available for selection: 82
2025-01-31 14:40:47 INFO  verifyReportSignoff:462 - Cleared pre-selected patches for cell: Lymphocytes
2025-01-31 14:41:13 INFO  verifyReportSignoff:527 - Selected 5 patches.
2025-01-31 14:41:13 INFO  verifyReportSignoff:533 - Verified: 5 patches selected with correct numbering.
2025-01-31 14:41:28 INFO  verifyReportSignoff:470 - Added 5 selected patches to the report.
2025-01-31 14:41:59 INFO  verifyReportSignoff:481 - Cleared pre-selected patches for 'more than 12 patches' scenario.
2025-01-31 14:43:04 INFO  verifyReportSignoff:527 - Selected 13 patches.
2025-01-31 14:43:05 INFO  verifyReportSignoff:486 - Verified alert for selecting more than 12 patches: Maximum 12 patches can be selected
2025-01-31 14:43:15 INFO  verifyReportSignoff:493 - Cancelled operation, resetting to default system-selected patches.
2025-01-31 14:43:40 INFO  verifyReportSignoff:435 - Clicked Modify button for cell type: Eosinophils
2025-01-31 14:43:40 INFO  verifyReportSignoff:440 - Modify patch window displayed successfully for: Eosinophils
2025-01-31 14:43:40 INFO  verifyReportSignoff:449 - Total patches available for selection: 9
2025-01-31 14:43:50 INFO  verifyReportSignoff:462 - Cleared pre-selected patches for cell: Eosinophils
2025-01-31 14:44:15 INFO  verifyReportSignoff:527 - Selected 5 patches.
2025-01-31 14:44:15 INFO  verifyReportSignoff:533 - Verified: 5 patches selected with correct numbering.
2025-01-31 14:44:31 INFO  verifyReportSignoff:470 - Added 5 selected patches to the report.
2025-01-31 14:44:31 INFO  verifyReportSignoff:501 - Skipping 'more than 12 patches' test as only 9 patches are available.
2025-01-31 14:44:56 INFO  verifyReportSignoff:435 - Clicked Modify button for cell type: Monocytes
2025-01-31 14:44:56 INFO  verifyReportSignoff:440 - Modify patch window displayed successfully for: Monocytes
2025-01-31 14:44:56 INFO  verifyReportSignoff:449 - Total patches available for selection: 26
2025-01-31 14:45:06 INFO  verifyReportSignoff:462 - Cleared pre-selected patches for cell: Monocytes
2025-01-31 14:45:32 INFO  verifyReportSignoff:527 - Selected 5 patches.
2025-01-31 14:45:32 INFO  verifyReportSignoff:533 - Verified: 5 patches selected with correct numbering.
2025-01-31 14:45:47 INFO  verifyReportSignoff:470 - Added 5 selected patches to the report.
2025-01-31 14:46:18 INFO  verifyReportSignoff:481 - Cleared pre-selected patches for 'more than 12 patches' scenario.
2025-01-31 14:47:24 INFO  verifyReportSignoff:527 - Selected 13 patches.
2025-01-31 14:47:24 INFO  verifyReportSignoff:486 - Verified alert for selecting more than 12 patches: Maximum 12 patches can be selected
2025-01-31 14:47:34 INFO  verifyReportSignoff:493 - Cancelled operation, resetting to default system-selected patches.
2025-01-31 14:47:59 INFO  verifyReportSignoff:435 - Clicked Modify button for cell type: Atypical Cells/Blasts
2025-01-31 14:47:59 INFO  verifyReportSignoff:440 - Modify patch window displayed successfully for: Atypical Cells/Blasts
2025-01-31 14:47:59 INFO  verifyReportSignoff:449 - Total patches available for selection: 3
2025-01-31 14:48:10 INFO  verifyReportSignoff:462 - Cleared pre-selected patches for cell: Atypical Cells/Blasts
2025-01-31 14:48:25 INFO  verifyReportSignoff:527 - Selected 3 patches.
2025-01-31 14:48:25 INFO  verifyReportSignoff:533 - Verified: 3 patches selected with correct numbering.
2025-01-31 14:48:40 INFO  verifyReportSignoff:470 - Added 3 selected patches to the report.
2025-01-31 14:48:40 INFO  verifyReportSignoff:501 - Skipping 'more than 12 patches' test as only 3 patches are available.
2025-01-31 14:49:06 INFO  verifyReportSignoff:435 - Clicked Modify button for cell type: Microcytes
2025-01-31 14:49:06 INFO  verifyReportSignoff:440 - Modify patch window displayed successfully for: Microcytes
2025-01-31 14:49:06 INFO  verifyReportSignoff:449 - Total patches available for selection: 925
2025-01-31 14:49:17 INFO  verifyReportSignoff:462 - Cleared pre-selected patches for cell: Microcytes
2025-01-31 14:49:48 INFO  verifyReportSignoff:527 - Selected 5 patches.
2025-01-31 14:49:48 INFO  verifyReportSignoff:533 - Verified: 5 patches selected with correct numbering.
2025-01-31 14:50:04 INFO  verifyReportSignoff:470 - Added 5 selected patches to the report.
2025-01-31 14:50:36 INFO  verifyReportSignoff:481 - Cleared pre-selected patches for 'more than 12 patches' scenario.
2025-01-31 14:51:50 INFO  verifyReportSignoff:527 - Selected 13 patches.
2025-01-31 14:51:50 INFO  verifyReportSignoff:486 - Verified alert for selecting more than 12 patches: Maximum 12 patches can be selected
2025-01-31 14:52:00 INFO  verifyReportSignoff:493 - Cancelled operation, resetting to default system-selected patches.
2025-01-31 14:52:26 INFO  verifyReportSignoff:435 - Clicked Modify button for cell type: Ovalocytes
2025-01-31 14:52:26 INFO  verifyReportSignoff:440 - Modify patch window displayed successfully for: Ovalocytes
2025-01-31 14:52:26 INFO  verifyReportSignoff:449 - Total patches available for selection: 509
2025-01-31 14:52:36 INFO  verifyReportSignoff:462 - Cleared pre-selected patches for cell: Ovalocytes
2025-01-31 14:53:06 INFO  verifyReportSignoff:527 - Selected 5 patches.
2025-01-31 14:53:06 INFO  verifyReportSignoff:533 - Verified: 5 patches selected with correct numbering.
2025-01-31 14:53:22 INFO  verifyReportSignoff:470 - Added 5 selected patches to the report.
2025-01-31 14:53:53 INFO  verifyReportSignoff:481 - Cleared pre-selected patches for 'more than 12 patches' scenario.
2025-01-31 14:55:03 INFO  verifyReportSignoff:527 - Selected 13 patches.
2025-01-31 14:55:03 INFO  verifyReportSignoff:486 - Verified alert for selecting more than 12 patches: Maximum 12 patches can be selected
2025-01-31 14:55:13 INFO  verifyReportSignoff:493 - Cancelled operation, resetting to default system-selected patches.
2025-01-31 14:55:38 INFO  verifyReportSignoff:435 - Clicked Modify button for cell type: Fragmented Cells
2025-01-31 14:55:38 INFO  verifyReportSignoff:440 - Modify patch window displayed successfully for: Fragmented Cells
2025-01-31 14:55:38 INFO  verifyReportSignoff:449 - Total patches available for selection: 44
2025-01-31 14:55:49 INFO  verifyReportSignoff:462 - Cleared pre-selected patches for cell: Fragmented Cells
2025-01-31 14:56:14 INFO  verifyReportSignoff:527 - Selected 5 patches.
2025-01-31 14:56:14 INFO  verifyReportSignoff:533 - Verified: 5 patches selected with correct numbering.
2025-01-31 14:56:29 INFO  verifyReportSignoff:470 - Added 5 selected patches to the report.
2025-01-31 14:56:42 INFO  verifyReportSignoff:481 - Cleared pre-selected patches for 'more than 12 patches' scenario.
2025-01-31 14:56:44 INFO  verifyReportSignoff:527 - Selected 13 patches.
2025-01-31 14:56:44 INFO  verifyReportSignoff:486 - Verified alert for selecting more than 12 patches: Maximum 12 patches can be selected
2025-01-31 14:56:49 INFO  verifyReportSignoff:493 - Cancelled operation, resetting to default system-selected patches.
2025-01-31 14:57:15 INFO  verifyReportSignoff:435 - Clicked Modify button for cell type: Echinocytes
2025-01-31 14:57:15 INFO  verifyReportSignoff:440 - Modify patch window displayed successfully for: Echinocytes
2025-01-31 14:57:15 INFO  verifyReportSignoff:449 - Total patches available for selection: 563
2025-01-31 14:57:25 INFO  verifyReportSignoff:462 - Cleared pre-selected patches for cell: Echinocytes
2025-01-31 14:57:54 INFO  verifyReportSignoff:527 - Selected 5 patches.
2025-01-31 14:57:54 INFO  verifyReportSignoff:533 - Verified: 5 patches selected with correct numbering.
2025-01-31 14:58:10 INFO  verifyReportSignoff:470 - Added 5 selected patches to the report.
2025-01-31 14:58:41 INFO  verifyReportSignoff:481 - Cleared pre-selected patches for 'more than 12 patches' scenario.
2025-01-31 14:59:51 INFO  verifyReportSignoff:527 - Selected 13 patches.
2025-01-31 14:59:51 INFO  verifyReportSignoff:486 - Verified alert for selecting more than 12 patches: Maximum 12 patches can be selected
2025-01-31 15:00:01 INFO  verifyReportSignoff:493 - Cancelled operation, resetting to default system-selected patches.
2025-01-31 15:00:27 INFO  verifyReportSignoff:435 - Clicked Modify button for cell type: Large Platelets
2025-01-31 15:00:27 INFO  verifyReportSignoff:440 - Modify patch window displayed successfully for: Large Platelets
2025-01-31 15:00:27 INFO  verifyReportSignoff:449 - Total patches available for selection: 15
2025-01-31 15:00:37 INFO  verifyReportSignoff:462 - Cleared pre-selected patches for cell: Large Platelets
2025-01-31 15:01:02 INFO  verifyReportSignoff:527 - Selected 5 patches.
2025-01-31 15:01:02 INFO  verifyReportSignoff:533 - Verified: 5 patches selected with correct numbering.
2025-01-31 15:01:17 INFO  verifyReportSignoff:470 - Added 5 selected patches to the report.
2025-01-31 15:01:48 INFO  verifyReportSignoff:481 - Cleared pre-selected patches for 'more than 12 patches' scenario.
2025-01-31 15:02:53 INFO  verifyReportSignoff:527 - Selected 13 patches.
2025-01-31 15:02:53 INFO  verifyReportSignoff:486 - Verified alert for selecting more than 12 patches: Maximum 12 patches can be selected
2025-01-31 15:03:03 INFO  verifyReportSignoff:493 - Cancelled operation, resetting to default system-selected patches.
2025-01-31 15:03:29 INFO  verifyReportSignoff:435 - Clicked Modify button for cell type: Platelet Clumps
2025-01-31 15:03:29 INFO  verifyReportSignoff:440 - Modify patch window displayed successfully for: Platelet Clumps
2025-01-31 15:03:29 INFO  verifyReportSignoff:449 - Total patches available for selection: 2
2025-01-31 15:03:39 INFO  verifyReportSignoff:462 - Cleared pre-selected patches for cell: Platelet Clumps
2025-01-31 15:03:49 INFO  verifyReportSignoff:527 - Selected 2 patches.
2025-01-31 15:03:49 INFO  verifyReportSignoff:533 - Verified: 2 patches selected with correct numbering.
2025-01-31 15:04:05 INFO  verifyReportSignoff:470 - Added 2 selected patches to the report.
2025-01-31 15:04:05 INFO  verifyReportSignoff:501 - Skipping 'more than 12 patches' test as only 2 patches are available.
2025-01-31 15:04:05 INFO  verifyReportSignoffTest:1232 - Check box Functionality is Working
2025-01-31 15:04:15 INFO  verifyReportSignoff:691 - Click on back to report button
2025-01-31 15:04:17 INFO  verifyReportSignoff:697 - Back to report to summary page
2025-01-31 15:04:17 INFO  ScreenshotListeners:29 - 
================:  verify Text On Ps Impression In Preview Report :====================

2025-01-31 15:04:49 INFO  verifyReportSignoff:561 - Clicked on Approve Report button
2025-01-31 15:04:49 INFO  verifyReportSignoff:565 - Confirmation popup displayed: Are you sure you want to approve?
2025-01-31 15:04:55 INFO  verifyReportSignoff:572 - Clicked on Confirm button in the popup
2025-01-31 15:04:55 INFO  verifyReportSignoff:576 - Successfully redirected to the next page after approval
2025-01-31 15:04:55 INFO  verifyReportSignoffTest:1239 - PS impression is same as in Summary page
2025-01-31 15:05:05 INFO  verifyReportSignoff:691 - Click on back to report button
2025-01-31 15:05:07 INFO  verifyReportSignoff:697 - Back to report to summary page
2025-01-31 15:05:07 INFO  ScreenshotListeners:29 - 
================:  verify The Report Sign Off And Verify P D F :====================

2025-01-31 15:05:14 INFO  verifyReportSignoff:606 - Clicked on Approve Report button
2025-01-31 15:05:14 INFO  verifyReportSignoff:610 - Confirmation popup displayed: Are you sure you want to approve?
2025-01-31 15:05:19 INFO  verifyReportSignoff:617 - Clicked on Confirm button in the popup
2025-01-31 15:05:19 INFO  verifyReportSignoff:621 - Successfully redirected to the next page: No changes can be made once report is approved!
2025-01-31 15:05:25 INFO  verifyReportSignoff:626 - Clicked on Approve Report button on the Preview Page
2025-01-31 15:05:25 INFO  verifyReportSignoff:630 - Confirmation popup displayed on the Preview Page: Approve the report without supporting images?
Are you sure you dont want to add supporting images to this report? This action is not reversible.
Cancel
Approve report
2025-01-31 15:05:30 INFO  verifyReportSignoff:635 - Clicked on Approve button in the Preview Report popup
2025-01-31 15:05:33 INFO  verifyReportSignoff:645 - Report approved successfully with status: Approved By:manju
2025-01-31 15:05:44 INFO  CommonMethods:468 - Back button is selected
2025-01-31 15:06:07 INFO  verifyReportSignoff:664 - The report with Slide ID we-8 is approved.
2025-01-31 15:06:11 INFO  verifyReportSignoff:820 - Download option is visible for approved report
2025-01-31 15:06:11 INFO  verifyReportSignoffTest:1247 - Report Approved Successfully
2025-01-31 15:06:22 INFO  ScreenshotListeners:29 - 
================:  reopen Report :====================

2025-01-31 15:06:34 INFO  VerifyTheListReportPage:670 - user is drop down is available
2025-01-31 15:06:34 INFO  verifyReportSignoffTest:1295 - Summary page is Displayed successfully
2025-01-31 15:06:34 INFO  ScreenshotListeners:29 - 
================:  verify The Contents Of Reject Btn Popup In Summary :====================

2025-01-31 15:06:34 INFO  verifyReportSignoff:709 - Clicked on the Reject Report button
2025-01-31 15:06:34 INFO  verifyReportSignoff:713 - Pop-up content retrieved: 
Are you sure you want to reject this report?
No changes can be made once report is rejected!
Cancel
Reject report
2025-01-31 15:06:35 INFO  verifyReportSignoff:725 - Verify the content of the pop up
2025-01-31 15:06:35 INFO  verifyReportSignoffTest:1311 - All the Contents are available in Reject report Pop-Up
2025-01-31 15:06:35 INFO  ScreenshotListeners:29 - 
================:  verify The Contents Of Reject Btn Popup In W B C :====================

2025-01-31 15:06:35 INFO  CommonMethods:444 - WBC tab is selected
2025-01-31 15:06:35 INFO  verifyReportSignoff:709 - Clicked on the Reject Report button
2025-01-31 15:06:36 INFO  verifyReportSignoff:713 - Pop-up content retrieved: 
Are you sure you want to reject this report?
No changes can be made once report is rejected!
Cancel
Reject report
2025-01-31 15:06:36 INFO  verifyReportSignoff:725 - Verify the content of the pop up
2025-01-31 15:06:36 INFO  verifyReportSignoffTest:1317 - All the Contents are available in Reject report Pop-Up
2025-01-31 15:06:36 INFO  ScreenshotListeners:29 - 
================:  verify The Contents Of Reject Btn Popup In R B C Size :====================

2025-01-31 15:06:36 INFO  CommonMethods:444 - RBC tab is selected
2025-01-31 15:06:36 INFO  verifyReportSignoff:709 - Clicked on the Reject Report button
2025-01-31 15:06:36 INFO  verifyReportSignoff:713 - Pop-up content retrieved: 
Are you sure you want to reject this report?
No changes can be made once report is rejected!
Cancel
Reject report
2025-01-31 15:06:37 INFO  verifyReportSignoff:725 - Verify the content of the pop up
2025-01-31 15:06:37 INFO  verifyReportSignoffTest:1324 - All the Contents are available in Reject report Pop-Up
2025-01-31 15:06:37 INFO  ScreenshotListeners:29 - 
================:  verify The Contents Of Reject Btn Popup In R B C Shape :====================

2025-01-31 15:06:37 INFO  CommonMethods:655 - Shape Sub Tab is selected
2025-01-31 15:06:38 INFO  verifyReportSignoff:709 - Clicked on the Reject Report button
2025-01-31 15:06:38 INFO  verifyReportSignoff:713 - Pop-up content retrieved: 
Are you sure you want to reject this report?
No changes can be made once report is rejected!
Cancel
Reject report
2025-01-31 15:06:38 INFO  verifyReportSignoff:725 - Verify the content of the pop up
2025-01-31 15:06:38 INFO  verifyReportSignoffTest:1343 - All the Contents are available in Reject report Pop-Up
2025-01-31 15:06:38 INFO  ScreenshotListeners:29 - 
================:  verify The Contents Of Reject Btn Popup In R B C Color :====================

2025-01-31 15:06:38 INFO  CommonMethods:655 - Color Sub Tab is selected
2025-01-31 15:06:38 INFO  verifyReportSignoff:709 - Clicked on the Reject Report button
2025-01-31 15:06:38 INFO  verifyReportSignoff:713 - Pop-up content retrieved: 
Are you sure you want to reject this report?
No changes can be made once report is rejected!
Cancel
Reject report
2025-01-31 15:06:39 INFO  verifyReportSignoff:725 - Verify the content of the pop up
2025-01-31 15:06:39 INFO  verifyReportSignoffTest:1362 - All the Contents are available in Reject report Pop-Up
2025-01-31 15:06:39 INFO  ScreenshotListeners:29 - 
================:  verify The Contents Of Reject Btn Popup In R B C Inclusions :====================

2025-01-31 15:06:39 INFO  CommonMethods:655 - Inclusions Sub Tab is selected
2025-01-31 15:06:39 INFO  verifyReportSignoff:709 - Clicked on the Reject Report button
2025-01-31 15:06:39 INFO  verifyReportSignoff:713 - Pop-up content retrieved: 
Are you sure you want to reject this report?
No changes can be made once report is rejected!
Cancel
Reject report
2025-01-31 15:06:39 INFO  verifyReportSignoff:725 - Verify the content of the pop up
2025-01-31 15:06:39 INFO  verifyReportSignoffTest:1382 - All the Contents are available in Reject report Pop-Up
2025-01-31 15:06:39 INFO  ScreenshotListeners:29 - 
================:  verify The Contents Of Reject Btn Popup In Platelets Count In Split :====================

2025-01-31 15:06:39 INFO  CommonMethods:444 - Platelets tab is selected
2025-01-31 15:06:40 INFO  verifyReportSignoff:709 - Clicked on the Reject Report button
2025-01-31 15:06:41 INFO  verifyReportSignoff:713 - Pop-up content retrieved: 
Are you sure you want to reject this report?
No changes can be made once report is rejected!
Cancel
Reject report
2025-01-31 15:06:41 INFO  verifyReportSignoff:725 - Verify the content of the pop up
2025-01-31 15:06:41 INFO  verifyReportSignoffTest:1396 - All the Contents are available in Reject report Pop-Up
2025-01-31 15:06:41 INFO  ScreenshotListeners:29 - 
================:  verify The Contents Of Reject Btn Popup In Platelets Morphology :====================

2025-01-31 15:06:41 INFO  CommonMethods:655 - Morphology Sub Tab is selected
2025-01-31 15:06:41 INFO  verifyReportSignoff:709 - Clicked on the Reject Report button
2025-01-31 15:06:41 INFO  verifyReportSignoff:713 - Pop-up content retrieved: 
Are you sure you want to reject this report?
No changes can be made once report is rejected!
Cancel
Reject report
2025-01-31 15:06:41 INFO  verifyReportSignoff:725 - Verify the content of the pop up
2025-01-31 15:06:41 INFO  verifyReportSignoffTest:1410 - All the Contents are available in Reject report Pop-Up
2025-01-31 15:06:41 INFO  ScreenshotListeners:29 - 
================:  verify The Reject From Report Preview Page :====================

2025-01-31 15:06:41 INFO  verifyReportSignoff:744 - Clicked on the Reject Report button
2025-01-31 15:06:41 INFO  verifyReportSignoff:749 - Pop-up content retrieved: 
Are you sure you want to reject this report?
No changes can be made once report is rejected!
Cancel
Reject report
2025-01-31 15:06:41 INFO  verifyReportSignoff:759 - Popup content matches the expected content.
2025-01-31 15:06:42 INFO  verifyReportSignoff:767 - Reject and Cancel buttons are displayed in the popup.
2025-01-31 15:06:42 INFO  verifyReportSignoff:769 - Clicked on Reject Report button in the popup.
2025-01-31 15:06:42 INFO  verifyReportSignoff:778 - Report rejected successfully with status: Rejected By:manju
2025-01-31 15:06:43 INFO  CommonMethods:468 - Back button is selected
2025-01-31 15:06:56 INFO  verifyReportSignoff:797 - The report with Slide ID SIG0093 is Rejected.
2025-01-31 15:06:56 INFO  verifyReportSignoffTest:1431 - Report Reject Successfully
