2025-02-05 17:12:07 INFO  ScreenshotListeners:29 - 
================:  valid Login :====================

2025-02-05 17:12:13 INFO  LoginTest:49 - user Logged in successfully
2025-02-05 17:12:13 INFO  ScreenshotListeners:29 - 
================:  verify Sig Logo And P B S :====================

2025-02-05 17:12:13 INFO  VerifyTheListReportPage:48 - Sigtuple logo is Loaded .
2025-02-05 17:12:13 INFO  VerifyTheListReportPage:49 - PBS Text is loaded
2025-02-05 17:12:13 INFO  VerifyTheListReportPageTest:41 -  Sigtuple logo and PBS is Present on the page
2025-02-05 17:12:13 INFO  ScreenshotListeners:29 - 
================:  assign :====================

2025-02-05 17:12:23 INFO  VerifyTheListReportPage:699 - user is drop down is available
2025-02-05 17:12:23 INFO  SummaryTest:39 - Assign the report
2025-02-05 17:12:23 INFO  ScreenshotListeners:29 - 
================:  verify The Functionality Of Multiplication Factor Cancel Btn :====================

2025-02-05 17:12:23 INFO  CommonMethods:444 - Platelet tab is selected
2025-02-05 17:12:24 INFO  ViewAndModifyThePlateletCount:55 - Entered valid multiplication factor: 5000
2025-02-05 17:12:25 INFO  ViewAndModifyThePlateletCount:66 - Set as default for future reports.
2025-02-05 17:12:25 INFO  ViewAndModifyThePlateletCount:75 - Clicked the Cancel button.
2025-02-05 17:12:25 INFO  ViewAndModifyThePlateletCount:82 - Changes successfully reverted after clicking Cancel.
2025-02-05 17:12:25 INFO  ViewAndModifyThePlateletCountTest:47 - multiplication factor is working Fine
2025-02-05 17:12:25 INFO  ScreenshotListeners:29 - 
================:  verify The Functionality Of Multiplication Warning Msg :====================

2025-02-05 17:12:25 INFO  ViewAndModifyThePlateletCount:113 - Entered multiplication factor: 2000
2025-02-05 17:12:25 INFO  ViewAndModifyThePlateletCount:122 - Warning message displayed correctly: Please enter a value between 5000-50000
2025-02-05 17:12:25 INFO  ViewAndModifyThePlateletCount:133 - Clicked the Cancel button.
2025-02-05 17:12:25 INFO  ViewAndModifyThePlateletCount:140 - Changes successfully reverted after clicking Cancel.
2025-02-05 17:12:25 INFO  ViewAndModifyThePlateletCountTest:53 - multiplication factor is working Fine
2025-02-05 17:12:25 INFO  ScreenshotListeners:29 - 
================:  verify The Functionality Of Multiplication Factor :====================

2025-02-05 17:12:25 INFO  ViewAndModifyThePlateletCount:177 - Entered valid multiplication factor: 5000
2025-02-05 17:12:25 INFO  ViewAndModifyThePlateletCount:190 - Unset as default for future reports.
2025-02-05 17:12:26 INFO  ViewAndModifyThePlateletCount:196 - Clicked the Save button.
2025-02-05 17:12:26 INFO  ViewAndModifyThePlateletCount:201 - Multiplication factor successfully saved: 5000
2025-02-05 17:12:26 INFO  ViewAndModifyThePlateletCountTest:59 - multiplication factor is working Fine
2025-02-05 17:12:26 INFO  ScreenshotListeners:29 - 
================:  verify Presence Of Cell Type :====================

2025-02-05 17:12:26 INFO  CommonMethods:721 - Morphology Sub Tab is selected
2025-02-05 17:12:26 INFO  ReviewPlateleyMorphologyCellTypeTest:49 - Morphology tab Cell Types is present on platelet main tab
2025-02-05 17:12:26 INFO  ScreenshotListeners:29 - 
================:  Verify Cell Count Of Large Platelet Is Equal To Patch :====================

2025-02-05 17:12:26 INFO  ReviewPlateletMorphologyCellType:68 - Total patches found: 2
2025-02-05 17:12:26 INFO  ReviewPlateletMorphologyCellType:93 - Total patches found for Large Platelets: 2
2025-02-05 17:12:26 INFO  ReviewPlateletMorphologyCellType:99 - Expected count for Large Platelets: 2
2025-02-05 17:12:26 INFO  ReviewPlateletMorphologyCellType:103 - Large Platelets count matches the patch count. Count: 2
2025-02-05 17:12:26 INFO  ReviewPlateleyMorphologyCellTypeTest:56 - Verify the Large platelet cell count is equal patch count
2025-02-05 17:12:26 INFO  ScreenshotListeners:29 - 
================:  Verify Cell Count Of Platelet Clumps Is Equal To Patch :====================

2025-02-05 17:12:26 INFO  ReviewPlateletMorphologyCellType:68 - Total patches found: 2
2025-02-05 17:12:26 INFO  ReviewPlateletMorphologyCellType:93 - Total patches found for Platelet Clumps: 2
2025-02-05 17:12:26 INFO  ReviewPlateletMorphologyCellType:99 - Expected count for Platelet Clumps: 0
2025-02-05 17:12:26 WARN  ReviewPlateletMorphologyCellType:106 - Mismatch in Platelet Clumps count. Expected: 0, Actual: 2
2025-02-05 17:12:26 INFO  ScreenshotListeners:29 - 
================:  Functionality Of Patch When Select The Patch In Large Platelets :====================

2025-02-05 17:12:26 INFO  ReviewPlateletMorphologyCellType:68 - Total patches found: 2
2025-02-05 17:12:26 INFO  ReviewPlateletMorphologyCellType:134 - Total patches found for Large Platelets: 2
2025-02-05 17:12:26 INFO  ReviewPlateletMorphologyCellType:144 - Patch selected successfully in Large Platelets. Patch details: 
2025-02-05 17:12:26 INFO  ReviewPlateleyMorphologyCellTypeTest:69 - Verify the Large platelet cell  patches are selecting
2025-02-05 17:12:26 INFO  ScreenshotListeners:29 - 
================:  Functionality Of Patch When Select The Patch In Platelet Clumps :====================

2025-02-05 17:12:26 INFO  ReviewPlateletMorphologyCellType:68 - Total patches found: 2
2025-02-05 17:12:26 INFO  ReviewPlateletMorphologyCellType:134 - Total patches found for Platelet Clumps: 2
2025-02-05 17:12:26 INFO  ReviewPlateletMorphologyCellType:144 - Patch selected successfully in Platelet Clumps. Patch details: 
2025-02-05 17:12:26 INFO  ReviewPlateleyMorphologyCellTypeTest:75 - Verify the  Platelet clumps cell patches are selecting
2025-02-05 17:12:26 INFO  ScreenshotListeners:29 - 
================:  verify The Size Of Patches In Large Platelet :====================

2025-02-05 17:12:27 INFO  ReviewPlateleyMorphologyCellTypeTest:82 - Verify the Size of patch
2025-02-05 17:12:27 INFO  ScreenshotListeners:29 - 
================:  verify The Size Of Patches In Platelet Clumps :====================

2025-02-05 17:12:27 INFO  ReviewPlateleyMorphologyCellTypeTest:88 - Verify the Size of patch
2025-02-05 17:12:27 INFO  ScreenshotListeners:29 - 
================:  test Zoom Functionality :====================

2025-02-05 17:12:30 INFO  CommonMethods:647 - Clicked zoom-out button. Step: 1
2025-02-05 17:12:30 INFO  CommonMethods:651 - Zoom level at step 1: 20 μm
2025-02-05 17:12:32 INFO  CommonMethods:647 - Clicked zoom-out button. Step: 2
2025-02-05 17:12:32 INFO  CommonMethods:651 - Zoom level at step 2: 50 μm
2025-02-05 17:12:34 INFO  CommonMethods:647 - Clicked zoom-out button. Step: 3
2025-02-05 17:12:34 INFO  CommonMethods:651 - Zoom level at step 3: 100 μm
2025-02-05 17:12:34 INFO  ReviewPlateleyMorphologyCellTypeTest:103 - Final zoom level after zoom-out: 100 μm
2025-02-05 17:12:36 INFO  CommonMethods:626 - Clicked zoom-in button. Step: 1
2025-02-05 17:12:36 INFO  CommonMethods:630 - Zoom level at step 1: 50 μm
2025-02-05 17:12:38 INFO  CommonMethods:626 - Clicked zoom-in button. Step: 2
2025-02-05 17:12:38 INFO  CommonMethods:630 - Zoom level at step 2: 20 μm
2025-02-05 17:12:40 INFO  CommonMethods:626 - Clicked zoom-in button. Step: 3
2025-02-05 17:12:40 INFO  CommonMethods:630 - Zoom level at step 3: 10 μm
2025-02-05 17:12:40 INFO  ReviewPlateleyMorphologyCellTypeTest:109 - Final zoom level after zoom-in: 10 μm
2025-02-05 17:12:40 INFO  CommonMethods:665 - Clicked home zoom button.
2025-02-05 17:12:42 INFO  CommonMethods:670 - Home zoom level: 500 μm
