2025-02-05 15:46:26 INFO  ScreenshotListeners:29 - 
================:  valid Login :====================

2025-02-05 15:46:32 INFO  LoginTest:49 - user Logged in successfully
2025-02-05 15:46:32 INFO  ScreenshotListeners:29 - 
================:  verify Sig Logo And P B S :====================

2025-02-05 15:46:32 INFO  VerifyTheListReportPage:48 - Sigtuple logo is Loaded .
2025-02-05 15:46:32 INFO  VerifyTheListReportPage:49 - PBS Text is loaded
2025-02-05 15:46:32 INFO  VerifyTheListReportPageTest:41 -  Sigtuple logo and PBS is Present on the page
2025-02-05 15:46:32 INFO  ScreenshotListeners:29 - 
================:  assign :====================

2025-02-05 15:46:42 INFO  VerifyTheListReportPage:699 - user is drop down is available
2025-02-05 15:46:42 INFO  SummaryTest:39 - Assign the report
2025-02-05 15:46:42 INFO  ScreenshotListeners:29 - 
================:  verify The Functionality Of Multiplication Factor Cancel Btn :====================

2025-02-05 15:46:42 INFO  CommonMethods:444 - Platelet tab is selected
2025-02-05 15:46:45 INFO  ViewAndModifyThePlateletCount:55 - Entered valid multiplication factor: 5000
2025-02-05 15:46:45 INFO  ViewAndModifyThePlateletCount:66 - Set as default for future reports.
2025-02-05 15:46:45 INFO  ViewAndModifyThePlateletCount:75 - Clicked the Cancel button.
2025-02-05 15:46:45 INFO  ViewAndModifyThePlateletCount:82 - Changes successfully reverted after clicking Cancel.
2025-02-05 15:46:45 INFO  ViewAndModifyThePlateletCountTest:47 - multiplication factor is working Fine
2025-02-05 15:46:45 INFO  ScreenshotListeners:29 - 
================:  verify The Functionality Of Multiplication Warning Msg :====================

2025-02-05 15:46:45 INFO  ViewAndModifyThePlateletCount:113 - Entered multiplication factor: 2000
2025-02-05 15:46:45 INFO  ViewAndModifyThePlateletCount:122 - Warning message displayed correctly: Please enter a value between 5000-50000
2025-02-05 15:46:45 INFO  ViewAndModifyThePlateletCount:133 - Clicked the Cancel button.
2025-02-05 15:46:45 INFO  ViewAndModifyThePlateletCount:140 - Changes successfully reverted after clicking Cancel.
2025-02-05 15:46:45 INFO  ViewAndModifyThePlateletCountTest:53 - multiplication factor is working Fine
2025-02-05 15:46:45 INFO  ScreenshotListeners:29 - 
================:  verify The Functionality Of Multiplication Factor :====================

2025-02-05 15:46:45 INFO  ViewAndModifyThePlateletCount:177 - Entered valid multiplication factor: 5000
2025-02-05 15:46:46 INFO  ViewAndModifyThePlateletCount:190 - Unset as default for future reports.
2025-02-05 15:46:46 INFO  ViewAndModifyThePlateletCount:196 - Clicked the Save button.
2025-02-05 15:46:46 INFO  ViewAndModifyThePlateletCount:201 - Multiplication factor successfully saved: 5000
2025-02-05 15:46:46 INFO  ViewAndModifyThePlateletCountTest:59 - multiplication factor is working Fine
2025-02-05 15:46:46 INFO  ScreenshotListeners:29 - 
================:  verify Presence Of Cell Type :====================

2025-02-05 15:46:46 INFO  CommonMethods:721 - Morphology Sub Tab is selected
2025-02-05 15:46:46 INFO  ReviewPlateleyMorphologyCellTypeTest:49 - Morphology tab Cell Types is present on platelet main tab
2025-02-05 15:46:46 INFO  ScreenshotListeners:29 - 
================:  Verify Cell Count Of Large Platelet Is Equal To Patch :====================

2025-02-05 15:46:47 INFO  ReviewPlateletMorphologyCellType:74 - Total patches found: 11
2025-02-05 15:46:47 INFO  ReviewPlateletMorphologyCellType:99 - Total patches found for Large Platelets: 11
2025-02-05 15:46:47 INFO  ReviewPlateletMorphologyCellType:105 - Expected count for Large Platelets: 11
2025-02-05 15:46:47 INFO  ReviewPlateletMorphologyCellType:109 - Large Platelets count matches the patch count. Count: 11
2025-02-05 15:46:47 INFO  ReviewPlateleyMorphologyCellTypeTest:56 - Verify the Large platelet cell count is equal patch count
2025-02-05 15:46:47 INFO  ScreenshotListeners:29 - 
================:  Verify Cell Count Of Platelet Clumps Is Equal To Patch :====================

2025-02-05 15:46:48 INFO  ReviewPlateletMorphologyCellType:74 - Total patches found: 11
2025-02-05 15:46:48 INFO  ReviewPlateletMorphologyCellType:99 - Total patches found for Platelet Clumps: 11
2025-02-05 15:46:48 INFO  ReviewPlateletMorphologyCellType:105 - Expected count for Platelet Clumps: 0
2025-02-05 15:46:48 WARN  ReviewPlateletMorphologyCellType:112 - Mismatch in Platelet Clumps count. Expected: 0, Actual: 11
2025-02-05 15:46:48 INFO  ScreenshotListeners:29 - 
================:  Functionality Of Patch When Select The Patch In Large Platelets :====================

2025-02-05 15:46:48 INFO  ReviewPlateletMorphologyCellType:74 - Total patches found: 11
2025-02-05 15:46:48 INFO  ReviewPlateletMorphologyCellType:140 - Total patches found for Large Platelets: 11
2025-02-05 15:46:49 WARN  ReviewPlateletMorphologyCellType:153 - Patch not selected properly in Large Platelets. Patch details: 
2025-02-05 15:46:49 WARN  ReviewPlateletMorphologyCellType:153 - Patch not selected properly in Large Platelets. Patch details: 
2025-02-05 15:46:49 WARN  ReviewPlateletMorphologyCellType:153 - Patch not selected properly in Large Platelets. Patch details: 
2025-02-05 15:46:49 WARN  ReviewPlateletMorphologyCellType:153 - Patch not selected properly in Large Platelets. Patch details: 
2025-02-05 15:46:49 WARN  ReviewPlateletMorphologyCellType:153 - Patch not selected properly in Large Platelets. Patch details: 
2025-02-05 15:46:49 WARN  ReviewPlateletMorphologyCellType:153 - Patch not selected properly in Large Platelets. Patch details: 
2025-02-05 15:46:49 WARN  ReviewPlateletMorphologyCellType:153 - Patch not selected properly in Large Platelets. Patch details: 
2025-02-05 15:46:49 WARN  ReviewPlateletMorphologyCellType:153 - Patch not selected properly in Large Platelets. Patch details: 
2025-02-05 15:46:49 WARN  ReviewPlateletMorphologyCellType:153 - Patch not selected properly in Large Platelets. Patch details: 
2025-02-05 15:46:50 WARN  ReviewPlateletMorphologyCellType:153 - Patch not selected properly in Large Platelets. Patch details: 
2025-02-05 15:46:50 WARN  ReviewPlateletMorphologyCellType:153 - Patch not selected properly in Large Platelets. Patch details: 
2025-02-05 15:46:50 INFO  ScreenshotListeners:29 - 
================:  Functionality Of Patch When Select The Patch In Platelet Clumps :====================

2025-02-05 15:46:51 INFO  ReviewPlateletMorphologyCellType:74 - Total patches found: 11
2025-02-05 15:46:51 INFO  ReviewPlateletMorphologyCellType:140 - Total patches found for Platelet Clumps: 11
2025-02-05 15:46:51 WARN  ReviewPlateletMorphologyCellType:153 - Patch not selected properly in Platelet Clumps. Patch details: 
2025-02-05 15:46:51 WARN  ReviewPlateletMorphologyCellType:153 - Patch not selected properly in Platelet Clumps. Patch details: 
2025-02-05 15:46:51 WARN  ReviewPlateletMorphologyCellType:153 - Patch not selected properly in Platelet Clumps. Patch details: 
2025-02-05 15:46:51 WARN  ReviewPlateletMorphologyCellType:153 - Patch not selected properly in Platelet Clumps. Patch details: 
2025-02-05 15:46:51 WARN  ReviewPlateletMorphologyCellType:153 - Patch not selected properly in Platelet Clumps. Patch details: 
2025-02-05 15:46:51 WARN  ReviewPlateletMorphologyCellType:153 - Patch not selected properly in Platelet Clumps. Patch details: 
2025-02-05 15:46:51 WARN  ReviewPlateletMorphologyCellType:153 - Patch not selected properly in Platelet Clumps. Patch details: 
2025-02-05 15:46:51 WARN  ReviewPlateletMorphologyCellType:153 - Patch not selected properly in Platelet Clumps. Patch details: 
2025-02-05 15:46:51 WARN  ReviewPlateletMorphologyCellType:153 - Patch not selected properly in Platelet Clumps. Patch details: 
2025-02-05 15:46:51 WARN  ReviewPlateletMorphologyCellType:153 - Patch not selected properly in Platelet Clumps. Patch details: 
2025-02-05 15:46:51 WARN  ReviewPlateletMorphologyCellType:153 - Patch not selected properly in Platelet Clumps. Patch details: 
2025-02-05 15:46:51 INFO  ScreenshotListeners:29 - 
================:  verify The Size Of Patches In Large Platelet :====================

2025-02-05 15:46:52 INFO  ReviewPlateleyMorphologyCellTypeTest:82 - Verify the Size of patch
2025-02-05 15:46:52 INFO  ScreenshotListeners:29 - 
================:  verify The Size Of Patches In Platelet Clumps :====================

2025-02-05 15:46:52 INFO  ReviewPlateleyMorphologyCellTypeTest:88 - Verify the Size of patch
2025-02-05 15:46:52 INFO  ScreenshotListeners:29 - 
================:  test Zoom Functionality :====================

2025-02-05 15:46:55 INFO  CommonMethods:647 - Clicked zoom-out button. Step: 1
2025-02-05 15:46:55 INFO  CommonMethods:651 - Zoom level at step 1: 20 μm
2025-02-05 15:46:57 INFO  CommonMethods:647 - Clicked zoom-out button. Step: 2
2025-02-05 15:46:57 INFO  CommonMethods:651 - Zoom level at step 2: 50 μm
2025-02-05 15:47:05 INFO  CommonMethods:647 - Clicked zoom-out button. Step: 3
2025-02-05 15:47:05 INFO  CommonMethods:651 - Zoom level at step 3: 50 μm
