2025-02-04 17:05:04 INFO  ScreenshotListeners:29 - 
================:  valid Login :====================

2025-02-04 17:05:10 INFO  LoginTest:49 - user Logged in successfully
2025-02-04 17:05:11 INFO  ScreenshotListeners:29 - 
================:  verify Sig Logo And P B S :====================

2025-02-04 17:05:11 INFO  VerifyTheListReportPage:46 - Sigtuple logo is Loaded .
2025-02-04 17:05:11 INFO  VerifyTheListReportPage:47 - PBS Text is loaded
2025-02-04 17:05:11 INFO  VerifyTheListReportPageTest:41 -  Sigtuple logo and PBS is Present on the page
2025-02-04 17:05:11 INFO  ScreenshotListeners:29 - 
================:  verify The Kebab Menu Icon :====================

2025-02-04 17:05:11 INFO  VerifyTheListReportPage:58 - Kebab menu icon is loaded
2025-02-04 17:05:11 INFO  VerifyTheListReportPageTest:48 - Kebab menu is Displayed on the app 
2025-02-04 17:05:11 INFO  ScreenshotListeners:29 - 
================:  verifythe Search And Filter And Checkbox :====================

2025-02-04 17:05:11 INFO  VerifyTheListReportPage:71 - Search  Field  is displayed
2025-02-04 17:05:11 INFO  VerifyTheListReportPage:72 - Filter button is displayed
2025-02-04 17:05:11 INFO  VerifyTheListReportPage:73 - clear filter is displayed
2025-02-04 17:05:11 INFO  VerifyTheListReportPageTest:55 -  Search textbox and Filter is Present on the page
2025-02-04 17:05:11 INFO  ScreenshotListeners:29 - 
================:  verify The Functionality Of The My Report Check Box :====================

2025-02-04 17:05:11 INFO  VerifyTheListReportPage:83 - My report check box is displayed
2025-02-04 17:05:11 INFO  VerifyTheListReportPage:84 - My report check box is Active
2025-02-04 17:05:11 INFO  VerifyTheListReportPageTest:62 - My report Check box  is Present on the page
2025-02-04 17:05:11 INFO  ScreenshotListeners:29 - 
================:  verifyfunctionalityofmyreportcheckbox :====================

2025-02-04 17:05:17 INFO  VerifyTheListReportPage:466 -  My Report is enable
2025-02-04 17:05:20 INFO  VerifyTheListReportPageTest:68 -  Verify the functionality of the my report check box
2025-02-04 17:05:20 INFO  ScreenshotListeners:29 - 
================:  verity Header :====================

2025-02-04 17:05:20 INFO  VerifyTheListReportPage:97 -  Report List header is Displayed
2025-02-04 17:05:20 INFO  VerifyTheListReportPageTest:77 - Header of the Report listing is displayed and verified
2025-02-04 17:05:20 INFO  ScreenshotListeners:29 - 
================:  verify The Functionality Of Search Field :====================

2025-02-04 17:05:31 INFO  VerifyTheListReportPage:118 - Matching the sample Slide Id is displayed
2025-02-04 17:05:31 INFO  VerifyTheListReportPage:118 - Matching the sample Slide Id is displayed
2025-02-04 17:05:31 INFO  VerifyTheListReportPage:118 - Matching the sample Slide Id is displayed
2025-02-04 17:05:31 INFO  VerifyTheListReportPage:118 - Matching the sample Slide Id is displayed
2025-02-04 17:05:31 INFO  VerifyTheListReportPage:118 - Matching the sample Slide Id is displayed
2025-02-04 17:05:31 INFO  VerifyTheListReportPage:118 - Matching the sample Slide Id is displayed
2025-02-04 17:05:31 INFO  VerifyTheListReportPage:118 - Matching the sample Slide Id is displayed
2025-02-04 17:05:31 INFO  VerifyTheListReportPage:118 - Matching the sample Slide Id is displayed
2025-02-04 17:05:31 INFO  VerifyTheListReportPage:118 - Matching the sample Slide Id is displayed
2025-02-04 17:05:31 INFO  VerifyTheListReportPage:118 - Matching the sample Slide Id is displayed
2025-02-04 17:05:31 INFO  VerifyTheListReportPage:118 - Matching the sample Slide Id is displayed
2025-02-04 17:05:31 INFO  VerifyTheListReportPage:118 - Matching the sample Slide Id is displayed
2025-02-04 17:05:31 INFO  VerifyTheListReportPage:118 - Matching the sample Slide Id is displayed
2025-02-04 17:05:31 INFO  VerifyTheListReportPage:118 - Matching the sample Slide Id is displayed
2025-02-04 17:05:31 INFO  VerifyTheListReportPage:118 - Matching the sample Slide Id is displayed
2025-02-04 17:05:31 INFO  VerifyTheListReportPage:118 - Matching the sample Slide Id is displayed
2025-02-04 17:05:31 INFO  VerifyTheListReportPage:118 - Matching the sample Slide Id is displayed
2025-02-04 17:05:31 INFO  VerifyTheListReportPage:118 - Matching the sample Slide Id is displayed
2025-02-04 17:05:31 INFO  VerifyTheListReportPage:118 - Matching the sample Slide Id is displayed
2025-02-04 17:05:31 INFO  VerifyTheListReportPage:118 - Matching the sample Slide Id is displayed
2025-02-04 17:05:42 INFO  VerifyTheListReportPageTest:85 - Functionality of search text field is working fine
2025-02-04 17:05:42 INFO  ScreenshotListeners:29 - 
================:  verify The Functionality Of Filter Icon :====================

2025-02-04 17:05:42 INFO  VerifyTheListReportPage:142 - Filter icon is present and enabled
2025-02-04 17:05:42 INFO  VerifyTheListReportPageTest:93 - Functionality of Filter icon is working Fine
2025-02-04 17:05:42 INFO  ScreenshotListeners:29 - 
================:  verify The Same Slide Idon Additional Info :====================

2025-02-04 17:05:47 INFO  VerifyTheListReportPage:445 - Additional info icon loaded successfully
2025-02-04 17:05:47 INFO  VerifyTheListReportPageTest:101 - Functionality Additional info icon is enable and same slide id is Displyed
2025-02-04 17:05:47 INFO  ScreenshotListeners:29 - 
================:  verify The Applyt Button :====================

2025-02-04 17:06:14 ERROR BrowserSetUp:185 - verifyTheApplytButton -> FAILED due to below issues :
java.time.format.DateTimeParseException: Text '4-2-2025' could not be parsed at index 0

2025-02-04 17:06:15 INFO  BrowserSetUp:195 - Screenshot for this failed method : Screenshot/verifyTheApplytButton.png
2025-02-04 17:06:15 INFO  ScreenshotListeners:29 - 
================:  verify The Reset Button :====================

2025-02-04 17:06:47 ERROR BrowserSetUp:185 - verifyTheResetButton -> FAILED due to below issues :
org.openqa.selenium.TimeoutException: Expected condition failed: waiting for visibility of element located by By.xpath: //div[contains(@class,'scanDatePage_container-date')]/span[text()='Select date range'] (tried for 30 second(s) with 500 milliseconds interval)

2025-02-04 17:06:48 INFO  BrowserSetUp:195 - Screenshot for this failed method : Screenshot/verifyTheResetButton.png
2025-02-04 17:06:48 INFO  ScreenshotListeners:29 - 
================:  verify The Clear Filter Button :====================

2025-02-04 17:07:22 ERROR BrowserSetUp:185 - verifyTheClearFilterButton -> FAILED due to below issues :
org.openqa.selenium.TimeoutException: Expected condition failed: waiting for visibility of element located by By.xpath: //div[contains(@class,'scanDatePage_container-date')]/span[text()='Select date range'] (tried for 30 second(s) with 500 milliseconds interval)

2025-02-04 17:07:24 INFO  BrowserSetUp:195 - Screenshot for this failed method : Screenshot/verifyTheClearFilterButton.png
2025-02-04 17:07:24 INFO  ScreenshotListeners:29 - 
================:  verify The Filter Close Button :====================

2025-02-04 17:07:35 INFO  VerifyTheListReportPage:495 -  Filter Options close button is displayed
2025-02-04 17:07:37 INFO  VerifyTheListReportPageTest:135 - Verify the functionality of the Close Button
2025-02-04 17:07:37 INFO  ScreenshotListeners:29 - 
================:  verify The Presence Of Filter Option :====================

2025-02-04 17:07:42 INFO  VerifyTheListReportPage:165 -  Filter Option are Loaded
2025-02-04 17:07:54 INFO  VerifyTheListReportPageTest:108 - Verify the Filter Options
2025-02-04 17:07:54 INFO  ScreenshotListeners:29 - 
================:  verify The Functionality Of Bookmark Button :====================

2025-02-04 17:08:00 INFO  VerifyTheListReportPage:525 - Bookmark is displayed
2025-02-04 17:08:00 INFO  VerifyTheListReportPageTest:142 - Verify the functionality of the Bookmark Button
2025-02-04 17:08:00 INFO  ScreenshotListeners:29 - 
================:  verify The Functionality Of Bookmark Textfield :====================

2025-02-04 17:08:02 INFO  VerifyTheListReportPage:539 - Bookmark is already filled. Removing bookmark.
2025-02-04 17:08:41 INFO  VerifyTheListReportPage:558 - Comment Textfield is enable
2025-02-04 17:08:41 INFO  VerifyTheListReportPageTest:149 - Verify the functionality of the Bookmark textfield 
2025-02-04 17:08:41 INFO  ScreenshotListeners:29 - 
================:  verify The Reassign Reviewer :====================

2025-02-04 17:08:55 INFO  VerifyTheListReportPage:679 - user is drop down is available
2025-02-04 17:09:00 INFO  VerifyTheListReportPageTest:163 - Functionality of assign is working 
2025-02-04 17:09:00 INFO  ScreenshotListeners:29 - 
================:  assign :====================

2025-02-04 17:09:25 INFO  VerifyTheListReportPage:658 - user is drop down is available
2025-02-04 17:09:25 INFO  SummaryTest:39 - Assign the report
2025-02-04 17:09:25 INFO  ScreenshotListeners:29 - 
================:  ps Impression :====================

2025-02-04 17:09:52 INFO  SummaryTest:65 - Verify The PS impression text field
2025-02-04 17:09:52 INFO  ScreenshotListeners:29 - 
================:  verify Ps Impression Subheader :====================

2025-02-04 17:09:53 INFO  SummaryTest:71 - Verify The PS impression Sub headers
2025-02-04 17:09:53 INFO  ScreenshotListeners:29 - 
================:  verify Ps Impression Header :====================

2025-02-04 17:09:53 INFO  ScreenshotListeners:29 - 
================:  manual Radio Btn Test :====================

2025-02-04 17:10:00 INFO  Summary:144 - Manual Radio button is visible
2025-02-04 17:10:00 INFO  SummaryTest:82 - Verify The functionality of radio button
2025-02-04 17:10:00 INFO  ScreenshotListeners:29 - 
================:  calculated Radio Btn Test :====================

2025-02-04 17:10:10 INFO  Summary:158 -  Calculated Radio button is enable
2025-02-04 17:10:10 INFO  SummaryTest:88 - Verify The functionality of radio button
2025-02-04 17:10:10 INFO  ScreenshotListeners:29 - 
================:  Verify The Presence Of Manual Txt Field Value :====================

2025-02-04 17:10:17 INFO  Summary:180 - Value Match at Index 0: Manual = 29.4, Calculated = 29.4
2025-02-04 17:10:17 INFO  Summary:180 - Value Match at Index 1: Manual = 15.6, Calculated = 15.6
2025-02-04 17:10:17 INFO  Summary:180 - Value Match at Index 2: Manual = 3.7, Calculated = 3.7
2025-02-04 17:10:17 INFO  Summary:180 - Value Match at Index 3: Manual = 33.0, Calculated = 33.0
2025-02-04 17:10:17 INFO  Summary:180 - Value Match at Index 4: Manual = 0.0, Calculated = 0.0
2025-02-04 17:10:17 INFO  Summary:180 - Value Match at Index 5: Manual = 18.3, Calculated = 18.3
2025-02-04 17:10:17 INFO  Summary:180 - Value Match at Index 6: Manual = 0.0, Calculated = 0.0
2025-02-04 17:10:17 INFO  Summary:180 - Value Match at Index 7: Manual = 0.0, Calculated = 0.0
2025-02-04 17:10:17 INFO  Summary:180 - Value Match at Index 8: Manual = 0.0, Calculated = 0.0
2025-02-04 17:10:17 INFO  Summary:180 - Value Match at Index 9: Manual = 0.0, Calculated = 0.0
2025-02-04 17:10:17 INFO  Summary:180 - Value Match at Index 10: Manual = 0.0, Calculated = 0.0
2025-02-04 17:10:17 INFO  Summary:180 - Value Match at Index 11: Manual = 0.0, Calculated = 0.0
2025-02-04 17:10:17 INFO  Summary:180 - Value Match at Index 12: Manual = 0.0, Calculated = 0.0
2025-02-04 17:10:17 INFO  Summary:180 - Value Match at Index 13: Manual = 0.0, Calculated = 0.0
2025-02-04 17:10:17 INFO  Summary:180 - Value Match at Index 14: Manual = 0.0, Calculated = 0.0
2025-02-04 17:10:17 INFO  Summary:180 - Value Match at Index 15: Manual = 0.9, Calculated = 0.9
2025-02-04 17:10:17 INFO  Summary:180 - Value Match at Index 16: Manual = 0.0, Calculated = 0.0
2025-02-04 17:10:17 INFO  SummaryTest:94 - Verify The Presence of values in manual text Field
2025-02-04 17:10:17 INFO  ScreenshotListeners:29 - 
================:  verify The Presence Of Diffrencial Count :====================

2025-02-04 17:10:22 INFO  Summary:205 - The differential count note message is Not Visible if Total is equal to 100.0
2025-02-04 17:10:22 INFO  ScreenshotListeners:29 - 
================:  verify The Functionality Of Multiplication Factor Cancel Btn :====================

2025-02-04 17:10:28 INFO  CommonMethods:444 - Platelet tab is selected
2025-02-04 17:10:38 INFO  ViewAndModifyThePlateletCount:55 - Entered valid multiplication factor: 5000
2025-02-04 17:10:44 INFO  ViewAndModifyThePlateletCount:66 - Set as default for future reports.
2025-02-04 17:10:49 INFO  ViewAndModifyThePlateletCount:75 - Clicked the Cancel button.
2025-02-04 17:10:49 INFO  ViewAndModifyThePlateletCount:82 - Changes successfully reverted after clicking Cancel.
2025-02-04 17:10:49 INFO  ViewAndModifyThePlateletCountTest:47 - multiplication factor is working Fine
2025-02-04 17:10:49 INFO  ScreenshotListeners:29 - 
================:  verify The Functionality Of Multiplication Warning Msg :====================

2025-02-04 17:10:59 INFO  ViewAndModifyThePlateletCount:113 - Entered multiplication factor: 2000
2025-02-04 17:10:59 INFO  ViewAndModifyThePlateletCount:122 - Warning message displayed correctly: Please enter a value between 5000-50000
2025-02-04 17:11:04 INFO  ViewAndModifyThePlateletCount:133 - Clicked the Cancel button.
2025-02-04 17:11:04 INFO  ViewAndModifyThePlateletCount:140 - Changes successfully reverted after clicking Cancel.
2025-02-04 17:11:04 INFO  ViewAndModifyThePlateletCountTest:53 - multiplication factor is working Fine
2025-02-04 17:11:04 INFO  ScreenshotListeners:29 - 
================:  verify The Functionality Of Multiplication Factor :====================

2025-02-04 17:11:15 INFO  ViewAndModifyThePlateletCount:177 - Entered valid multiplication factor: 5000
2025-02-04 17:11:20 INFO  ViewAndModifyThePlateletCount:190 - Unset as default for future reports.
2025-02-04 17:11:25 INFO  ViewAndModifyThePlateletCount:196 - Clicked the Save button.
2025-02-04 17:11:25 INFO  ViewAndModifyThePlateletCount:201 - Multiplication factor successfully saved: 5000
2025-02-04 17:11:25 INFO  ViewAndModifyThePlateletCountTest:59 - multiplication factor is working Fine
2025-02-04 17:11:25 INFO  ScreenshotListeners:29 - 
================:  verify Presence Of Cell Type :====================

2025-02-04 17:11:31 INFO  CommonMethods:721 - Morphology Sub Tab is selected
2025-02-04 17:11:31 INFO  ReviewPlateleyMorphologyCellTypeTest:49 - Morphology tab Cell Types is present on platelet main tab
2025-02-04 17:11:31 INFO  ScreenshotListeners:29 - 
================:  Verify Cell Count Of Large Platelet Is Equal To Patch :====================

2025-02-04 17:11:36 INFO  ReviewPlateletMorphologyCellType:64 - Total patches found: 3
2025-02-04 17:11:36 INFO  ReviewPlateletMorphologyCellType:89 - Total patches found for Large Platelets: 3
2025-02-04 17:11:36 INFO  ReviewPlateletMorphologyCellType:95 - Expected count for Large Platelets: 3
2025-02-04 17:11:36 INFO  ReviewPlateletMorphologyCellType:99 - Large Platelets count matches the patch count. Count: 3
2025-02-04 17:11:36 INFO  ReviewPlateleyMorphologyCellTypeTest:56 - Verify the Large platelet cell count is equal patch count
2025-02-04 17:11:36 INFO  ScreenshotListeners:29 - 
================:  Verify Cell Count Of Platelet Clumps Is Equal To Patch :====================

2025-02-04 17:11:41 INFO  ReviewPlateletMorphologyCellType:64 - Total patches found: 3
2025-02-04 17:11:41 INFO  ReviewPlateletMorphologyCellType:89 - Total patches found for Platelet Clumps: 3
2025-02-04 17:11:41 INFO  ReviewPlateletMorphologyCellType:95 - Expected count for Platelet Clumps: 0
2025-02-04 17:11:41 WARN  ReviewPlateletMorphologyCellType:102 - Mismatch in Platelet Clumps count. Expected: 0, Actual: 3
2025-02-04 17:11:41 INFO  ScreenshotListeners:29 - 
================:  Functionality Of Patch When Select The Patch In Large Platelets :====================

2025-02-04 17:11:46 INFO  ReviewPlateletMorphologyCellType:64 - Total patches found: 3
2025-02-04 17:11:46 INFO  ReviewPlateletMorphologyCellType:130 - Total patches found for Large Platelets: 3
2025-02-04 17:11:51 INFO  ReviewPlateletMorphologyCellType:140 - Patch selected successfully in Large Platelets. Patch details: 
2025-02-04 17:11:51 INFO  ReviewPlateleyMorphologyCellTypeTest:69 - Verify the Large platelet cell  patches are selecting
2025-02-04 17:11:51 INFO  ScreenshotListeners:29 - 
================:  Functionality Of Patch When Select The Patch In Platelet Clumps :====================

2025-02-04 17:11:56 INFO  ReviewPlateletMorphologyCellType:64 - Total patches found: 3
2025-02-04 17:11:56 INFO  ReviewPlateletMorphologyCellType:130 - Total patches found for Platelet Clumps: 3
2025-02-04 17:12:01 INFO  ReviewPlateletMorphologyCellType:140 - Patch selected successfully in Platelet Clumps. Patch details: 
2025-02-04 17:12:01 INFO  ReviewPlateleyMorphologyCellTypeTest:75 - Verify the  Platelet clumps cell patches are selecting
2025-02-04 17:12:01 INFO  ScreenshotListeners:29 - 
================:  verify The Size Of Patches In Large Platelet :====================

2025-02-04 17:12:07 INFO  ReviewPlateleyMorphologyCellTypeTest:82 - Verify the Size of patch
2025-02-04 17:12:07 INFO  ScreenshotListeners:29 - 
================:  verify The Size Of Patches In Platelet Clumps :====================

2025-02-04 17:12:12 INFO  ReviewPlateleyMorphologyCellTypeTest:88 - Verify the Size of patch
2025-02-04 17:12:12 INFO  ScreenshotListeners:29 - 
================:  test Zoom Functionality :====================

2025-02-04 17:12:24 INFO  CommonMethods:647 - Clicked zoom-out button. Step: 1
2025-02-04 17:12:24 INFO  CommonMethods:651 - Zoom level at step 1: 1000 μm
2025-02-04 17:12:31 INFO  CommonMethods:647 - Clicked zoom-out button. Step: 2
2025-02-04 17:12:31 INFO  CommonMethods:651 - Zoom level at step 2: 1000 μm
2025-02-04 17:12:38 INFO  CommonMethods:647 - Clicked zoom-out button. Step: 3
2025-02-04 17:12:38 INFO  CommonMethods:651 - Zoom level at step 3: 1000 μm
