2025-02-05 15:40:39 INFO  ScreenshotListeners:29 - 
================:  valid Login :====================

2025-02-05 15:40:49 INFO  LoginTest:49 - user Logged in successfully
2025-02-05 15:40:49 INFO  ScreenshotListeners:29 - 
================:  verify Sig Logo And P B S :====================

2025-02-05 15:40:49 INFO  VerifyTheListReportPage:48 - Sigtuple logo is Loaded .
2025-02-05 15:40:49 INFO  VerifyTheListReportPage:49 - PBS Text is loaded
2025-02-05 15:40:49 INFO  VerifyTheListReportPageTest:41 -  Sigtuple logo and PBS is Present on the page
2025-02-05 15:40:49 INFO  ScreenshotListeners:29 - 
================:  assign :====================

2025-02-05 15:41:15 INFO  VerifyTheListReportPage:699 - user is drop down is available
2025-02-05 15:41:15 INFO  SummaryTest:39 - Assign the report
2025-02-05 15:41:15 INFO  ScreenshotListeners:29 - 
================:  verify The Functionality Of Multiplication Factor Cancel Btn :====================

2025-02-05 15:41:20 INFO  CommonMethods:444 - Platelet tab is selected
2025-02-05 15:41:31 INFO  ViewAndModifyThePlateletCount:55 - Entered valid multiplication factor: 5000
2025-02-05 15:41:36 INFO  ViewAndModifyThePlateletCount:66 - Set as default for future reports.
2025-02-05 15:41:04 INFO  ViewAndModifyThePlateletCount:75 - Clicked the Cancel button.
2025-02-05 15:41:04 INFO  ViewAndModifyThePlateletCount:82 - Changes successfully reverted after clicking Cancel.
2025-02-05 15:41:04 INFO  ViewAndModifyThePlateletCountTest:47 - multiplication factor is working Fine
2025-02-05 15:41:04 INFO  ScreenshotListeners:29 - 
================:  verify The Functionality Of Multiplication Warning Msg :====================

2025-02-05 15:41:04 INFO  ViewAndModifyThePlateletCount:113 - Entered multiplication factor: 2000
2025-02-05 15:41:04 INFO  ViewAndModifyThePlateletCount:122 - Warning message displayed correctly: Please enter a value between 5000-50000
2025-02-05 15:41:04 INFO  ViewAndModifyThePlateletCount:133 - Clicked the Cancel button.
2025-02-05 15:41:04 INFO  ViewAndModifyThePlateletCount:140 - Changes successfully reverted after clicking Cancel.
2025-02-05 15:41:04 INFO  ViewAndModifyThePlateletCountTest:53 - multiplication factor is working Fine
2025-02-05 15:41:04 INFO  ScreenshotListeners:29 - 
================:  verify The Functionality Of Multiplication Factor :====================

2025-02-05 15:41:04 INFO  ViewAndModifyThePlateletCount:177 - Entered valid multiplication factor: 5000
2025-02-05 15:41:05 INFO  ViewAndModifyThePlateletCount:190 - Unset as default for future reports.
2025-02-05 15:41:05 INFO  ViewAndModifyThePlateletCount:196 - Clicked the Save button.
2025-02-05 15:41:05 INFO  ViewAndModifyThePlateletCount:201 - Multiplication factor successfully saved: 5000
2025-02-05 15:41:05 INFO  ViewAndModifyThePlateletCountTest:59 - multiplication factor is working Fine
2025-02-05 15:41:05 INFO  ScreenshotListeners:29 - 
================:  verify Presence Of Cell Type :====================

2025-02-05 15:41:05 INFO  CommonMethods:721 - Morphology Sub Tab is selected
2025-02-05 15:41:05 INFO  ReviewPlateleyMorphologyCellTypeTest:49 - Morphology tab Cell Types is present on platelet main tab
2025-02-05 15:41:05 INFO  ScreenshotListeners:29 - 
================:  Verify Cell Count Of Large Platelet Is Equal To Patch :====================

2025-02-05 15:41:06 INFO  ReviewPlateletMorphologyCellType:69 - Total patches found: 9
2025-02-05 15:41:06 INFO  ReviewPlateletMorphologyCellType:94 - Total patches found for Large Platelets: 9
2025-02-05 15:41:06 INFO  ReviewPlateletMorphologyCellType:100 - Expected count for Large Platelets: 9
2025-02-05 15:41:06 INFO  ReviewPlateletMorphologyCellType:104 - Large Platelets count matches the patch count. Count: 9
2025-02-05 15:41:06 INFO  ReviewPlateleyMorphologyCellTypeTest:56 - Verify the Large platelet cell count is equal patch count
2025-02-05 15:41:06 INFO  ScreenshotListeners:29 - 
================:  Verify Cell Count Of Platelet Clumps Is Equal To Patch :====================

2025-02-05 15:41:07 INFO  ReviewPlateletMorphologyCellType:69 - Total patches found: 5
2025-02-05 15:41:07 INFO  ReviewPlateletMorphologyCellType:94 - Total patches found for Platelet Clumps: 5
2025-02-05 15:41:07 INFO  ReviewPlateletMorphologyCellType:100 - Expected count for Platelet Clumps: 5
2025-02-05 15:41:07 INFO  ReviewPlateletMorphologyCellType:104 - Platelet Clumps count matches the patch count. Count: 5
2025-02-05 15:41:07 INFO  ReviewPlateleyMorphologyCellTypeTest:62 - Verify the  Platelet clumps cell count is equal patch count
2025-02-05 15:41:07 INFO  ScreenshotListeners:29 - 
================:  Functionality Of Patch When Select The Patch In Large Platelets :====================

2025-02-05 15:41:07 INFO  ReviewPlateletMorphologyCellType:69 - Total patches found: 9
2025-02-05 15:41:07 INFO  ReviewPlateletMorphologyCellType:135 - Total patches found for Large Platelets: 9
2025-02-05 15:41:08 WARN  ReviewPlateletMorphologyCellType:148 - Patch not selected properly in Large Platelets. Patch details: 
2025-02-05 15:41:08 WARN  ReviewPlateletMorphologyCellType:148 - Patch not selected properly in Large Platelets. Patch details: 
2025-02-05 15:41:08 WARN  ReviewPlateletMorphologyCellType:148 - Patch not selected properly in Large Platelets. Patch details: 
2025-02-05 15:41:08 WARN  ReviewPlateletMorphologyCellType:148 - Patch not selected properly in Large Platelets. Patch details: 
2025-02-05 15:41:08 WARN  ReviewPlateletMorphologyCellType:148 - Patch not selected properly in Large Platelets. Patch details: 
2025-02-05 15:41:08 WARN  ReviewPlateletMorphologyCellType:148 - Patch not selected properly in Large Platelets. Patch details: 
2025-02-05 15:41:08 WARN  ReviewPlateletMorphologyCellType:148 - Patch not selected properly in Large Platelets. Patch details: 
2025-02-05 15:41:08 WARN  ReviewPlateletMorphologyCellType:148 - Patch not selected properly in Large Platelets. Patch details: 
2025-02-05 15:41:08 WARN  ReviewPlateletMorphologyCellType:148 - Patch not selected properly in Large Platelets. Patch details: 
2025-02-05 15:41:08 INFO  ScreenshotListeners:29 - 
================:  Functionality Of Patch When Select The Patch In Platelet Clumps :====================

2025-02-05 15:41:09 INFO  ReviewPlateletMorphologyCellType:69 - Total patches found: 5
2025-02-05 15:41:09 INFO  ReviewPlateletMorphologyCellType:135 - Total patches found for Platelet Clumps: 5
2025-02-05 15:41:09 WARN  ReviewPlateletMorphologyCellType:148 - Patch not selected properly in Platelet Clumps. Patch details: 
2025-02-05 15:41:09 WARN  ReviewPlateletMorphologyCellType:148 - Patch not selected properly in Platelet Clumps. Patch details: 
2025-02-05 15:41:09 WARN  ReviewPlateletMorphologyCellType:148 - Patch not selected properly in Platelet Clumps. Patch details: 
2025-02-05 15:41:09 WARN  ReviewPlateletMorphologyCellType:148 - Patch not selected properly in Platelet Clumps. Patch details: 
2025-02-05 15:41:09 WARN  ReviewPlateletMorphologyCellType:148 - Patch not selected properly in Platelet Clumps. Patch details: 
2025-02-05 15:41:09 INFO  ScreenshotListeners:29 - 
================:  verify The Size Of Patches In Large Platelet :====================

2025-02-05 15:41:10 INFO  ReviewPlateleyMorphologyCellTypeTest:82 - Verify the Size of patch
2025-02-05 15:41:10 INFO  ScreenshotListeners:29 - 
================:  verify The Size Of Patches In Platelet Clumps :====================

2025-02-05 15:41:10 INFO  ReviewPlateleyMorphologyCellTypeTest:88 - Verify the Size of patch
2025-02-05 15:41:10 INFO  ScreenshotListeners:29 - 
================:  test Zoom Functionality :====================

2025-02-05 15:41:13 INFO  CommonMethods:647 - Clicked zoom-out button. Step: 1
2025-02-05 15:41:13 INFO  CommonMethods:651 - Zoom level at step 1: 20 μm
2025-02-05 15:41:15 INFO  CommonMethods:647 - Clicked zoom-out button. Step: 2
2025-02-05 15:41:15 INFO  CommonMethods:651 - Zoom level at step 2: 50 μm
2025-02-05 15:41:17 INFO  CommonMethods:647 - Clicked zoom-out button. Step: 3
2025-02-05 15:41:17 INFO  CommonMethods:651 - Zoom level at step 3: 100 μm
2025-02-05 15:41:17 INFO  ReviewPlateleyMorphologyCellTypeTest:103 - Final zoom level after zoom-out: 100 μm
2025-02-05 15:41:24 INFO  CommonMethods:626 - Clicked zoom-in button. Step: 1
2025-02-05 15:41:24 INFO  CommonMethods:630 - Zoom level at step 1: 100 μm
2025-02-05 15:41:31 INFO  CommonMethods:626 - Clicked zoom-in button. Step: 2
2025-02-05 15:41:31 INFO  CommonMethods:630 - Zoom level at step 2: 100 μm
2025-02-05 15:41:38 INFO  CommonMethods:626 - Clicked zoom-in button. Step: 3
2025-02-05 15:41:39 INFO  CommonMethods:630 - Zoom level at step 3: 100 μm
