2025-02-03 17:52:05 INFO  ScreenshotListeners:29 - 
================:  valid Login :====================

2025-02-03 17:52:11 INFO  LoginTest:49 - user Logged in successfully
2025-02-03 17:52:11 INFO  ScreenshotListeners:29 - 
================:  verify Sig Logo And P B S :====================

2025-02-03 17:52:11 INFO  VerifyTheListReportPage:46 - Sigtuple logo is Loaded .
2025-02-03 17:52:11 INFO  VerifyTheListReportPage:47 - PBS Text is loaded
2025-02-03 17:52:11 INFO  VerifyTheListReportPageTest:41 -  Sigtuple logo and PBS is Present on the page
2025-02-03 17:52:11 INFO  ScreenshotListeners:29 - 
================:  assign :====================

2025-02-03 17:52:21 INFO  VerifyTheListReportPage:668 - user is drop down is available
2025-02-03 17:52:21 INFO  SummaryTest:39 - Assign the report
2025-02-03 17:52:21 INFO  ScreenshotListeners:29 - 
================:  verify The Functionality Of Multiplication Factor Cancel Btn :====================

2025-02-03 17:52:21 INFO  CommonMethods:444 - Platelet tab is selected
2025-02-03 17:52:23 INFO  ViewAndModifyThePlateletCount:55 - Entered valid multiplication factor: 5000
2025-02-03 17:52:23 INFO  ViewAndModifyThePlateletCount:66 - Set as default for future reports.
2025-02-03 17:52:23 INFO  ViewAndModifyThePlateletCount:75 - Clicked the Cancel button.
2025-02-03 17:52:23 INFO  ViewAndModifyThePlateletCount:82 - Changes successfully reverted after clicking Cancel.
2025-02-03 17:52:23 INFO  ViewAndModifyThePlateletCountTest:47 - multiplication factor is working Fine
2025-02-03 17:52:23 INFO  ScreenshotListeners:29 - 
================:  verify The Functionality Of Multiplication Warning Msg :====================

2025-02-03 17:52:24 INFO  ViewAndModifyThePlateletCount:113 - Entered multiplication factor: 2000
2025-02-03 17:52:24 INFO  ViewAndModifyThePlateletCount:122 - Warning message displayed correctly: Please enter a value between 5000-50000
2025-02-03 17:52:24 INFO  ViewAndModifyThePlateletCount:133 - Clicked the Cancel button.
2025-02-03 17:52:24 INFO  ViewAndModifyThePlateletCount:140 - Changes successfully reverted after clicking Cancel.
2025-02-03 17:52:24 INFO  ViewAndModifyThePlateletCountTest:53 - multiplication factor is working Fine
2025-02-03 17:52:24 INFO  ScreenshotListeners:29 - 
================:  verify The Functionality Of Multiplication Factor :====================

2025-02-03 17:52:24 INFO  ViewAndModifyThePlateletCount:177 - Entered valid multiplication factor: 5000
2025-02-03 17:52:24 INFO  ViewAndModifyThePlateletCount:190 - Unset as default for future reports.
2025-02-03 17:52:24 INFO  ViewAndModifyThePlateletCount:196 - Clicked the Save button.
2025-02-03 17:52:24 INFO  ViewAndModifyThePlateletCount:201 - Multiplication factor successfully saved: 5000
2025-02-03 17:52:24 INFO  ViewAndModifyThePlateletCountTest:59 - multiplication factor is working Fine
2025-02-03 17:52:24 INFO  ScreenshotListeners:29 - 
================:  verify Presence Of Cell Type :====================

2025-02-03 17:52:25 INFO  CommonMethods:718 - Morphology Sub Tab is selected
2025-02-03 17:52:25 INFO  ReviewPlateleyMorphologyCellTypeTest:49 - Morphology tab Cell Types is present on platelet main tab
2025-02-03 17:52:25 INFO  ScreenshotListeners:29 - 
================:  Verify Cell Count Of Large Platelet Is Equal To Patch :====================

2025-02-03 17:52:26 WARN  ReviewPlateletMorphologyCellType:121 - Mismatch in Large Platelets count. Expected: 142, Actual: 36
2025-02-03 17:52:26 INFO  ScreenshotListeners:29 - 
================:  Verify Cell Count Of Platelet Clumps Is Equal To Patch :====================

2025-02-03 17:52:26 INFO  ReviewPlateletMorphologyCellType:118 - Platelet Clumps count matches the patch count. Count: 33
2025-02-03 17:52:26 INFO  ReviewPlateleyMorphologyCellTypeTest:62 - Verify the  Platelet clumps cell count is equal patch count
2025-02-03 17:52:26 INFO  ScreenshotListeners:29 - 
================:  Functionality Of Patch When Select The Patch In Large Platelets :====================

2025-02-03 17:52:27 INFO  ReviewPlateletMorphologyCellType:149 - Patch selected successfully in Large Platelets. Patch details: 
2025-02-03 17:52:27 INFO  ReviewPlateleyMorphologyCellTypeTest:69 - Verify the Large platelet cell  patches are selecting
2025-02-03 17:52:27 INFO  ScreenshotListeners:29 - 
================:  Functionality Of Patch When Select The Patch In Platelet Clumps :====================

2025-02-03 17:52:28 INFO  ReviewPlateletMorphologyCellType:149 - Patch selected successfully in Platelet Clumps. Patch details: 
2025-02-03 17:52:28 INFO  ReviewPlateleyMorphologyCellTypeTest:75 - Verify the  Platelet clumps cell patches are selecting
2025-02-03 17:52:28 INFO  ScreenshotListeners:29 - 
================:  test Zoom Functionality :====================

2025-02-03 17:52:30 INFO  CommonMethods:625 - Clicked zoom-in button. Step: 1
2025-02-03 17:52:30 INFO  CommonMethods:629 - Zoom level at step 1: 5 μm
2025-02-03 17:52:30 INFO  CommonMethods:625 - Clicked zoom-in button. Step: 2
2025-02-03 17:52:30 INFO  CommonMethods:629 - Zoom level at step 2: 5 μm
2025-02-03 17:52:30 INFO  CommonMethods:625 - Clicked zoom-in button. Step: 3
2025-02-03 17:52:30 INFO  CommonMethods:629 - Zoom level at step 3: 5 μm
2025-02-03 17:52:30 INFO  ReviewPlateleyMorphologyCellTypeTest:88 - Final zoom level after zoom-in: 5 μm
2025-02-03 17:52:30 ERROR CommonMethods:652 - Error during zoom-out functionality: 
org.openqa.selenium.WebDriverException: unknown error: Element <button class="ol-zoom-out" type="button" title="Zoom out">...</button> is not clickable at point (1424, 682). Other element would receive the click: <div class="zoom-warning-container split">...</div>
  (Session info: chrome=132.0.6834.160)
  (Driver info: chromedriver=2.43.600229 (3fae4d0cda5334b4f533bede5a4787f7b832d052),platform=Mac OS X 10.16.0 x86_64) (WARNING: The server did not provide any stacktrace information)
Command duration or timeout: 0 milliseconds
Build info: version: '3.141.59', revision: 'e82be7d358', time: '2018-11-14T08:17:03'
System info: host: 'Macbook-Pro', ip: 'fe80:0:0:0:10ec:7e4c:24d5:5f4d%en0', os.name: 'Mac OS X', os.arch: 'x86_64', os.version: '13.7.2', java.version: '11.0.23'
Driver info: org.openqa.selenium.chrome.ChromeDriver
Capabilities {acceptInsecureCerts: true, acceptSslCerts: true, applicationCacheEnabled: false, browserConnectionEnabled: false, browserName: chrome, chrome: {chromedriverVersion: 2.43.600229 (3fae4d0cda5334..., userDataDir: /var/folders/bq/rhslv0zs6hl...}, cssSelectorsEnabled: true, databaseEnabled: false, goog:chromeOptions: {debuggerAddress: localhost:53589}, handlesAlerts: true, hasTouchScreen: false, javascriptEnabled: true, locationContextEnabled: true, mobileEmulationEnabled: false, nativeEvents: true, networkConnectionEnabled: false, pageLoadStrategy: normal, platform: MAC, platformName: MAC, rotatable: false, setWindowRect: true, takesHeapSnapshot: true, takesScreenshot: true, unexpectedAlertBehaviour: , unhandledPromptBehavior: , version: 132.0.6834.160, webStorageEnabled: true}
Session ID: ee3b608ed64ebfbedc96a0a819d55d84
	at java.base/jdk.internal.reflect.NativeConstructorAccessorImpl.newInstance0(Native Method)
	at java.base/jdk.internal.reflect.NativeConstructorAccessorImpl.newInstance(NativeConstructorAccessorImpl.java:62)
	at java.base/jdk.internal.reflect.DelegatingConstructorAccessorImpl.newInstance(DelegatingConstructorAccessorImpl.java:45)
	at java.base/java.lang.reflect.Constructor.newInstance(Constructor.java:490)
	at org.openqa.selenium.remote.ErrorHandler.createThrowable(ErrorHandler.java:214)
	at org.openqa.selenium.remote.ErrorHandler.throwIfResponseFailed(ErrorHandler.java:166)
	at org.openqa.selenium.remote.http.JsonHttpResponseCodec.reconstructValue(JsonHttpResponseCodec.java:40)
	at org.openqa.selenium.remote.http.AbstractHttpResponseCodec.decode(AbstractHttpResponseCodec.java:80)
	at org.openqa.selenium.remote.http.AbstractHttpResponseCodec.decode(AbstractHttpResponseCodec.java:44)
	at org.openqa.selenium.remote.HttpCommandExecutor.execute(HttpCommandExecutor.java:158)
	at org.openqa.selenium.remote.service.DriverCommandExecutor.execute(DriverCommandExecutor.java:83)
	at org.openqa.selenium.remote.RemoteWebDriver.execute(RemoteWebDriver.java:552)
	at org.openqa.selenium.remote.RemoteWebElement.execute(RemoteWebElement.java:285)
	at org.openqa.selenium.remote.RemoteWebElement.click(RemoteWebElement.java:84)
	at GenericMethodForAllTab.CommonMethods.zoomOut(CommonMethods.java:644)
	at Platelet.ReviewPlateleyMorphologyCellTypeTest.testZoomFunctionality(ReviewPlateleyMorphologyCellTypeTest.java:91)
	at java.base/jdk.internal.reflect.NativeMethodAccessorImpl.invoke0(Native Method)
	at java.base/jdk.internal.reflect.NativeMethodAccessorImpl.invoke(NativeMethodAccessorImpl.java:62)
	at java.base/jdk.internal.reflect.DelegatingMethodAccessorImpl.invoke(DelegatingMethodAccessorImpl.java:43)
	at java.base/java.lang.reflect.Method.invoke(Method.java:566)
	at org.testng.internal.MethodInvocationHelper.invokeMethod(MethodInvocationHelper.java:85)
	at org.testng.internal.Invoker.invokeMethod(Invoker.java:696)
	at org.testng.internal.Invoker.invokeTestMethod(Invoker.java:882)
	at org.testng.internal.Invoker.invokeTestMethods(Invoker.java:1189)
	at org.testng.internal.TestMethodWorker.invokeTestMethods(TestMethodWorker.java:124)
	at org.testng.internal.TestMethodWorker.run(TestMethodWorker.java:108)
	at org.testng.TestRunner.privateRun(TestRunner.java:767)
	at org.testng.TestRunner.run(TestRunner.java:617)
	at org.testng.SuiteRunner.runTest(SuiteRunner.java:348)
	at org.testng.SuiteRunner.runSequentially(SuiteRunner.java:343)
	at org.testng.SuiteRunner.privateRun(SuiteRunner.java:305)
	at org.testng.SuiteRunner.run(SuiteRunner.java:254)
	at org.testng.SuiteRunnerWorker.runSuite(SuiteRunnerWorker.java:52)
	at org.testng.SuiteRunnerWorker.run(SuiteRunnerWorker.java:86)
	at org.testng.TestNG.runSuitesSequentially(TestNG.java:1224)
	at org.testng.TestNG.runSuitesLocally(TestNG.java:1149)
	at org.testng.TestNG.run(TestNG.java:1057)
	at com.intellij.rt.testng.IDEARemoteTestNG.run(IDEARemoteTestNG.java:65)
	at com.intellij.rt.testng.RemoteTestNGStarter.main(RemoteTestNGStarter.java:105)
2025-02-03 17:52:30 INFO  ReviewPlateleyMorphologyCellTypeTest:92 - Final zoom level after zoom-out: null
2025-02-03 17:52:30 INFO  CommonMethods:663 - Clicked home zoom button.
2025-02-03 17:52:30 INFO  CommonMethods:667 - Home zoom level: 5 μm
2025-02-03 17:52:30 INFO  ReviewPlateleyMorphologyCellTypeTest:96 - Final zoom level after resetting to home: 5 μm
