2025-02-05 14:41:37 INFO  ScreenshotListeners:29 - 
================:  valid Login :====================

2025-02-05 14:41:43 INFO  LoginTest:49 - user Logged in successfully
2025-02-05 14:41:43 INFO  ScreenshotListeners:29 - 
================:  verify Sig Logo And P B S :====================

2025-02-05 14:41:43 INFO  VerifyTheListReportPage:48 - Sigtuple logo is Loaded .
2025-02-05 14:41:43 INFO  VerifyTheListReportPage:49 - PBS Text is loaded
2025-02-05 14:41:43 INFO  VerifyTheListReportPageTest:41 -  Sigtuple logo and PBS is Present on the page
2025-02-05 14:41:43 INFO  ScreenshotListeners:29 - 
================:  verify The Kebab Menu Icon :====================

2025-02-05 14:41:43 INFO  VerifyTheListReportPage:60 - Kebab menu icon is loaded
2025-02-05 14:41:43 INFO  VerifyTheListReportPageTest:48 - Kebab menu is Displayed on the app 
2025-02-05 14:41:43 INFO  ScreenshotListeners:29 - 
================:  verifythe Search And Filter And Checkbox :====================

2025-02-05 14:41:43 INFO  VerifyTheListReportPage:73 - Search  Field  is displayed
2025-02-05 14:41:43 INFO  VerifyTheListReportPage:74 - Filter button is displayed
2025-02-05 14:41:43 INFO  VerifyTheListReportPage:75 - clear filter is displayed
2025-02-05 14:41:43 INFO  VerifyTheListReportPageTest:55 -  Search textbox and Filter is Present on the page
2025-02-05 14:41:43 INFO  ScreenshotListeners:29 - 
================:  verify The Functionality Of The My Report Check Box :====================

2025-02-05 14:41:43 INFO  VerifyTheListReportPage:85 - My report check box is displayed
2025-02-05 14:41:43 INFO  VerifyTheListReportPage:86 - My report check box is Active
2025-02-05 14:41:43 INFO  VerifyTheListReportPageTest:62 - My report Check box  is Present on the page
2025-02-05 14:41:43 INFO  ScreenshotListeners:29 - 
================:  verifyfunctionalityofmyreportcheckbox :====================

2025-02-05 14:41:49 INFO  VerifyTheListReportPage:507 -  My Report is enable
2025-02-05 14:41:51 INFO  VerifyTheListReportPageTest:68 -  Verify the functionality of the my report check box
2025-02-05 14:41:51 INFO  ScreenshotListeners:29 - 
================:  verity Header :====================

2025-02-05 14:41:51 INFO  VerifyTheListReportPage:99 -  Report List header is Displayed
2025-02-05 14:41:51 INFO  VerifyTheListReportPageTest:77 - Header of the Report listing is displayed and verified
2025-02-05 14:41:51 INFO  ScreenshotListeners:29 - 
================:  verify The Functionality Of Search Field :====================

2025-02-05 14:42:02 INFO  VerifyTheListReportPage:120 - Matching the sample Slide Id is displayed
2025-02-05 14:42:02 INFO  VerifyTheListReportPage:120 - Matching the sample Slide Id is displayed
2025-02-05 14:42:02 INFO  VerifyTheListReportPage:120 - Matching the sample Slide Id is displayed
2025-02-05 14:42:02 INFO  VerifyTheListReportPage:120 - Matching the sample Slide Id is displayed
2025-02-05 14:42:02 INFO  VerifyTheListReportPage:120 - Matching the sample Slide Id is displayed
2025-02-05 14:42:02 INFO  VerifyTheListReportPage:120 - Matching the sample Slide Id is displayed
2025-02-05 14:42:02 INFO  VerifyTheListReportPage:120 - Matching the sample Slide Id is displayed
2025-02-05 14:42:02 INFO  VerifyTheListReportPage:120 - Matching the sample Slide Id is displayed
2025-02-05 14:42:02 INFO  VerifyTheListReportPage:120 - Matching the sample Slide Id is displayed
2025-02-05 14:42:02 INFO  VerifyTheListReportPage:120 - Matching the sample Slide Id is displayed
2025-02-05 14:42:02 INFO  VerifyTheListReportPage:120 - Matching the sample Slide Id is displayed
2025-02-05 14:42:02 INFO  VerifyTheListReportPage:120 - Matching the sample Slide Id is displayed
2025-02-05 14:42:02 INFO  VerifyTheListReportPage:120 - Matching the sample Slide Id is displayed
2025-02-05 14:42:02 INFO  VerifyTheListReportPage:120 - Matching the sample Slide Id is displayed
2025-02-05 14:42:02 INFO  VerifyTheListReportPage:120 - Matching the sample Slide Id is displayed
2025-02-05 14:42:02 INFO  VerifyTheListReportPage:120 - Matching the sample Slide Id is displayed
2025-02-05 14:42:02 INFO  VerifyTheListReportPage:120 - Matching the sample Slide Id is displayed
2025-02-05 14:42:02 INFO  VerifyTheListReportPage:120 - Matching the sample Slide Id is displayed
2025-02-05 14:42:02 INFO  VerifyTheListReportPage:120 - Matching the sample Slide Id is displayed
2025-02-05 14:42:02 INFO  VerifyTheListReportPage:120 - Matching the sample Slide Id is displayed
2025-02-05 14:42:12 INFO  VerifyTheListReportPageTest:85 - Functionality of search text field is working fine
2025-02-05 14:42:12 INFO  ScreenshotListeners:29 - 
================:  verify The Functionality Of Filter Icon :====================

2025-02-05 14:42:12 INFO  VerifyTheListReportPage:144 - Filter icon is present and enabled
2025-02-05 14:42:12 INFO  VerifyTheListReportPageTest:93 - Functionality of Filter icon is working Fine
2025-02-05 14:42:12 INFO  ScreenshotListeners:29 - 
================:  verify The Same Slide Idon Additional Info :====================

2025-02-05 14:42:18 INFO  VerifyTheListReportPage:486 - Additional info icon loaded successfully
2025-02-05 14:42:18 INFO  VerifyTheListReportPageTest:101 - Functionality Additional info icon is enable and same slide id is Displyed
2025-02-05 14:42:18 INFO  ScreenshotListeners:29 - 
================:  verify The Applyt Button :====================

2025-02-05 14:42:50 INFO  VerifyTheListReportPage:269 - Report within selected range found: 2025-02-05
2025-02-05 14:42:55 INFO  VerifyTheListReportPage:278 - Clear Filter is enabled and clicked.
2025-02-05 14:42:55 INFO  VerifyTheListReportPageTest:122 - Verify the functionality of the apply Button
2025-02-05 14:42:55 INFO  ScreenshotListeners:29 - 
================:  verify The Reset Button :====================

2025-02-05 14:43:09 INFO  VerifyTheListReportPage:210 - scane date text field is enable
2025-02-05 14:43:14 INFO  VerifyTheListReportPageTest:115 - Verify the functionality of the Rest Button
2025-02-05 14:43:14 INFO  ScreenshotListeners:29 - 
================:  verify The Clear Filter Button :====================

2025-02-05 14:43:46 INFO  VerifyTheListReportPage:447 - Report within selected range found: 2025-02-05
2025-02-05 14:43:51 INFO  VerifyTheListReportPage:456 - Clear Filter is enabled and clicked.
2025-02-05 14:43:54 INFO  VerifyTheListReportPage:463 - Reports are restored after clearing the filter.
2025-02-05 14:43:54 INFO  VerifyTheListReportPageTest:128 - Verify the functionality of the apply Button
2025-02-05 14:43:54 INFO  ScreenshotListeners:29 - 
================:  verify The Filter Close Button :====================

2025-02-05 14:44:14 INFO  VerifyTheListReportPage:536 -  Filter Options close button is displayed
2025-02-05 14:44:16 INFO  VerifyTheListReportPageTest:135 - Verify the functionality of the Close Button
2025-02-05 14:44:16 INFO  ScreenshotListeners:29 - 
================:  verify The Presence Of Filter Option :====================

2025-02-05 14:44:26 INFO  VerifyTheListReportPage:167 -  Filter Option are Loaded
2025-02-05 14:44:38 INFO  VerifyTheListReportPageTest:108 - Verify the Filter Options
2025-02-05 14:44:38 INFO  ScreenshotListeners:29 - 
================:  verify The Functionality Of Bookmark Button :====================

2025-02-05 14:44:39 INFO  VerifyTheListReportPage:547 - Bookmark is already filled. Removing bookmark.
2025-02-05 14:45:04 INFO  VerifyTheListReportPage:558 - Bookmark is displayed
2025-02-05 14:45:04 INFO  VerifyTheListReportPageTest:142 - Verify the functionality of the Bookmark Button
2025-02-05 14:45:04 INFO  ScreenshotListeners:29 - 
================:  verify The Functionality Of Bookmark Textfield :====================

2025-02-05 14:45:06 INFO  VerifyTheListReportPage:580 - Bookmark is already filled. Removing bookmark.
2025-02-05 14:45:44 INFO  VerifyTheListReportPage:599 - Comment Textfield is enable
2025-02-05 14:45:44 INFO  VerifyTheListReportPageTest:149 - Verify the functionality of the Bookmark textfield 
2025-02-05 14:45:44 INFO  ScreenshotListeners:29 - 
================:  verify The Reassign Reviewer :====================

2025-02-05 14:45:58 INFO  VerifyTheListReportPage:720 - user is drop down is available
2025-02-05 14:46:03 INFO  VerifyTheListReportPageTest:163 - Functionality of assign is working 
2025-02-05 14:46:03 INFO  ScreenshotListeners:29 - 
================:  assign :====================

2025-02-05 14:46:48 INFO  ScreenshotListeners:29 - 
================:  ps Impression :====================

2025-02-05 14:46:49 INFO  SummaryTest:65 - Verify The PS impression text field
2025-02-05 14:46:49 INFO  ScreenshotListeners:29 - 
================:  verify Ps Impression Subheader :====================

2025-02-05 14:46:50 INFO  SummaryTest:71 - Verify The PS impression Sub headers
2025-02-05 14:46:50 INFO  ScreenshotListeners:29 - 
================:  verify Ps Impression Header :====================

2025-02-05 14:46:50 INFO  ScreenshotListeners:29 - 
================:  manual Radio Btn Test :====================

2025-02-05 14:46:50 INFO  Summary:144 - Manual Radio button is visible
2025-02-05 14:46:50 INFO  SummaryTest:82 - Verify The functionality of radio button
2025-02-05 14:46:50 INFO  ScreenshotListeners:29 - 
================:  calculated Radio Btn Test :====================

2025-02-05 14:46:51 INFO  Summary:158 -  Calculated Radio button is enable
2025-02-05 14:46:51 INFO  SummaryTest:88 - Verify The functionality of radio button
2025-02-05 14:46:51 INFO  ScreenshotListeners:29 - 
================:  Verify The Presence Of Manual Txt Field Value :====================

2025-02-05 14:46:52 INFO  Summary:180 - Value Match at Index 0: Manual = 51.9, Calculated = 51.9
2025-02-05 14:46:52 INFO  Summary:180 - Value Match at Index 1: Manual = 33.2, Calculated = 33.2
2025-02-05 14:46:52 INFO  Summary:180 - Value Match at Index 2: Manual = 4.8, Calculated = 4.8
2025-02-05 14:46:52 INFO  Summary:180 - Value Match at Index 3: Manual = 9.1, Calculated = 9.1
2025-02-05 14:46:52 INFO  Summary:180 - Value Match at Index 4: Manual = 0.0, Calculated = 0.0
2025-02-05 14:46:52 INFO  Summary:180 - Value Match at Index 5: Manual = 0.0, Calculated = 0.0
2025-02-05 14:46:52 INFO  Summary:180 - Value Match at Index 6: Manual = 1.1, Calculated = 1.1
2025-02-05 14:46:52 INFO  Summary:180 - Value Match at Index 7: Manual = 0.0, Calculated = 0.0
2025-02-05 14:46:52 INFO  Summary:180 - Value Match at Index 8: Manual = 0.0, Calculated = 0.0
2025-02-05 14:46:52 INFO  Summary:180 - Value Match at Index 9: Manual = 0.0, Calculated = 0.0
2025-02-05 14:46:52 INFO  Summary:180 - Value Match at Index 10: Manual = 0.0, Calculated = 0.0
2025-02-05 14:46:52 INFO  Summary:180 - Value Match at Index 11: Manual = 0.0, Calculated = 0.0
2025-02-05 14:46:52 INFO  Summary:180 - Value Match at Index 12: Manual = 0.0, Calculated = 0.0
2025-02-05 14:46:52 INFO  Summary:180 - Value Match at Index 13: Manual = 0.0, Calculated = 0.0
2025-02-05 14:46:52 INFO  Summary:180 - Value Match at Index 14: Manual = 0.0, Calculated = 0.0
2025-02-05 14:46:52 INFO  Summary:180 - Value Match at Index 15: Manual = 3.2, Calculated = 3.2
2025-02-05 14:46:52 INFO  Summary:180 - Value Match at Index 16: Manual = 0.0, Calculated = 0.0
2025-02-05 14:46:52 INFO  SummaryTest:94 - Verify The Presence of values in manual text Field
2025-02-05 14:46:52 INFO  ScreenshotListeners:29 - 
================:  verify The Presence Of Diffrencial Count :====================

2025-02-05 14:46:52 INFO  Summary:201 - The differential count note message is visible
2025-02-05 14:46:52 INFO  ScreenshotListeners:29 - 
================:  verify The Functionality Of Multiplication Factor Cancel Btn :====================

2025-02-05 14:46:52 INFO  CommonMethods:444 - Platelet tab is selected
2025-02-05 14:46:52 ERROR ViewAndModifyThePlateletCount:89 - Error while verifying Cancel functionality: element not interactable
  (Session info: chrome=133.0.6943.53)
  (Driver info: chromedriver=2.43.600229 (3fae4d0cda5334b4f533bede5a4787f7b832d052),platform=Mac OS X 10.16.0 x86_64) (WARNING: The server did not provide any stacktrace information)
Command duration or timeout: 0 milliseconds
Build info: version: '3.141.59', revision: 'e82be7d358', time: '2018-11-14T08:17:03'
System info: host: 'Macbook-Pro', ip: 'fe80:0:0:0:10ec:7e4c:24d5:5f4d%en0', os.name: 'Mac OS X', os.arch: 'x86_64', os.version: '13.7.2', java.version: '11.0.23'
Driver info: org.openqa.selenium.chrome.ChromeDriver
Capabilities {acceptInsecureCerts: true, acceptSslCerts: true, applicationCacheEnabled: false, browserConnectionEnabled: false, browserName: chrome, chrome: {chromedriverVersion: 2.43.600229 (3fae4d0cda5334..., userDataDir: /var/folders/bq/rhslv0zs6hl...}, cssSelectorsEnabled: true, databaseEnabled: false, goog:chromeOptions: {debuggerAddress: localhost:60064}, handlesAlerts: true, hasTouchScreen: false, javascriptEnabled: true, locationContextEnabled: true, mobileEmulationEnabled: false, nativeEvents: true, networkConnectionEnabled: false, pageLoadStrategy: normal, platform: MAC, platformName: MAC, rotatable: false, setWindowRect: true, takesHeapSnapshot: true, takesScreenshot: true, unexpectedAlertBehaviour: , unhandledPromptBehavior: , version: 133.0.6943.53, webStorageEnabled: true}
Session ID: 114dd45ca451012d516ea9e3a178884e
2025-02-05 14:46:52 ERROR BrowserSetUp:185 - verifyTheFunctionalityOfMultiplicationFactorCancelBtn -> FAILED due to below issues :
java.lang.AssertionError: expected [true] but found [false]

2025-02-05 14:46:53 INFO  BrowserSetUp:195 - Screenshot for this failed method : Screenshot/verifyTheFunctionalityOfMultiplicationFactorCancelBtn.png
2025-02-05 14:46:53 INFO  ScreenshotListeners:29 - 
================:  verify The Functionality Of Multiplication Warning Msg :====================

2025-02-05 14:46:54 INFO  ViewAndModifyThePlateletCount:113 - Entered multiplication factor: 2000
2025-02-05 14:46:54 INFO  ViewAndModifyThePlateletCount:122 - Warning message displayed correctly: Please enter a value between 5000-50000
2025-02-05 14:46:54 INFO  ViewAndModifyThePlateletCount:133 - Clicked the Cancel button.
2025-02-05 14:46:54 INFO  ViewAndModifyThePlateletCount:140 - Changes successfully reverted after clicking Cancel.
2025-02-05 14:46:54 INFO  ViewAndModifyThePlateletCountTest:53 - multiplication factor is working Fine
2025-02-05 14:46:54 INFO  ScreenshotListeners:29 - 
================:  verify The Functionality Of Multiplication Factor :====================

2025-02-05 14:46:55 INFO  ViewAndModifyThePlateletCount:177 - Entered valid multiplication factor: 5000
2025-02-05 14:47:25 ERROR ViewAndModifyThePlateletCount:208 - Error while verifying multiplication factor functionality: Expected condition failed: waiting for element to be clickable: By.xpath: //button[text()='Save'] (tried for 30 second(s) with 500 milliseconds interval)
2025-02-05 14:47:25 ERROR BrowserSetUp:185 - verifyTheFunctionalityOfMultiplicationFactor -> FAILED due to below issues :
java.lang.AssertionError: expected [true] but found [false]

2025-02-05 14:47:25 INFO  BrowserSetUp:195 - Screenshot for this failed method : Screenshot/verifyTheFunctionalityOfMultiplicationFactor.png
2025-02-05 14:47:25 INFO  ScreenshotListeners:29 - 
================:  verify Presence Of Cell Type :====================

2025-02-05 14:47:26 INFO  CommonMethods:721 - Morphology Sub Tab is selected
2025-02-05 14:47:26 INFO  ReviewPlateleyMorphologyCellTypeTest:49 - Morphology tab Cell Types is present on platelet main tab
2025-02-05 14:47:26 INFO  ScreenshotListeners:29 - 
================:  Verify Cell Count Of Large Platelet Is Equal To Patch :====================

2025-02-05 14:47:26 INFO  ReviewPlateletMorphologyCellType:108 - Total patches found: 33
2025-02-05 14:47:26 INFO  ReviewPlateletMorphologyCellType:133 - Total patches found for Large Platelets: 33
2025-02-05 14:47:26 INFO  ReviewPlateletMorphologyCellType:139 - Expected count for Large Platelets: 33
2025-02-05 14:47:26 INFO  ReviewPlateletMorphologyCellType:143 - Large Platelets count matches the patch count. Count: 33
2025-02-05 14:47:26 INFO  ReviewPlateleyMorphologyCellTypeTest:56 - Verify the Large platelet cell count is equal patch count
2025-02-05 14:47:26 INFO  ScreenshotListeners:29 - 
================:  Verify Cell Count Of Platelet Clumps Is Equal To Patch :====================

2025-02-05 14:47:26 INFO  ReviewPlateletMorphologyCellType:108 - Total patches found: 12
2025-02-05 14:47:26 INFO  ReviewPlateletMorphologyCellType:133 - Total patches found for Platelet Clumps: 12
2025-02-05 14:47:26 INFO  ReviewPlateletMorphologyCellType:139 - Expected count for Platelet Clumps: 12
2025-02-05 14:47:26 INFO  ReviewPlateletMorphologyCellType:143 - Platelet Clumps count matches the patch count. Count: 12
2025-02-05 14:47:26 INFO  ReviewPlateleyMorphologyCellTypeTest:62 - Verify the  Platelet clumps cell count is equal patch count
2025-02-05 14:47:26 INFO  ScreenshotListeners:29 - 
================:  Functionality Of Patch When Select The Patch In Large Platelets :====================

2025-02-05 14:47:27 INFO  ReviewPlateletMorphologyCellType:108 - Total patches found: 33
2025-02-05 14:47:27 INFO  ReviewPlateletMorphologyCellType:174 - Total patches found for Large Platelets: 33
2025-02-05 14:47:27 INFO  ReviewPlateletMorphologyCellType:184 - Patch selected successfully in Large Platelets. Patch details: 
2025-02-05 14:47:27 INFO  ReviewPlateleyMorphologyCellTypeTest:69 - Verify the Large platelet cell  patches are selecting
2025-02-05 14:47:27 INFO  ScreenshotListeners:29 - 
================:  Functionality Of Patch When Select The Patch In Platelet Clumps :====================

2025-02-05 14:47:27 INFO  ReviewPlateletMorphologyCellType:108 - Total patches found: 12
2025-02-05 14:47:27 INFO  ReviewPlateletMorphologyCellType:174 - Total patches found for Platelet Clumps: 12
2025-02-05 14:47:27 INFO  ReviewPlateletMorphologyCellType:184 - Patch selected successfully in Platelet Clumps. Patch details: 
2025-02-05 14:47:27 INFO  ReviewPlateleyMorphologyCellTypeTest:75 - Verify the  Platelet clumps cell patches are selecting
2025-02-05 14:47:27 INFO  ScreenshotListeners:29 - 
================:  verify The Size Of Patches In Large Platelet :====================

2025-02-05 14:47:29 INFO  ReviewPlateleyMorphologyCellTypeTest:82 - Verify the Size of patch
2025-02-05 14:47:29 INFO  ScreenshotListeners:29 - 
================:  verify The Size Of Patches In Platelet Clumps :====================

2025-02-05 14:47:29 INFO  ReviewPlateleyMorphologyCellTypeTest:88 - Verify the Size of patch
2025-02-05 14:47:29 INFO  ScreenshotListeners:29 - 
================:  test Zoom Functionality :====================

2025-02-05 14:47:32 INFO  CommonMethods:647 - Clicked zoom-out button. Step: 1
2025-02-05 14:47:32 INFO  CommonMethods:651 - Zoom level at step 1: 10 μm
2025-02-05 14:47:39 INFO  CommonMethods:647 - Clicked zoom-out button. Step: 2
2025-02-05 14:47:39 INFO  CommonMethods:651 - Zoom level at step 2: 10 μm
2025-02-05 14:47:46 INFO  CommonMethods:647 - Clicked zoom-out button. Step: 3
2025-02-05 14:47:46 INFO  CommonMethods:651 - Zoom level at step 3: 10 μm
