2025-02-05 12:59:42 INFO  ScreenshotListeners:29 - 
================:  valid Login :====================

2025-02-05 12:59:48 INFO  LoginTest:49 - user Logged in successfully
2025-02-05 12:59:48 INFO  ScreenshotListeners:29 - 
================:  verify Sig Logo And P B S :====================

2025-02-05 12:59:48 INFO  VerifyTheListReportPage:48 - Sigtuple logo is Loaded .
2025-02-05 12:59:48 INFO  VerifyTheListReportPage:49 - PBS Text is loaded
2025-02-05 12:59:48 INFO  VerifyTheListReportPageTest:41 -  Sigtuple logo and PBS is Present on the page
2025-02-05 12:59:48 INFO  ScreenshotListeners:29 - 
================:  verify The Kebab Menu Icon :====================

2025-02-05 12:59:48 INFO  VerifyTheListReportPage:60 - Kebab menu icon is loaded
2025-02-05 12:59:48 INFO  VerifyTheListReportPageTest:48 - Kebab menu is Displayed on the app 
2025-02-05 12:59:48 INFO  ScreenshotListeners:29 - 
================:  verifythe Search And Filter And Checkbox :====================

2025-02-05 12:59:48 INFO  VerifyTheListReportPage:73 - Search  Field  is displayed
2025-02-05 12:59:48 INFO  VerifyTheListReportPage:74 - Filter button is displayed
2025-02-05 12:59:48 INFO  VerifyTheListReportPage:75 - clear filter is displayed
2025-02-05 12:59:48 INFO  VerifyTheListReportPageTest:55 -  Search textbox and Filter is Present on the page
2025-02-05 12:59:48 INFO  ScreenshotListeners:29 - 
================:  verify The Functionality Of The My Report Check Box :====================

2025-02-05 12:59:49 INFO  VerifyTheListReportPage:85 - My report check box is displayed
2025-02-05 12:59:49 INFO  VerifyTheListReportPage:86 - My report check box is Active
2025-02-05 12:59:49 INFO  VerifyTheListReportPageTest:62 - My report Check box  is Present on the page
2025-02-05 12:59:49 INFO  ScreenshotListeners:29 - 
================:  verifyfunctionalityofmyreportcheckbox :====================

2025-02-05 12:59:54 INFO  VerifyTheListReportPage:507 -  My Report is enable
2025-02-05 12:59:56 INFO  VerifyTheListReportPageTest:68 -  Verify the functionality of the my report check box
2025-02-05 12:59:56 INFO  ScreenshotListeners:29 - 
================:  verity Header :====================

2025-02-05 12:59:56 INFO  VerifyTheListReportPage:99 -  Report List header is Displayed
2025-02-05 12:59:56 INFO  VerifyTheListReportPageTest:77 - Header of the Report listing is displayed and verified
2025-02-05 12:59:56 INFO  ScreenshotListeners:29 - 
================:  verify The Functionality Of Search Field :====================

2025-02-05 13:00:07 INFO  VerifyTheListReportPage:120 - Matching the sample Slide Id is displayed
2025-02-05 13:00:07 INFO  VerifyTheListReportPage:120 - Matching the sample Slide Id is displayed
2025-02-05 13:00:07 INFO  VerifyTheListReportPage:120 - Matching the sample Slide Id is displayed
2025-02-05 13:00:07 INFO  VerifyTheListReportPage:120 - Matching the sample Slide Id is displayed
2025-02-05 13:00:07 INFO  VerifyTheListReportPage:120 - Matching the sample Slide Id is displayed
2025-02-05 13:00:07 INFO  VerifyTheListReportPage:120 - Matching the sample Slide Id is displayed
2025-02-05 13:00:07 INFO  VerifyTheListReportPage:120 - Matching the sample Slide Id is displayed
2025-02-05 13:00:07 INFO  VerifyTheListReportPage:120 - Matching the sample Slide Id is displayed
2025-02-05 13:00:07 INFO  VerifyTheListReportPage:120 - Matching the sample Slide Id is displayed
2025-02-05 13:00:07 INFO  VerifyTheListReportPage:120 - Matching the sample Slide Id is displayed
2025-02-05 13:00:07 INFO  VerifyTheListReportPage:120 - Matching the sample Slide Id is displayed
2025-02-05 13:00:07 INFO  VerifyTheListReportPage:120 - Matching the sample Slide Id is displayed
2025-02-05 13:00:07 INFO  VerifyTheListReportPage:120 - Matching the sample Slide Id is displayed
2025-02-05 13:00:07 INFO  VerifyTheListReportPage:120 - Matching the sample Slide Id is displayed
2025-02-05 13:00:07 INFO  VerifyTheListReportPage:120 - Matching the sample Slide Id is displayed
2025-02-05 13:00:07 INFO  VerifyTheListReportPage:120 - Matching the sample Slide Id is displayed
2025-02-05 13:00:07 INFO  VerifyTheListReportPage:120 - Matching the sample Slide Id is displayed
2025-02-05 13:00:07 INFO  VerifyTheListReportPage:120 - Matching the sample Slide Id is displayed
2025-02-05 13:00:07 INFO  VerifyTheListReportPage:120 - Matching the sample Slide Id is displayed
2025-02-05 13:00:07 INFO  VerifyTheListReportPage:120 - Matching the sample Slide Id is displayed
2025-02-05 13:00:17 INFO  VerifyTheListReportPageTest:85 - Functionality of search text field is working fine
2025-02-05 13:00:17 INFO  ScreenshotListeners:29 - 
================:  verify The Functionality Of Filter Icon :====================

2025-02-05 13:00:17 INFO  VerifyTheListReportPage:144 - Filter icon is present and enabled
2025-02-05 13:00:17 INFO  VerifyTheListReportPageTest:93 - Functionality of Filter icon is working Fine
2025-02-05 13:00:17 INFO  ScreenshotListeners:29 - 
================:  verify The Same Slide Idon Additional Info :====================

2025-02-05 13:00:34 INFO  VerifyTheListReportPage:486 - Additional info icon loaded successfully
2025-02-05 13:00:34 INFO  VerifyTheListReportPageTest:101 - Functionality Additional info icon is enable and same slide id is Displyed
2025-02-05 13:00:34 INFO  ScreenshotListeners:29 - 
================:  verify The Applyt Button :====================

2025-02-05 13:01:06 INFO  VerifyTheListReportPage:269 - Report within selected range found: 2025-02-05
2025-02-05 13:01:11 INFO  VerifyTheListReportPage:278 - Clear Filter is enabled and clicked.
2025-02-05 13:01:11 INFO  VerifyTheListReportPageTest:122 - Verify the functionality of the apply Button
2025-02-05 13:01:11 INFO  ScreenshotListeners:29 - 
================:  verify The Reset Button :====================

2025-02-05 13:01:40 INFO  VerifyTheListReportPage:210 - scane date text field is enable
2025-02-05 13:01:45 INFO  VerifyTheListReportPageTest:115 - Verify the functionality of the Rest Button
2025-02-05 13:01:45 INFO  ScreenshotListeners:29 - 
================:  verify The Clear Filter Button :====================

2025-02-05 13:02:17 INFO  VerifyTheListReportPage:447 - Report within selected range found: 2025-02-05
2025-02-05 13:02:22 INFO  VerifyTheListReportPage:456 - Clear Filter is enabled and clicked.
2025-02-05 13:02:25 INFO  VerifyTheListReportPage:463 - Reports are restored after clearing the filter.
2025-02-05 13:02:25 INFO  VerifyTheListReportPageTest:128 - Verify the functionality of the apply Button
2025-02-05 13:02:25 INFO  ScreenshotListeners:29 - 
================:  verify The Filter Close Button :====================

2025-02-05 13:02:45 INFO  VerifyTheListReportPage:536 -  Filter Options close button is displayed
2025-02-05 13:02:47 INFO  VerifyTheListReportPageTest:135 - Verify the functionality of the Close Button
2025-02-05 13:02:47 INFO  ScreenshotListeners:29 - 
================:  verify The Presence Of Filter Option :====================

2025-02-05 13:02:57 INFO  VerifyTheListReportPage:167 -  Filter Option are Loaded
2025-02-05 13:03:09 INFO  VerifyTheListReportPageTest:108 - Verify the Filter Options
2025-02-05 13:03:09 INFO  ScreenshotListeners:29 - 
================:  verify The Functionality Of Bookmark Button :====================

2025-02-05 13:03:15 INFO  VerifyTheListReportPage:566 - Bookmark is displayed
2025-02-05 13:03:15 INFO  VerifyTheListReportPageTest:142 - Verify the functionality of the Bookmark Button
2025-02-05 13:03:15 INFO  ScreenshotListeners:29 - 
================:  verify The Functionality Of Bookmark Textfield :====================

2025-02-05 13:03:17 INFO  VerifyTheListReportPage:580 - Bookmark is already filled. Removing bookmark.
2025-02-05 13:03:31 INFO  VerifyTheListReportPage:599 - Comment Textfield is enable
2025-02-05 13:03:31 INFO  VerifyTheListReportPageTest:149 - Verify the functionality of the Bookmark textfield 
2025-02-05 13:03:31 INFO  ScreenshotListeners:29 - 
================:  verify The Reassign Reviewer :====================

2025-02-05 13:03:35 INFO  VerifyTheListReportPage:720 - user is drop down is available
2025-02-05 13:03:36 INFO  VerifyTheListReportPageTest:163 - Functionality of assign is working 
2025-02-05 13:03:36 INFO  ScreenshotListeners:29 - 
================:  assign :====================

2025-02-05 13:03:46 INFO  VerifyTheListReportPage:699 - user is drop down is available
2025-02-05 13:03:46 INFO  SummaryTest:39 - Assign the report
2025-02-05 13:03:46 INFO  ScreenshotListeners:29 - 
================:  ps Impression :====================

2025-02-05 13:03:47 INFO  SummaryTest:65 - Verify The PS impression text field
2025-02-05 13:03:47 INFO  ScreenshotListeners:29 - 
================:  verify Ps Impression Subheader :====================

2025-02-05 13:03:47 INFO  SummaryTest:71 - Verify The PS impression Sub headers
2025-02-05 13:03:47 INFO  ScreenshotListeners:29 - 
================:  verify Ps Impression Header :====================

2025-02-05 13:03:48 INFO  ScreenshotListeners:29 - 
================:  manual Radio Btn Test :====================

2025-02-05 13:03:48 INFO  Summary:144 - Manual Radio button is visible
2025-02-05 13:03:48 INFO  SummaryTest:82 - Verify The functionality of radio button
2025-02-05 13:03:48 INFO  ScreenshotListeners:29 - 
================:  calculated Radio Btn Test :====================

2025-02-05 13:03:49 INFO  Summary:158 -  Calculated Radio button is enable
2025-02-05 13:03:49 INFO  SummaryTest:88 - Verify The functionality of radio button
2025-02-05 13:03:49 INFO  ScreenshotListeners:29 - 
================:  Verify The Presence Of Manual Txt Field Value :====================

2025-02-05 13:03:50 INFO  Summary:180 - Value Match at Index 0: Manual = 57.0, Calculated = 57.0
2025-02-05 13:03:50 INFO  Summary:180 - Value Match at Index 1: Manual = 28.0, Calculated = 28.0
2025-02-05 13:03:50 INFO  Summary:180 - Value Match at Index 2: Manual = 11.2, Calculated = 11.2
2025-02-05 13:03:50 INFO  Summary:180 - Value Match at Index 3: Manual = 1.9, Calculated = 1.9
2025-02-05 13:03:50 INFO  Summary:180 - Value Match at Index 4: Manual = 0.0, Calculated = 0.0
2025-02-05 13:03:50 INFO  Summary:180 - Value Match at Index 5: Manual = 0.9, Calculated = 0.9
2025-02-05 13:03:50 INFO  Summary:180 - Value Match at Index 6: Manual = 0.9, Calculated = 0.9
2025-02-05 13:03:50 INFO  Summary:180 - Value Match at Index 7: Manual = 0.0, Calculated = 0.0
2025-02-05 13:03:50 INFO  Summary:180 - Value Match at Index 8: Manual = 0.0, Calculated = 0.0
2025-02-05 13:03:50 INFO  Summary:180 - Value Match at Index 9: Manual = 0.0, Calculated = 0.0
2025-02-05 13:03:50 INFO  Summary:180 - Value Match at Index 10: Manual = 0.0, Calculated = 0.0
2025-02-05 13:03:50 INFO  Summary:180 - Value Match at Index 11: Manual = 0.0, Calculated = 0.0
2025-02-05 13:03:50 INFO  Summary:180 - Value Match at Index 12: Manual = 0.0, Calculated = 0.0
2025-02-05 13:03:50 INFO  Summary:180 - Value Match at Index 13: Manual = 0.0, Calculated = 0.0
2025-02-05 13:03:50 INFO  Summary:180 - Value Match at Index 14: Manual = 0.0, Calculated = 0.0
2025-02-05 13:03:50 INFO  Summary:180 - Value Match at Index 15: Manual = 3.7, Calculated = 3.7
2025-02-05 13:03:50 INFO  Summary:180 - Value Match at Index 16: Manual = 0.0, Calculated = 0.0
2025-02-05 13:03:50 INFO  SummaryTest:94 - Verify The Presence of values in manual text Field
2025-02-05 13:03:50 INFO  ScreenshotListeners:29 - 
================:  verify The Presence Of Diffrencial Count :====================

2025-02-05 13:03:50 INFO  Summary:201 - The differential count note message is visible
2025-02-05 13:03:50 INFO  ScreenshotListeners:29 - 
================:  verify The Functionality Of Multiplication Factor Cancel Btn :====================

2025-02-05 13:03:50 INFO  CommonMethods:444 - Platelet tab is selected
2025-02-05 13:03:50 ERROR ViewAndModifyThePlateletCount:89 - Error while verifying Cancel functionality: element not interactable
  (Session info: chrome=133.0.6943.53)
  (Driver info: chromedriver=2.43.600229 (3fae4d0cda5334b4f533bede5a4787f7b832d052),platform=Mac OS X 10.16.0 x86_64) (WARNING: The server did not provide any stacktrace information)
Command duration or timeout: 0 milliseconds
Build info: version: '3.141.59', revision: 'e82be7d358', time: '2018-11-14T08:17:03'
System info: host: 'Macbook-Pro', ip: 'fe80:0:0:0:10ec:7e4c:24d5:5f4d%en0', os.name: 'Mac OS X', os.arch: 'x86_64', os.version: '13.7.2', java.version: '11.0.23'
Driver info: org.openqa.selenium.chrome.ChromeDriver
Capabilities {acceptInsecureCerts: true, acceptSslCerts: true, applicationCacheEnabled: false, browserConnectionEnabled: false, browserName: chrome, chrome: {chromedriverVersion: 2.43.600229 (3fae4d0cda5334..., userDataDir: /var/folders/bq/rhslv0zs6hl...}, cssSelectorsEnabled: true, databaseEnabled: false, goog:chromeOptions: {debuggerAddress: localhost:55474}, handlesAlerts: true, hasTouchScreen: false, javascriptEnabled: true, locationContextEnabled: true, mobileEmulationEnabled: false, nativeEvents: true, networkConnectionEnabled: false, pageLoadStrategy: normal, platform: MAC, platformName: MAC, rotatable: false, setWindowRect: true, takesHeapSnapshot: true, takesScreenshot: true, unexpectedAlertBehaviour: , unhandledPromptBehavior: , version: 133.0.6943.53, webStorageEnabled: true}
Session ID: ebdfca241506d7e4f227971d847d6f53
2025-02-05 13:03:51 ERROR BrowserSetUp:185 - verifyTheFunctionalityOfMultiplicationFactorCancelBtn -> FAILED due to below issues :
java.lang.AssertionError: expected [true] but found [false]

2025-02-05 13:03:51 INFO  BrowserSetUp:195 - Screenshot for this failed method : Screenshot/verifyTheFunctionalityOfMultiplicationFactorCancelBtn.png
2025-02-05 13:03:51 INFO  ScreenshotListeners:29 - 
================:  verify The Functionality Of Multiplication Warning Msg :====================

2025-02-05 13:03:53 INFO  ViewAndModifyThePlateletCount:113 - Entered multiplication factor: 2000
2025-02-05 13:03:53 INFO  ViewAndModifyThePlateletCount:122 - Warning message displayed correctly: Please enter a value between 5000-50000
2025-02-05 13:03:53 INFO  ViewAndModifyThePlateletCount:133 - Clicked the Cancel button.
2025-02-05 13:03:53 INFO  ViewAndModifyThePlateletCount:140 - Changes successfully reverted after clicking Cancel.
2025-02-05 13:03:53 INFO  ViewAndModifyThePlateletCountTest:53 - multiplication factor is working Fine
2025-02-05 13:03:53 INFO  ScreenshotListeners:29 - 
================:  verify The Functionality Of Multiplication Factor :====================

2025-02-05 13:03:53 INFO  ViewAndModifyThePlateletCount:177 - Entered valid multiplication factor: 5000
2025-02-05 13:03:53 INFO  ViewAndModifyThePlateletCount:196 - Clicked the Save button.
2025-02-05 13:03:53 INFO  ViewAndModifyThePlateletCount:201 - Multiplication factor successfully saved: 5000
2025-02-05 13:03:53 INFO  ViewAndModifyThePlateletCountTest:59 - multiplication factor is working Fine
2025-02-05 13:03:53 INFO  ScreenshotListeners:29 - 
================:  verify Presence Of Cell Type :====================

2025-02-05 13:03:53 INFO  CommonMethods:721 - Morphology Sub Tab is selected
2025-02-05 13:03:54 INFO  ReviewPlateleyMorphologyCellTypeTest:49 - Morphology tab Cell Types is present on platelet main tab
2025-02-05 13:03:54 INFO  ScreenshotListeners:29 - 
================:  Verify Cell Count Of Large Platelet Is Equal To Patch :====================

2025-02-05 13:03:54 INFO  ReviewPlateletMorphologyCellType:64 - Total patches found: 7
2025-02-05 13:03:54 INFO  ReviewPlateletMorphologyCellType:89 - Total patches found for Large Platelets: 7
2025-02-05 13:03:54 INFO  ReviewPlateletMorphologyCellType:95 - Expected count for Large Platelets: 7
2025-02-05 13:03:54 INFO  ReviewPlateletMorphologyCellType:99 - Large Platelets count matches the patch count. Count: 7
2025-02-05 13:03:54 INFO  ReviewPlateleyMorphologyCellTypeTest:56 - Verify the Large platelet cell count is equal patch count
2025-02-05 13:03:54 INFO  ScreenshotListeners:29 - 
================:  Verify Cell Count Of Platelet Clumps Is Equal To Patch :====================

2025-02-05 13:03:54 INFO  ReviewPlateletMorphologyCellType:64 - Total patches found: 2
2025-02-05 13:03:54 INFO  ReviewPlateletMorphologyCellType:89 - Total patches found for Platelet Clumps: 2
2025-02-05 13:03:54 INFO  ReviewPlateletMorphologyCellType:95 - Expected count for Platelet Clumps: 2
2025-02-05 13:03:54 INFO  ReviewPlateletMorphologyCellType:99 - Platelet Clumps count matches the patch count. Count: 2
2025-02-05 13:03:54 INFO  ReviewPlateleyMorphologyCellTypeTest:62 - Verify the  Platelet clumps cell count is equal patch count
2025-02-05 13:03:54 INFO  ScreenshotListeners:29 - 
================:  Functionality Of Patch When Select The Patch In Large Platelets :====================

2025-02-05 13:03:54 INFO  ReviewPlateletMorphologyCellType:64 - Total patches found: 7
2025-02-05 13:03:54 INFO  ReviewPlateletMorphologyCellType:130 - Total patches found for Large Platelets: 7
2025-02-05 13:03:55 INFO  ReviewPlateletMorphologyCellType:140 - Patch selected successfully in Large Platelets. Patch details: 
2025-02-05 13:03:55 INFO  ReviewPlateleyMorphologyCellTypeTest:69 - Verify the Large platelet cell  patches are selecting
2025-02-05 13:03:55 INFO  ScreenshotListeners:29 - 
================:  Functionality Of Patch When Select The Patch In Platelet Clumps :====================

2025-02-05 13:03:55 INFO  ReviewPlateletMorphologyCellType:64 - Total patches found: 2
2025-02-05 13:03:55 INFO  ReviewPlateletMorphologyCellType:130 - Total patches found for Platelet Clumps: 2
2025-02-05 13:03:55 INFO  ReviewPlateletMorphologyCellType:140 - Patch selected successfully in Platelet Clumps. Patch details: 
2025-02-05 13:03:55 INFO  ReviewPlateleyMorphologyCellTypeTest:75 - Verify the  Platelet clumps cell patches are selecting
2025-02-05 13:03:55 INFO  ScreenshotListeners:29 - 
================:  verify The Size Of Patches In Large Platelet :====================

2025-02-05 13:03:55 INFO  ReviewPlateleyMorphologyCellTypeTest:82 - Verify the Size of patch
2025-02-05 13:03:55 INFO  ScreenshotListeners:29 - 
================:  verify The Size Of Patches In Platelet Clumps :====================

2025-02-05 13:03:55 INFO  ReviewPlateleyMorphologyCellTypeTest:88 - Verify the Size of patch
2025-02-05 13:03:55 INFO  ScreenshotListeners:29 - 
================:  test Zoom Functionality :====================

2025-02-05 13:03:58 INFO  CommonMethods:647 - Clicked zoom-out button. Step: 1
2025-02-05 13:03:58 INFO  CommonMethods:651 - Zoom level at step 1: 20 μm
2025-02-05 13:04:00 INFO  CommonMethods:647 - Clicked zoom-out button. Step: 2
2025-02-05 13:04:00 INFO  CommonMethods:651 - Zoom level at step 2: 50 μm
2025-02-05 13:04:02 INFO  CommonMethods:647 - Clicked zoom-out button. Step: 3
2025-02-05 13:04:02 INFO  CommonMethods:651 - Zoom level at step 3: 100 μm
2025-02-05 13:04:02 INFO  ReviewPlateleyMorphologyCellTypeTest:103 - Final zoom level after zoom-out: 100 μm
2025-02-05 13:04:04 INFO  CommonMethods:626 - Clicked zoom-in button. Step: 1
2025-02-05 13:04:04 INFO  CommonMethods:630 - Zoom level at step 1: 50 μm
2025-02-05 13:04:06 INFO  CommonMethods:626 - Clicked zoom-in button. Step: 2
2025-02-05 13:04:07 INFO  CommonMethods:630 - Zoom level at step 2: 20 μm
2025-02-05 13:04:09 INFO  CommonMethods:626 - Clicked zoom-in button. Step: 3
2025-02-05 13:04:09 INFO  CommonMethods:630 - Zoom level at step 3: 10 μm
2025-02-05 13:04:09 INFO  ReviewPlateleyMorphologyCellTypeTest:109 - Final zoom level after zoom-in: 10 μm
2025-02-05 13:04:09 INFO  CommonMethods:665 - Clicked home zoom button.
2025-02-05 13:04:11 INFO  CommonMethods:670 - Home zoom level: 1000 μm
2025-02-05 13:04:11 INFO  ReviewPlateleyMorphologyCellTypeTest:116 - Final zoom level after resetting to home: 1000 μm
