2025-01-27 17:38:36 INFO  ScreenshotListeners:29 - 
================:  valid Login :====================

2025-01-27 17:38:42 INFO  LoginTest:49 - user Logged in successfully
2025-01-27 17:38:42 INFO  ScreenshotListeners:29 - 
================:  verify Sig Logo And P B S :====================

2025-01-27 17:38:42 INFO  VerifyTheListReportPage:46 - Sigtuple logo is Loaded .
2025-01-27 17:38:42 INFO  VerifyTheListReportPage:47 - PBS Text is loaded
2025-01-27 17:38:42 INFO  VerifyTheListReportPageTest:41 -  Sigtuple logo and PBS is Present on the page
2025-01-27 17:38:42 INFO  ScreenshotListeners:29 - 
================:  assign :====================

2025-01-27 17:39:22 INFO  ScreenshotListeners:29 - 
================:  verify Selction Of W B C Tab :====================

2025-01-27 17:39:27 INFO  CommonMethods:52 - clicked on tab successfully
2025-01-27 17:39:27 INFO  WBCParameters:41 - WBC
2025-01-27 17:39:27 INFO  WBCParametersTest:43 - WBC tab is present and selected
2025-01-27 17:39:27 INFO  ScreenshotListeners:29 - 
================:  presence Of Count Sub Tab In Platelet :====================

2025-01-27 17:39:32 INFO  CommonMethods:52 - clicked on tab successfully
2025-01-27 17:39:32 INFO  ReviewPatchesInPatchViewAndSplitView:49 - count sub tab is present on platelet 
2025-01-27 17:39:32 INFO  ReviewPatchesInPatchViewAndSplitViewTest:58 - Count tab is present on platelet 
2025-01-27 17:39:32 INFO  ScreenshotListeners:29 - 
================:  presence Of Morphology :====================

2025-01-27 17:39:33 INFO  ReviewPatchesInPatchViewAndSplitViewTest:65 - Morphology tab is present on platelet main tab
2025-01-27 17:39:33 INFO  ScreenshotListeners:29 - 
================:  selection Of Fovs :====================

2025-01-27 17:39:41 INFO  ReviewPatchesInPatchViewAndSplitView:90 - FOV navigation is correct for FOV 3: FOV 3 / 10
2025-01-27 17:39:45 INFO  ReviewPatchesInPatchViewAndSplitView:90 - FOV navigation is correct for FOV 4: FOV 4 / 10
2025-01-27 17:39:48 INFO  ReviewPatchesInPatchViewAndSplitView:90 - FOV navigation is correct for FOV 5: FOV 5 / 10
2025-01-27 17:39:51 INFO  ReviewPatchesInPatchViewAndSplitView:90 - FOV navigation is correct for FOV 6: FOV 6 / 10
2025-01-27 17:39:54 INFO  ReviewPatchesInPatchViewAndSplitView:90 - FOV navigation is correct for FOV 7: FOV 7 / 10
2025-01-27 17:39:57 INFO  ReviewPatchesInPatchViewAndSplitView:90 - FOV navigation is correct for FOV 8: FOV 8 / 10
2025-01-27 17:40:00 INFO  ReviewPatchesInPatchViewAndSplitView:90 - FOV navigation is correct for FOV 9: FOV 9 / 10
2025-01-27 17:40:03 INFO  ReviewPatchesInPatchViewAndSplitView:90 - FOV navigation is correct for FOV 10: FOV 10 / 10
2025-01-27 17:40:03 ERROR BrowserSetUp:185 - selectionOfFovs -> FAILED due to below issues :
java.lang.IndexOutOfBoundsException: Index 9 out of bounds for length 9

2025-01-27 17:40:04 INFO  BrowserSetUp:195 - Screenshot for this failed method : Screenshot/selectionOfFovs.png
2025-01-27 17:40:04 INFO  ScreenshotListeners:29 - 
================:  edit The N M G Value :====================

2025-01-27 17:40:07 ERROR BrowserSetUp:185 - editTheNMGValue -> FAILED due to below issues :
org.openqa.selenium.InvalidElementStateException: invalid element state: Element is not currently interactable and may not be manipulated
  (Session info: chrome=131.0.6778.265)
  (Driver info: chromedriver=2.43.600229 (3fae4d0cda5334b4f533bede5a4787f7b832d052),platform=Mac OS X 10.16.0 x86_64) (WARNING: The server did not provide any stacktrace information)
Command duration or timeout: 0 milliseconds
Build info: version: '3.141.59', revision: 'e82be7d358', time: '2018-11-14T08:17:03'
System info: host: 'Macbook-Pro', ip: 'fe80:0:0:0:10ec:7e4c:24d5:5f4d%en0', os.name: 'Mac OS X', os.arch: 'x86_64', os.version: '13.7.2', java.version: '11.0.23'
Driver info: org.openqa.selenium.chrome.ChromeDriver
Capabilities {acceptInsecureCerts: true, acceptSslCerts: true, applicationCacheEnabled: false, browserConnectionEnabled: false, browserName: chrome, chrome: {chromedriverVersion: 2.43.600229 (3fae4d0cda5334..., userDataDir: /var/folders/bq/rhslv0zs6hl...}, cssSelectorsEnabled: true, databaseEnabled: false, goog:chromeOptions: {debuggerAddress: localhost:52607}, handlesAlerts: true, hasTouchScreen: false, javascriptEnabled: true, locationContextEnabled: true, mobileEmulationEnabled: false, nativeEvents: true, networkConnectionEnabled: false, pageLoadStrategy: normal, platform: MAC, platformName: MAC, rotatable: false, setWindowRect: true, takesHeapSnapshot: true, takesScreenshot: true, unexpectedAlertBehaviour: , unhandledPromptBehavior: , version: 131.0.6778.265, webStorageEnabled: true}
Session ID: 762c5240dfc404bc883e6f6f01d7c2ac

2025-01-27 17:40:08 INFO  BrowserSetUp:195 - Screenshot for this failed method : Screenshot/editTheNMGValue.png
2025-01-27 17:40:08 INFO  ScreenshotListeners:29 - 
================:  test Default Selection Of Split View :====================

2025-01-27 17:40:08 INFO  ReviewPatchesInPatchViewAndSplitView:150 - Split View is selected by default.
2025-01-27 17:40:08 INFO  ReviewPatchesInPatchViewAndSplitView:162 - Patch View is disabled.
2025-01-27 17:40:08 INFO  ReviewPatchesInPatchViewAndSplitViewTest:87 - Verify The Default selection of split view in the platelet count
2025-01-27 17:40:08 INFO  ScreenshotListeners:29 - 
================:  Verify Radio Btn Manual Level Platelet Count :====================

2025-01-27 17:40:08 INFO  ReviewPatchesInPatchViewAndSplitView:200 -  Manual radio button is not selected
2025-01-27 17:40:08 INFO  ReviewPatchesInPatchViewAndSplitViewTest:95 - Verify the selection of the manual platelet level radio button
