2025-02-04 12:24:31 INFO  ScreenshotListeners:29 - 
================:  valid Login :====================

2025-02-04 12:24:37 INFO  LoginTest:49 - user Logged in successfully
2025-02-04 12:24:37 INFO  ScreenshotListeners:29 - 
================:  verify Sig Logo And P B S :====================

2025-02-04 12:24:37 INFO  VerifyTheListReportPage:46 - Sigtuple logo is Loaded .
2025-02-04 12:24:37 INFO  VerifyTheListReportPage:47 - PBS Text is loaded
2025-02-04 12:24:37 INFO  VerifyTheListReportPageTest:41 -  Sigtuple logo and PBS is Present on the page
2025-02-04 12:24:37 INFO  ScreenshotListeners:29 - 
================:  assign :====================

2025-02-04 12:25:14 INFO  ScreenshotListeners:29 - 
================:  verify The Functionality Of Multiplication Factor Cancel Btn :====================

2025-02-04 12:25:15 INFO  CommonMethods:444 - Platelet tab is selected
2025-02-04 12:25:16 INFO  ViewAndModifyThePlateletCount:55 - Entered valid multiplication factor: 5000
2025-02-04 12:25:16 INFO  ViewAndModifyThePlateletCount:66 - Set as default for future reports.
2025-02-04 12:25:17 INFO  ViewAndModifyThePlateletCount:75 - Clicked the Cancel button.
2025-02-04 12:25:17 INFO  ViewAndModifyThePlateletCount:82 - Changes successfully reverted after clicking Cancel.
2025-02-04 12:25:17 INFO  ViewAndModifyThePlateletCountTest:47 - multiplication factor is working Fine
2025-02-04 12:25:17 INFO  ScreenshotListeners:29 - 
================:  verify The Functionality Of Multiplication Warning Msg :====================

2025-02-04 12:25:17 INFO  ViewAndModifyThePlateletCount:113 - Entered multiplication factor: 2000
2025-02-04 12:25:17 INFO  ViewAndModifyThePlateletCount:122 - Warning message displayed correctly: Please enter a value between 5000-50000
2025-02-04 12:25:17 INFO  ViewAndModifyThePlateletCount:133 - Clicked the Cancel button.
2025-02-04 12:25:17 INFO  ViewAndModifyThePlateletCount:140 - Changes successfully reverted after clicking Cancel.
2025-02-04 12:25:17 INFO  ViewAndModifyThePlateletCountTest:53 - multiplication factor is working Fine
2025-02-04 12:25:17 INFO  ScreenshotListeners:29 - 
================:  verify The Functionality Of Multiplication Factor :====================

2025-02-04 12:25:18 INFO  ViewAndModifyThePlateletCount:177 - Entered valid multiplication factor: 5000
2025-02-04 12:25:18 INFO  ViewAndModifyThePlateletCount:190 - Unset as default for future reports.
2025-02-04 12:25:48 ERROR ViewAndModifyThePlateletCount:208 - Error while verifying multiplication factor functionality: Expected condition failed: waiting for element to be clickable: By.xpath: //button[text()='Save'] (tried for 30 second(s) with 500 milliseconds interval)
2025-02-04 12:25:48 ERROR BrowserSetUp:185 - verifyTheFunctionalityOfMultiplicationFactor -> FAILED due to below issues :
java.lang.AssertionError: expected [true] but found [false]

2025-02-04 12:25:48 INFO  BrowserSetUp:195 - Screenshot for this failed method : Screenshot/verifyTheFunctionalityOfMultiplicationFactor.png
2025-02-04 12:25:48 INFO  ScreenshotListeners:29 - 
================:  verify Presence Of Cell Type :====================

2025-02-04 12:25:49 INFO  CommonMethods:719 - Morphology Sub Tab is selected
2025-02-04 12:25:49 INFO  ReviewPlateleyMorphologyCellTypeTest:49 - Morphology tab Cell Types is present on platelet main tab
2025-02-04 12:25:49 INFO  ScreenshotListeners:29 - 
================:  Verify Cell Count Of Large Platelet Is Equal To Patch :====================

2025-02-04 12:25:49 INFO  ReviewPlateletMorphologyCellType:85 - Total patches found for Large Platelets: 1
2025-02-04 12:25:49 INFO  ReviewPlateletMorphologyCellType:91 - Expected count for Large Platelets: 2
2025-02-04 12:25:49 WARN  ReviewPlateletMorphologyCellType:98 - Mismatch in Large Platelets count. Expected: 2, Actual: 1
2025-02-04 12:25:49 INFO  ScreenshotListeners:29 - 
================:  Verify Cell Count Of Platelet Clumps Is Equal To Patch :====================

2025-02-04 12:25:49 INFO  ReviewPlateletMorphologyCellType:85 - Total patches found for Platelet Clumps: 1
2025-02-04 12:25:49 INFO  ReviewPlateletMorphologyCellType:91 - Expected count for Platelet Clumps: 2
2025-02-04 12:25:49 WARN  ReviewPlateletMorphologyCellType:98 - Mismatch in Platelet Clumps count. Expected: 2, Actual: 1
2025-02-04 12:25:49 INFO  ScreenshotListeners:29 - 
================:  Functionality Of Patch When Select The Patch In Large Platelets :====================

2025-02-04 12:25:49 INFO  ReviewPlateletMorphologyCellType:127 - Total patches found for Large Platelets: 1
2025-02-04 12:25:49 WARN  ReviewPlateletMorphologyCellType:138 - Patch not selected properly in Large Platelets. Patch details: 
2025-02-04 12:25:49 INFO  ScreenshotListeners:29 - 
================:  Functionality Of Patch When Select The Patch In Platelet Clumps :====================

2025-02-04 12:25:49 INFO  ReviewPlateletMorphologyCellType:127 - Total patches found for Platelet Clumps: 1
2025-02-04 12:25:49 WARN  ReviewPlateletMorphologyCellType:138 - Patch not selected properly in Platelet Clumps. Patch details: 
2025-02-04 12:25:49 INFO  ScreenshotListeners:29 - 
================:  test Zoom Functionality :====================

2025-02-04 12:25:50 INFO  CommonMethods:645 - Clicked zoom-out button. Step: 1
2025-02-04 12:25:50 INFO  CommonMethods:649 - Zoom level at step 1: 20 μm
2025-02-04 12:25:50 INFO  CommonMethods:645 - Clicked zoom-out button. Step: 2
2025-02-04 12:25:51 INFO  CommonMethods:649 - Zoom level at step 2: 50 μm
2025-02-04 12:25:51 INFO  CommonMethods:645 - Clicked zoom-out button. Step: 3
2025-02-04 12:25:51 INFO  CommonMethods:649 - Zoom level at step 3: 100 μm
2025-02-04 12:25:51 INFO  ReviewPlateleyMorphologyCellTypeTest:90 - Final zoom level after zoom-out: 100 μm
2025-02-04 12:25:51 INFO  CommonMethods:625 - Clicked zoom-in button. Step: 1
2025-02-04 12:25:51 INFO  CommonMethods:629 - Zoom level at step 1: 50 μm
2025-02-04 12:25:51 INFO  CommonMethods:625 - Clicked zoom-in button. Step: 2
2025-02-04 12:25:51 INFO  CommonMethods:629 - Zoom level at step 2: 20 μm
2025-02-04 12:25:51 INFO  CommonMethods:625 - Clicked zoom-in button. Step: 3
2025-02-04 12:25:51 INFO  CommonMethods:629 - Zoom level at step 3: 10 μm
2025-02-04 12:25:51 INFO  ReviewPlateleyMorphologyCellTypeTest:96 - Final zoom level after zoom-in: 10 μm
2025-02-04 12:25:51 INFO  CommonMethods:663 - Clicked home zoom button.
2025-02-04 12:25:53 INFO  CommonMethods:668 - Home zoom level: 1000 μm
2025-02-04 12:25:53 INFO  ReviewPlateleyMorphologyCellTypeTest:103 - Final zoom level after resetting to home: 1000 μm
