2025-02-04 17:13:02 INFO  ScreenshotListeners:29 - 
================:  valid Login :====================

2025-02-04 17:13:08 INFO  LoginTest:49 - user Logged in successfully
2025-02-04 17:13:08 INFO  ScreenshotListeners:29 - 
================:  verify Sig Logo And P B S :====================

2025-02-04 17:13:08 INFO  VerifyTheListReportPage:46 - Sigtuple logo is Loaded .
2025-02-04 17:13:08 INFO  VerifyTheListReportPage:47 - PBS Text is loaded
2025-02-04 17:13:08 INFO  VerifyTheListReportPageTest:41 -  Sigtuple logo and PBS is Present on the page
2025-02-04 17:13:08 INFO  ScreenshotListeners:29 - 
================:  verify The Kebab Menu Icon :====================

2025-02-04 17:13:08 INFO  VerifyTheListReportPage:58 - Kebab menu icon is loaded
2025-02-04 17:13:08 INFO  VerifyTheListReportPageTest:48 - Kebab menu is Displayed on the app 
2025-02-04 17:13:08 INFO  ScreenshotListeners:29 - 
================:  verifythe Search And Filter And Checkbox :====================

2025-02-04 17:13:09 INFO  VerifyTheListReportPage:71 - Search  Field  is displayed
2025-02-04 17:13:09 INFO  VerifyTheListReportPage:72 - Filter button is displayed
2025-02-04 17:13:09 INFO  VerifyTheListReportPage:73 - clear filter is displayed
2025-02-04 17:13:09 INFO  VerifyTheListReportPageTest:55 -  Search textbox and Filter is Present on the page
2025-02-04 17:13:09 INFO  ScreenshotListeners:29 - 
================:  verify The Functionality Of The My Report Check Box :====================

2025-02-04 17:13:09 INFO  VerifyTheListReportPage:83 - My report check box is displayed
2025-02-04 17:13:09 INFO  VerifyTheListReportPage:84 - My report check box is Active
2025-02-04 17:13:09 INFO  VerifyTheListReportPageTest:62 - My report Check box  is Present on the page
2025-02-04 17:13:09 INFO  ScreenshotListeners:29 - 
================:  verifyfunctionalityofmyreportcheckbox :====================

2025-02-04 17:13:14 INFO  VerifyTheListReportPage:466 -  My Report is enable
2025-02-04 17:13:16 INFO  VerifyTheListReportPageTest:68 -  Verify the functionality of the my report check box
2025-02-04 17:13:16 INFO  ScreenshotListeners:29 - 
================:  verity Header :====================

2025-02-04 17:13:17 INFO  VerifyTheListReportPage:97 -  Report List header is Displayed
2025-02-04 17:13:17 INFO  VerifyTheListReportPageTest:77 - Header of the Report listing is displayed and verified
2025-02-04 17:13:17 INFO  ScreenshotListeners:29 - 
================:  verify The Functionality Of Search Field :====================

2025-02-04 17:13:28 INFO  VerifyTheListReportPage:118 - Matching the sample Slide Id is displayed
2025-02-04 17:13:28 INFO  VerifyTheListReportPage:118 - Matching the sample Slide Id is displayed
2025-02-04 17:13:28 INFO  VerifyTheListReportPage:118 - Matching the sample Slide Id is displayed
2025-02-04 17:13:28 INFO  VerifyTheListReportPage:118 - Matching the sample Slide Id is displayed
2025-02-04 17:13:28 INFO  VerifyTheListReportPage:118 - Matching the sample Slide Id is displayed
2025-02-04 17:13:28 INFO  VerifyTheListReportPage:118 - Matching the sample Slide Id is displayed
2025-02-04 17:13:28 INFO  VerifyTheListReportPage:118 - Matching the sample Slide Id is displayed
2025-02-04 17:13:28 INFO  VerifyTheListReportPage:118 - Matching the sample Slide Id is displayed
2025-02-04 17:13:28 INFO  VerifyTheListReportPage:118 - Matching the sample Slide Id is displayed
2025-02-04 17:13:28 INFO  VerifyTheListReportPage:118 - Matching the sample Slide Id is displayed
2025-02-04 17:13:28 INFO  VerifyTheListReportPage:118 - Matching the sample Slide Id is displayed
2025-02-04 17:13:28 INFO  VerifyTheListReportPage:118 - Matching the sample Slide Id is displayed
2025-02-04 17:13:28 INFO  VerifyTheListReportPage:118 - Matching the sample Slide Id is displayed
2025-02-04 17:13:28 INFO  VerifyTheListReportPage:118 - Matching the sample Slide Id is displayed
2025-02-04 17:13:29 INFO  VerifyTheListReportPage:118 - Matching the sample Slide Id is displayed
2025-02-04 17:13:29 INFO  VerifyTheListReportPage:118 - Matching the sample Slide Id is displayed
2025-02-04 17:13:29 INFO  VerifyTheListReportPage:118 - Matching the sample Slide Id is displayed
2025-02-04 17:13:29 INFO  VerifyTheListReportPage:118 - Matching the sample Slide Id is displayed
2025-02-04 17:13:29 INFO  VerifyTheListReportPage:118 - Matching the sample Slide Id is displayed
2025-02-04 17:13:29 INFO  VerifyTheListReportPage:118 - Matching the sample Slide Id is displayed
2025-02-04 17:13:39 INFO  VerifyTheListReportPageTest:85 - Functionality of search text field is working fine
2025-02-04 17:13:39 INFO  ScreenshotListeners:29 - 
================:  verify The Functionality Of Filter Icon :====================

2025-02-04 17:13:39 INFO  VerifyTheListReportPage:142 - Filter icon is present and enabled
2025-02-04 17:13:39 INFO  VerifyTheListReportPageTest:93 - Functionality of Filter icon is working Fine
2025-02-04 17:13:39 INFO  ScreenshotListeners:29 - 
================:  verify The Same Slide Idon Additional Info :====================

2025-02-04 17:13:50 INFO  VerifyTheListReportPage:445 - Additional info icon loaded successfully
2025-02-04 17:13:50 INFO  VerifyTheListReportPageTest:101 - Functionality Additional info icon is enable and same slide id is Displyed
2025-02-04 17:13:50 INFO  ScreenshotListeners:29 - 
================:  verify The Applyt Button :====================

2025-02-04 17:14:17 ERROR BrowserSetUp:185 - verifyTheApplytButton -> FAILED due to below issues :
java.time.format.DateTimeParseException: Text '4-2-2025' could not be parsed at index 0

2025-02-04 17:14:17 INFO  BrowserSetUp:195 - Screenshot for this failed method : Screenshot/verifyTheApplytButton.png
2025-02-04 17:14:17 INFO  ScreenshotListeners:29 - 
================:  verify The Reset Button :====================

2025-02-04 17:14:50 ERROR BrowserSetUp:185 - verifyTheResetButton -> FAILED due to below issues :
org.openqa.selenium.TimeoutException: Expected condition failed: waiting for visibility of element located by By.xpath: //div[contains(@class,'scanDatePage_container-date')]/span[text()='Select date range'] (tried for 30 second(s) with 500 milliseconds interval)

2025-02-04 17:14:50 INFO  BrowserSetUp:195 - Screenshot for this failed method : Screenshot/verifyTheResetButton.png
2025-02-04 17:14:50 INFO  ScreenshotListeners:29 - 
================:  verify The Clear Filter Button :====================

2025-02-04 17:15:24 ERROR BrowserSetUp:185 - verifyTheClearFilterButton -> FAILED due to below issues :
org.openqa.selenium.TimeoutException: Expected condition failed: waiting for visibility of element located by By.xpath: //div[contains(@class,'scanDatePage_container-date')]/span[text()='Select date range'] (tried for 30 second(s) with 500 milliseconds interval)

2025-02-04 17:15:25 INFO  BrowserSetUp:195 - Screenshot for this failed method : Screenshot/verifyTheClearFilterButton.png
2025-02-04 17:15:25 INFO  ScreenshotListeners:29 - 
================:  verify The Filter Close Button :====================

2025-02-04 17:15:40 INFO  VerifyTheListReportPage:495 -  Filter Options close button is displayed
2025-02-04 17:15:42 INFO  VerifyTheListReportPageTest:135 - Verify the functionality of the Close Button
2025-02-04 17:15:42 INFO  ScreenshotListeners:29 - 
================:  verify The Presence Of Filter Option :====================

2025-02-04 17:15:52 INFO  VerifyTheListReportPage:165 -  Filter Option are Loaded
2025-02-04 17:16:05 INFO  VerifyTheListReportPageTest:108 - Verify the Filter Options
2025-02-04 17:16:05 INFO  ScreenshotListeners:29 - 
================:  verify The Functionality Of Bookmark Button :====================

2025-02-04 17:16:10 INFO  VerifyTheListReportPage:525 - Bookmark is displayed
2025-02-04 17:16:10 INFO  VerifyTheListReportPageTest:142 - Verify the functionality of the Bookmark Button
2025-02-04 17:16:10 INFO  ScreenshotListeners:29 - 
================:  verify The Functionality Of Bookmark Textfield :====================

2025-02-04 17:16:12 INFO  VerifyTheListReportPage:539 - Bookmark is already filled. Removing bookmark.
2025-02-04 17:16:52 INFO  VerifyTheListReportPage:558 - Comment Textfield is enable
2025-02-04 17:16:52 INFO  VerifyTheListReportPageTest:149 - Verify the functionality of the Bookmark textfield 
2025-02-04 17:16:52 INFO  ScreenshotListeners:29 - 
================:  verify The Reassign Reviewer :====================

2025-02-04 17:17:06 INFO  VerifyTheListReportPage:679 - user is drop down is available
2025-02-04 17:17:11 INFO  VerifyTheListReportPageTest:163 - Functionality of assign is working 
2025-02-04 17:17:11 INFO  ScreenshotListeners:29 - 
================:  assign :====================

2025-02-04 17:17:36 INFO  VerifyTheListReportPage:658 - user is drop down is available
2025-02-04 17:17:36 INFO  SummaryTest:39 - Assign the report
2025-02-04 17:17:36 INFO  ScreenshotListeners:29 - 
================:  ps Impression :====================

2025-02-04 17:18:03 INFO  SummaryTest:65 - Verify The PS impression text field
2025-02-04 17:18:03 INFO  ScreenshotListeners:29 - 
================:  verify Ps Impression Subheader :====================

2025-02-04 17:18:03 INFO  SummaryTest:71 - Verify The PS impression Sub headers
2025-02-04 17:18:03 INFO  ScreenshotListeners:29 - 
================:  verify Ps Impression Header :====================

2025-02-04 17:18:04 INFO  ScreenshotListeners:29 - 
================:  manual Radio Btn Test :====================

2025-02-04 17:18:10 INFO  Summary:144 - Manual Radio button is visible
2025-02-04 17:18:10 INFO  SummaryTest:82 - Verify The functionality of radio button
2025-02-04 17:18:10 INFO  ScreenshotListeners:29 - 
================:  calculated Radio Btn Test :====================

2025-02-04 17:18:21 INFO  Summary:158 -  Calculated Radio button is enable
2025-02-04 17:18:21 INFO  SummaryTest:88 - Verify The functionality of radio button
2025-02-04 17:18:21 INFO  ScreenshotListeners:29 - 
================:  Verify The Presence Of Manual Txt Field Value :====================

2025-02-04 17:18:27 INFO  Summary:180 - Value Match at Index 0: Manual = 31.1, Calculated = 31.1
2025-02-04 17:18:27 INFO  Summary:180 - Value Match at Index 1: Manual = 13.5, Calculated = 13.5
2025-02-04 17:18:27 INFO  Summary:180 - Value Match at Index 2: Manual = 1.4, Calculated = 1.4
2025-02-04 17:18:27 INFO  Summary:180 - Value Match at Index 3: Manual = 27.0, Calculated = 27.0
2025-02-04 17:18:27 INFO  Summary:180 - Value Match at Index 4: Manual = 0.0, Calculated = 0.0
2025-02-04 17:18:27 INFO  Summary:180 - Value Match at Index 5: Manual = 27.0, Calculated = 27.0
2025-02-04 17:18:27 INFO  Summary:180 - Value Match at Index 6: Manual = 0.0, Calculated = 0.0
2025-02-04 17:18:27 INFO  Summary:180 - Value Match at Index 7: Manual = 0.0, Calculated = 0.0
2025-02-04 17:18:27 INFO  Summary:180 - Value Match at Index 8: Manual = 0.0, Calculated = 0.0
2025-02-04 17:18:27 INFO  Summary:180 - Value Match at Index 9: Manual = 0.0, Calculated = 0.0
2025-02-04 17:18:27 INFO  Summary:180 - Value Match at Index 10: Manual = 0.0, Calculated = 0.0
2025-02-04 17:18:27 INFO  Summary:180 - Value Match at Index 11: Manual = 0.0, Calculated = 0.0
2025-02-04 17:18:27 INFO  Summary:180 - Value Match at Index 12: Manual = 0.0, Calculated = 0.0
2025-02-04 17:18:27 INFO  Summary:180 - Value Match at Index 13: Manual = 0.0, Calculated = 0.0
2025-02-04 17:18:27 INFO  Summary:180 - Value Match at Index 14: Manual = 0.0, Calculated = 0.0
2025-02-04 17:18:27 INFO  Summary:180 - Value Match at Index 15: Manual = 2.7, Calculated = 2.7
2025-02-04 17:18:27 INFO  Summary:180 - Value Match at Index 16: Manual = 0.0, Calculated = 0.0
2025-02-04 17:18:27 INFO  SummaryTest:94 - Verify The Presence of values in manual text Field
2025-02-04 17:18:27 INFO  ScreenshotListeners:29 - 
================:  verify The Presence Of Diffrencial Count :====================

2025-02-04 17:18:32 INFO  Summary:205 - The differential count note message is Not Visible if Total is equal to 100.0
2025-02-04 17:18:32 INFO  ScreenshotListeners:29 - 
================:  verify The Functionality Of Multiplication Factor Cancel Btn :====================

2025-02-04 17:18:38 INFO  CommonMethods:444 - Platelet tab is selected
2025-02-04 17:18:49 INFO  ViewAndModifyThePlateletCount:55 - Entered valid multiplication factor: 5000
2025-02-04 17:18:54 INFO  ViewAndModifyThePlateletCount:66 - Set as default for future reports.
2025-02-04 17:18:59 INFO  ViewAndModifyThePlateletCount:75 - Clicked the Cancel button.
2025-02-04 17:18:59 INFO  ViewAndModifyThePlateletCount:82 - Changes successfully reverted after clicking Cancel.
2025-02-04 17:18:59 INFO  ViewAndModifyThePlateletCountTest:47 - multiplication factor is working Fine
2025-02-04 17:18:59 INFO  ScreenshotListeners:29 - 
================:  verify The Functionality Of Multiplication Warning Msg :====================

2025-02-04 17:19:09 INFO  ViewAndModifyThePlateletCount:113 - Entered multiplication factor: 2000
2025-02-04 17:19:09 INFO  ViewAndModifyThePlateletCount:122 - Warning message displayed correctly: Please enter a value between 5000-50000
2025-02-04 17:19:14 INFO  ViewAndModifyThePlateletCount:133 - Clicked the Cancel button.
2025-02-04 17:19:15 INFO  ViewAndModifyThePlateletCount:140 - Changes successfully reverted after clicking Cancel.
2025-02-04 17:19:15 INFO  ViewAndModifyThePlateletCountTest:53 - multiplication factor is working Fine
2025-02-04 17:19:15 INFO  ScreenshotListeners:29 - 
================:  verify The Functionality Of Multiplication Factor :====================

2025-02-04 17:19:25 INFO  ViewAndModifyThePlateletCount:177 - Entered valid multiplication factor: 5000
2025-02-04 17:19:30 INFO  ViewAndModifyThePlateletCount:190 - Unset as default for future reports.
2025-02-04 17:19:35 INFO  ViewAndModifyThePlateletCount:196 - Clicked the Save button.
2025-02-04 17:19:35 INFO  ViewAndModifyThePlateletCount:201 - Multiplication factor successfully saved: 5000
2025-02-04 17:19:35 INFO  ViewAndModifyThePlateletCountTest:59 - multiplication factor is working Fine
2025-02-04 17:19:35 INFO  ScreenshotListeners:29 - 
================:  verify Presence Of Cell Type :====================

2025-02-04 17:19:40 INFO  CommonMethods:721 - Morphology Sub Tab is selected
2025-02-04 17:19:40 INFO  ReviewPlateleyMorphologyCellTypeTest:49 - Morphology tab Cell Types is present on platelet main tab
2025-02-04 17:19:40 INFO  ScreenshotListeners:29 - 
================:  Verify Cell Count Of Large Platelet Is Equal To Patch :====================

2025-02-04 17:19:45 INFO  ReviewPlateletMorphologyCellType:64 - Total patches found: 2
2025-02-04 17:19:45 INFO  ReviewPlateletMorphologyCellType:89 - Total patches found for Large Platelets: 2
2025-02-04 17:19:45 INFO  ReviewPlateletMorphologyCellType:95 - Expected count for Large Platelets: 2
2025-02-04 17:19:45 INFO  ReviewPlateletMorphologyCellType:99 - Large Platelets count matches the patch count. Count: 2
2025-02-04 17:19:45 INFO  ReviewPlateleyMorphologyCellTypeTest:56 - Verify the Large platelet cell count is equal patch count
2025-02-04 17:19:45 INFO  ScreenshotListeners:29 - 
================:  Verify Cell Count Of Platelet Clumps Is Equal To Patch :====================

2025-02-04 17:19:51 INFO  ReviewPlateletMorphologyCellType:64 - Total patches found: 2
2025-02-04 17:19:51 INFO  ReviewPlateletMorphologyCellType:89 - Total patches found for Platelet Clumps: 2
2025-02-04 17:19:51 INFO  ReviewPlateletMorphologyCellType:95 - Expected count for Platelet Clumps: 0
2025-02-04 17:19:51 WARN  ReviewPlateletMorphologyCellType:102 - Mismatch in Platelet Clumps count. Expected: 0, Actual: 2
2025-02-04 17:19:51 INFO  ScreenshotListeners:29 - 
================:  Functionality Of Patch When Select The Patch In Large Platelets :====================

2025-02-04 17:19:56 INFO  ReviewPlateletMorphologyCellType:64 - Total patches found: 2
2025-02-04 17:19:56 INFO  ReviewPlateletMorphologyCellType:130 - Total patches found for Large Platelets: 2
2025-02-04 17:20:01 INFO  ReviewPlateletMorphologyCellType:140 - Patch selected successfully in Large Platelets. Patch details: 
2025-02-04 17:20:01 INFO  ReviewPlateleyMorphologyCellTypeTest:69 - Verify the Large platelet cell  patches are selecting
2025-02-04 17:20:01 INFO  ScreenshotListeners:29 - 
================:  Functionality Of Patch When Select The Patch In Platelet Clumps :====================

2025-02-04 17:20:06 INFO  ReviewPlateletMorphologyCellType:64 - Total patches found: 2
2025-02-04 17:20:06 INFO  ReviewPlateletMorphologyCellType:130 - Total patches found for Platelet Clumps: 2
2025-02-04 17:20:11 INFO  ReviewPlateletMorphologyCellType:140 - Patch selected successfully in Platelet Clumps. Patch details: 
2025-02-04 17:20:11 INFO  ReviewPlateleyMorphologyCellTypeTest:75 - Verify the  Platelet clumps cell patches are selecting
2025-02-04 17:20:11 INFO  ScreenshotListeners:29 - 
================:  verify The Size Of Patches In Large Platelet :====================

2025-02-04 17:20:17 INFO  ReviewPlateleyMorphologyCellTypeTest:82 - Verify the Size of patch
2025-02-04 17:20:17 INFO  ScreenshotListeners:29 - 
================:  verify The Size Of Patches In Platelet Clumps :====================

2025-02-04 17:20:22 INFO  ReviewPlateleyMorphologyCellTypeTest:88 - Verify the Size of patch
2025-02-04 17:20:22 INFO  ScreenshotListeners:29 - 
================:  test Zoom Functionality :====================

2025-02-04 17:20:27 INFO  CommonMethods:647 - Clicked zoom-out button. Step: 1
2025-02-04 17:20:27 INFO  CommonMethods:651 - Zoom level at step 1: 20 μm
2025-02-04 17:20:35 INFO  CommonMethods:647 - Clicked zoom-out button. Step: 2
2025-02-04 17:20:35 INFO  CommonMethods:651 - Zoom level at step 2: 20 μm
2025-02-04 17:20:42 INFO  CommonMethods:647 - Clicked zoom-out button. Step: 3
2025-02-04 17:20:42 INFO  CommonMethods:651 - Zoom level at step 3: 20 μm
