2025-02-03 15:24:50 INFO  ScreenshotListeners:29 - 
================:  valid Login :====================

2025-02-03 15:24:55 INFO  LoginTest:49 - user Logged in successfully
2025-02-03 15:24:55 INFO  ScreenshotListeners:29 - 
================:  verify Sig Logo And P B S :====================

2025-02-03 15:24:56 INFO  VerifyTheListReportPage:46 - Sigtuple logo is Loaded .
2025-02-03 15:24:56 INFO  VerifyTheListReportPage:47 - PBS Text is loaded
2025-02-03 15:24:56 INFO  VerifyTheListReportPageTest:41 -  Sigtuple logo and PBS is Present on the page
2025-02-03 15:24:56 INFO  ScreenshotListeners:29 - 
================:  assign :====================

2025-02-03 15:25:06 INFO  VerifyTheListReportPage:668 - user is drop down is available
2025-02-03 15:25:06 INFO  SummaryTest:39 - Assign the report
2025-02-03 15:25:06 INFO  ScreenshotListeners:29 - 
================:  verify The Functionality Of Multiplication Factor Cancel Btn :====================

2025-02-03 15:25:06 INFO  CommonMethods:444 - Platelet tab is selected
2025-02-03 15:25:08 INFO  ViewAndModifyThePlateletCount:55 - Entered valid multiplication factor: 5000
2025-02-03 15:25:08 INFO  ViewAndModifyThePlateletCount:66 - Set as default for future reports.
2025-02-03 15:25:08 INFO  ViewAndModifyThePlateletCount:75 - Clicked the Cancel button.
2025-02-03 15:25:08 INFO  ViewAndModifyThePlateletCount:82 - Changes successfully reverted after clicking Cancel.
2025-02-03 15:25:08 INFO  ViewAndModifyThePlateletCountTest:47 - multiplication factor is working Fine
2025-02-03 15:25:08 INFO  ScreenshotListeners:29 - 
================:  verify The Functionality Of Multiplication Warning Msg :====================

2025-02-03 15:25:08 INFO  ViewAndModifyThePlateletCount:113 - Entered multiplication factor: 2000
2025-02-03 15:25:08 INFO  ViewAndModifyThePlateletCount:122 - Warning message displayed correctly: Please enter a value between 5000-50000
2025-02-03 15:25:09 INFO  ViewAndModifyThePlateletCount:133 - Clicked the Cancel button.
2025-02-03 15:25:09 INFO  ViewAndModifyThePlateletCount:140 - Changes successfully reverted after clicking Cancel.
2025-02-03 15:25:09 INFO  ViewAndModifyThePlateletCountTest:53 - multiplication factor is working Fine
2025-02-03 15:25:09 INFO  ScreenshotListeners:29 - 
================:  verify The Functionality Of Multiplication Factor :====================

2025-02-03 15:25:09 INFO  ViewAndModifyThePlateletCount:177 - Entered valid multiplication factor: 5000
2025-02-03 15:25:09 INFO  ViewAndModifyThePlateletCount:190 - Unset as default for future reports.
2025-02-03 15:25:09 INFO  ViewAndModifyThePlateletCount:196 - Clicked the Save button.
2025-02-03 15:25:09 INFO  ViewAndModifyThePlateletCount:201 - Multiplication factor successfully saved: 5000
2025-02-03 15:25:09 INFO  ViewAndModifyThePlateletCountTest:59 - multiplication factor is working Fine
2025-02-03 15:25:09 INFO  ScreenshotListeners:29 - 
================:  verify Presence Of Cell Type :====================

2025-02-03 15:25:10 INFO  CommonMethods:655 - Morphology Sub Tab is selected
2025-02-03 15:25:10 INFO  ReviewPlateleyMorphologyCellTypeTest:48 - Morphology tab Cell Types is present on platelet main tab
2025-02-03 15:25:10 INFO  ScreenshotListeners:29 - 
================:  Verify Cell Count Of Large Platelet Is Equal To Patch :====================

2025-02-03 15:25:10 INFO  ReviewPlateletMorphologyCellType:59 - Large Platelet count matches the patch count. Count: 8
2025-02-03 15:25:10 INFO  ReviewPlateleyMorphologyCellTypeTest:55 - Verify the Large platelet cell count is equal patch count
2025-02-03 15:25:10 INFO  ScreenshotListeners:29 - 
================:  Verify Cell Count Of Platelet Clumps Is Equal To Patch :====================

2025-02-03 15:25:10 INFO  ReviewPlateletMorphologyCellType:59 - Large Platelet count matches the patch count. Count: 8
2025-02-03 15:25:10 INFO  ReviewPlateleyMorphologyCellTypeTest:61 - Verify the  Platelet clumps cell count is equal patch count
