2025-01-27 17:29:27 INFO  ScreenshotListeners:29 - 
================:  valid Login :====================

2025-01-27 17:29:33 INFO  LoginTest:49 - user Logged in successfully
2025-01-27 17:29:33 INFO  ScreenshotListeners:29 - 
================:  verify Sig Logo And P B S :====================

2025-01-27 17:29:33 INFO  VerifyTheListReportPage:46 - Sigtuple logo is Loaded .
2025-01-27 17:29:33 INFO  VerifyTheListReportPage:47 - PBS Text is loaded
2025-01-27 17:29:33 INFO  VerifyTheListReportPageTest:41 -  Sigtuple logo and PBS is Present on the page
2025-01-27 17:29:33 INFO  ScreenshotListeners:29 - 
================:  assign :====================

2025-01-27 17:29:43 INFO  VerifyTheListReportPage:670 - user is drop down is available
2025-01-27 17:29:43 INFO  SummaryTest:39 - Assign the report
2025-01-27 17:29:43 INFO  ScreenshotListeners:29 - 
================:  verify Selction Of W B C Tab :====================

2025-01-27 17:29:48 INFO  CommonMethods:52 - clicked on tab successfully
2025-01-27 17:29:48 INFO  WBCParameters:41 - WBC
2025-01-27 17:29:48 INFO  WBCParametersTest:43 - WBC tab is present and selected
2025-01-27 17:29:48 INFO  ScreenshotListeners:29 - 
================:  presence Of Count Sub Tab In Platelet :====================

2025-01-27 17:29:53 INFO  CommonMethods:52 - clicked on tab successfully
2025-01-27 17:29:54 INFO  ReviewPatchesInPatchViewAndSplitView:49 - count sub tab is present on platelet 
2025-01-27 17:29:54 INFO  ReviewPatchesInPatchViewAndSplitViewTest:58 - Count tab is present on platelet 
2025-01-27 17:29:54 INFO  ScreenshotListeners:29 - 
================:  presence Of Morphology :====================

2025-01-27 17:29:54 INFO  ReviewPatchesInPatchViewAndSplitViewTest:65 - Morphology tab is present on platelet main tab
2025-01-27 17:29:54 INFO  ScreenshotListeners:29 - 
================:  selection Of Fovs :====================

2025-01-27 17:30:02 INFO  ReviewPatchesInPatchViewAndSplitView:90 - FOV navigation is correct for FOV 3: FOV 3 / 10
2025-01-27 17:30:05 INFO  ReviewPatchesInPatchViewAndSplitView:90 - FOV navigation is correct for FOV 4: FOV 4 / 10
2025-01-27 17:30:08 INFO  ReviewPatchesInPatchViewAndSplitView:90 - FOV navigation is correct for FOV 5: FOV 5 / 10
2025-01-27 17:30:11 INFO  ReviewPatchesInPatchViewAndSplitView:90 - FOV navigation is correct for FOV 6: FOV 6 / 10
2025-01-27 17:30:14 INFO  ReviewPatchesInPatchViewAndSplitView:90 - FOV navigation is correct for FOV 7: FOV 7 / 10
2025-01-27 17:30:18 INFO  ReviewPatchesInPatchViewAndSplitView:90 - FOV navigation is correct for FOV 8: FOV 8 / 10
2025-01-27 17:30:21 INFO  ReviewPatchesInPatchViewAndSplitView:90 - FOV navigation is correct for FOV 9: FOV 9 / 10
2025-01-27 17:30:24 INFO  ReviewPatchesInPatchViewAndSplitView:90 - FOV navigation is correct for FOV 10: FOV 10 / 10
2025-01-27 17:30:24 ERROR BrowserSetUp:185 - selectionOfFovs -> FAILED due to below issues :
java.lang.IndexOutOfBoundsException: Index 9 out of bounds for length 9

2025-01-27 17:30:25 INFO  BrowserSetUp:195 - Screenshot for this failed method : Screenshot/selectionOfFovs.png
2025-01-27 17:30:25 INFO  ScreenshotListeners:29 - 
================:  edit The N M G Value :====================

2025-01-27 17:35:07 INFO  ReviewPatchesInPatchViewAndSplitViewTest:80 - user is able to change the n m g value on platelet tab
2025-01-27 17:35:07 INFO  ScreenshotListeners:29 - 
================:  test Default Selection Of Split View :====================

2025-01-27 17:35:07 INFO  ReviewPatchesInPatchViewAndSplitView:150 - Split View is selected by default.
2025-01-27 17:35:07 INFO  ReviewPatchesInPatchViewAndSplitView:162 - Patch View is disabled.
2025-01-27 17:35:07 INFO  ReviewPatchesInPatchViewAndSplitViewTest:87 - Verify The Default selection of split view in the platelet count
2025-01-27 17:35:07 INFO  ScreenshotListeners:29 - 
================:  Verify Radio Btn Manual Level Platelet Count :====================

2025-01-27 17:35:07 INFO  ReviewPatchesInPatchViewAndSplitView:192 - Platelet Count Level field is enabled after selecting Manual Level.
2025-01-27 17:35:07 ERROR BrowserSetUp:185 - VerifyRadioBtnManualLevelPlateletCount -> FAILED due to below issues :
java.lang.AssertionError: expected [true] but found [false]

2025-01-27 17:35:08 INFO  BrowserSetUp:195 - Screenshot for this failed method : Screenshot/VerifyRadioBtnManualLevelPlateletCount.png
