2025-02-05 14:50:51 INFO  ScreenshotListeners:29 - 
================:  valid Login :====================

2025-02-05 14:50:57 INFO  LoginTest:49 - user Logged in successfully
2025-02-05 14:50:57 INFO  ScreenshotListeners:29 - 
================:  verify Sig Logo And P B S :====================

2025-02-05 14:50:57 INFO  VerifyTheListReportPage:48 - Sigtuple logo is Loaded .
2025-02-05 14:50:57 INFO  VerifyTheListReportPage:49 - PBS Text is loaded
2025-02-05 14:50:57 INFO  VerifyTheListReportPageTest:41 -  Sigtuple logo and PBS is Present on the page
2025-02-05 14:50:57 INFO  ScreenshotListeners:29 - 
================:  verify The Kebab Menu Icon :====================

2025-02-05 14:50:57 INFO  VerifyTheListReportPage:60 - Kebab menu icon is loaded
2025-02-05 14:50:57 INFO  VerifyTheListReportPageTest:48 - Kebab menu is Displayed on the app 
2025-02-05 14:50:57 INFO  ScreenshotListeners:29 - 
================:  verifythe Search And Filter And Checkbox :====================

2025-02-05 14:50:57 INFO  VerifyTheListReportPage:73 - Search  Field  is displayed
2025-02-05 14:50:57 INFO  VerifyTheListReportPage:74 - Filter button is displayed
2025-02-05 14:50:57 INFO  VerifyTheListReportPage:75 - clear filter is displayed
2025-02-05 14:50:57 INFO  VerifyTheListReportPageTest:55 -  Search textbox and Filter is Present on the page
2025-02-05 14:50:57 INFO  ScreenshotListeners:29 - 
================:  verify The Functionality Of The My Report Check Box :====================

2025-02-05 14:50:57 INFO  VerifyTheListReportPage:85 - My report check box is displayed
2025-02-05 14:50:57 INFO  VerifyTheListReportPage:86 - My report check box is Active
2025-02-05 14:50:57 INFO  VerifyTheListReportPageTest:62 - My report Check box  is Present on the page
2025-02-05 14:50:57 INFO  ScreenshotListeners:29 - 
================:  verifyfunctionalityofmyreportcheckbox :====================

2025-02-05 14:51:02 INFO  VerifyTheListReportPage:507 -  My Report is enable
2025-02-05 14:51:05 INFO  VerifyTheListReportPageTest:68 -  Verify the functionality of the my report check box
2025-02-05 14:51:05 INFO  ScreenshotListeners:29 - 
================:  verity Header :====================

2025-02-05 14:51:05 INFO  VerifyTheListReportPage:99 -  Report List header is Displayed
2025-02-05 14:51:05 INFO  VerifyTheListReportPageTest:77 - Header of the Report listing is displayed and verified
2025-02-05 14:51:05 INFO  ScreenshotListeners:29 - 
================:  verify The Functionality Of Search Field :====================

2025-02-05 14:51:15 INFO  VerifyTheListReportPage:120 - Matching the sample Slide Id is displayed
2025-02-05 14:51:15 INFO  VerifyTheListReportPage:120 - Matching the sample Slide Id is displayed
2025-02-05 14:51:15 INFO  VerifyTheListReportPage:120 - Matching the sample Slide Id is displayed
2025-02-05 14:51:15 INFO  VerifyTheListReportPage:120 - Matching the sample Slide Id is displayed
2025-02-05 14:51:15 INFO  VerifyTheListReportPage:120 - Matching the sample Slide Id is displayed
2025-02-05 14:51:15 INFO  VerifyTheListReportPage:120 - Matching the sample Slide Id is displayed
2025-02-05 14:51:15 INFO  VerifyTheListReportPage:120 - Matching the sample Slide Id is displayed
2025-02-05 14:51:15 INFO  VerifyTheListReportPage:120 - Matching the sample Slide Id is displayed
2025-02-05 14:51:16 INFO  VerifyTheListReportPage:120 - Matching the sample Slide Id is displayed
2025-02-05 14:51:16 INFO  VerifyTheListReportPage:120 - Matching the sample Slide Id is displayed
2025-02-05 14:51:16 INFO  VerifyTheListReportPage:120 - Matching the sample Slide Id is displayed
2025-02-05 14:51:16 INFO  VerifyTheListReportPage:120 - Matching the sample Slide Id is displayed
2025-02-05 14:51:16 INFO  VerifyTheListReportPage:120 - Matching the sample Slide Id is displayed
2025-02-05 14:51:16 INFO  VerifyTheListReportPage:120 - Matching the sample Slide Id is displayed
2025-02-05 14:51:16 INFO  VerifyTheListReportPage:120 - Matching the sample Slide Id is displayed
2025-02-05 14:51:16 INFO  VerifyTheListReportPage:120 - Matching the sample Slide Id is displayed
2025-02-05 14:51:16 INFO  VerifyTheListReportPage:120 - Matching the sample Slide Id is displayed
2025-02-05 14:51:16 INFO  VerifyTheListReportPage:120 - Matching the sample Slide Id is displayed
2025-02-05 14:51:16 INFO  VerifyTheListReportPage:120 - Matching the sample Slide Id is displayed
2025-02-05 14:51:16 INFO  VerifyTheListReportPage:120 - Matching the sample Slide Id is displayed
2025-02-05 14:51:26 INFO  VerifyTheListReportPageTest:85 - Functionality of search text field is working fine
2025-02-05 14:51:26 INFO  ScreenshotListeners:29 - 
================:  verify The Functionality Of Filter Icon :====================

2025-02-05 14:51:26 INFO  VerifyTheListReportPage:144 - Filter icon is present and enabled
2025-02-05 14:51:26 INFO  VerifyTheListReportPageTest:93 - Functionality of Filter icon is working Fine
2025-02-05 14:51:26 INFO  ScreenshotListeners:29 - 
================:  verify The Same Slide Idon Additional Info :====================

2025-02-05 14:51:41 INFO  VerifyTheListReportPage:486 - Additional info icon loaded successfully
2025-02-05 14:51:41 INFO  VerifyTheListReportPageTest:101 - Functionality Additional info icon is enable and same slide id is Displyed
2025-02-05 14:51:41 INFO  ScreenshotListeners:29 - 
================:  verify The Applyt Button :====================

2025-02-05 14:51:58 INFO  VerifyTheListReportPage:269 - Report within selected range found: 2025-02-05
2025-02-05 14:51:58 INFO  VerifyTheListReportPage:278 - Clear Filter is enabled and clicked.
2025-02-05 14:51:58 INFO  VerifyTheListReportPageTest:122 - Verify the functionality of the apply Button
2025-02-05 14:51:58 INFO  ScreenshotListeners:29 - 
================:  verify The Clear Filter Button :====================

2025-02-05 14:52:10 INFO  VerifyTheListReportPage:447 - Report within selected range found: 2025-02-05
2025-02-05 14:52:10 INFO  VerifyTheListReportPage:456 - Clear Filter is enabled and clicked.
2025-02-05 14:52:13 INFO  VerifyTheListReportPage:463 - Reports are restored after clearing the filter.
2025-02-05 14:52:13 INFO  VerifyTheListReportPageTest:128 - Verify the functionality of the apply Button
2025-02-05 14:52:13 INFO  ScreenshotListeners:29 - 
================:  verify The Reset Button :====================

2025-02-05 14:52:21 INFO  VerifyTheListReportPage:210 - scane date text field is enable
2025-02-05 14:52:26 INFO  VerifyTheListReportPageTest:115 - Verify the functionality of the Rest Button
2025-02-05 14:52:26 INFO  ScreenshotListeners:29 - 
================:  verify The Filter Close Button :====================

2025-02-05 14:52:37 INFO  VerifyTheListReportPage:536 -  Filter Options close button is displayed
2025-02-05 14:52:39 INFO  VerifyTheListReportPageTest:135 - Verify the functionality of the Close Button
2025-02-05 14:52:39 INFO  ScreenshotListeners:29 - 
================:  verify The Presence Of Filter Option :====================

2025-02-05 14:52:44 INFO  VerifyTheListReportPage:167 -  Filter Option are Loaded
2025-02-05 14:52:51 INFO  VerifyTheListReportPageTest:108 - Verify the Filter Options
2025-02-05 14:52:51 INFO  ScreenshotListeners:29 - 
================:  verify The Functionality Of Bookmark Button :====================

2025-02-05 14:52:52 INFO  VerifyTheListReportPage:566 - Bookmark is displayed
2025-02-05 14:52:52 INFO  VerifyTheListReportPageTest:142 - Verify the functionality of the Bookmark Button
2025-02-05 14:52:52 INFO  ScreenshotListeners:29 - 
================:  verify The Functionality Of Bookmark Textfield :====================

2025-02-05 14:52:54 INFO  VerifyTheListReportPage:580 - Bookmark is already filled. Removing bookmark.
2025-02-05 14:53:02 INFO  VerifyTheListReportPage:599 - Comment Textfield is enable
2025-02-05 14:53:02 INFO  VerifyTheListReportPageTest:149 - Verify the functionality of the Bookmark textfield 
2025-02-05 14:53:02 INFO  ScreenshotListeners:29 - 
================:  verify The Reassign Reviewer :====================

2025-02-05 14:53:06 INFO  VerifyTheListReportPage:720 - user is drop down is available
2025-02-05 14:53:07 INFO  VerifyTheListReportPageTest:163 - Functionality of assign is working 
2025-02-05 14:53:07 INFO  ScreenshotListeners:29 - 
================:  assign :====================

2025-02-05 14:53:16 INFO  VerifyTheListReportPage:699 - user is drop down is available
2025-02-05 14:53:16 INFO  SummaryTest:39 - Assign the report
2025-02-05 14:53:16 INFO  ScreenshotListeners:29 - 
================:  verify The Functionality Of Multiplication Factor Cancel Btn :====================

2025-02-05 14:53:16 INFO  CommonMethods:444 - Platelet tab is selected
2025-02-05 14:53:18 INFO  ViewAndModifyThePlateletCount:55 - Entered valid multiplication factor: 5000
2025-02-05 14:53:18 INFO  ViewAndModifyThePlateletCount:66 - Set as default for future reports.
2025-02-05 14:53:18 INFO  ViewAndModifyThePlateletCount:75 - Clicked the Cancel button.
2025-02-05 14:53:18 INFO  ViewAndModifyThePlateletCount:82 - Changes successfully reverted after clicking Cancel.
2025-02-05 14:53:18 INFO  ViewAndModifyThePlateletCountTest:47 - multiplication factor is working Fine
2025-02-05 14:53:18 INFO  ScreenshotListeners:29 - 
================:  verify The Functionality Of Multiplication Warning Msg :====================

2025-02-05 14:53:19 INFO  ViewAndModifyThePlateletCount:113 - Entered multiplication factor: 2000
2025-02-05 14:53:19 INFO  ViewAndModifyThePlateletCount:122 - Warning message displayed correctly: Please enter a value between 5000-50000
2025-02-05 14:53:19 INFO  ViewAndModifyThePlateletCount:133 - Clicked the Cancel button.
2025-02-05 14:53:19 INFO  ViewAndModifyThePlateletCount:140 - Changes successfully reverted after clicking Cancel.
2025-02-05 14:53:19 INFO  ViewAndModifyThePlateletCountTest:53 - multiplication factor is working Fine
2025-02-05 14:53:19 INFO  ScreenshotListeners:29 - 
================:  verify The Functionality Of Multiplication Factor :====================

2025-02-05 14:53:19 INFO  ViewAndModifyThePlateletCount:177 - Entered valid multiplication factor: 5000
2025-02-05 14:53:19 INFO  ViewAndModifyThePlateletCount:190 - Unset as default for future reports.
2025-02-05 14:53:19 INFO  ViewAndModifyThePlateletCount:196 - Clicked the Save button.
2025-02-05 14:53:19 INFO  ViewAndModifyThePlateletCount:201 - Multiplication factor successfully saved: 5000
2025-02-05 14:53:19 INFO  ViewAndModifyThePlateletCountTest:59 - multiplication factor is working Fine
2025-02-05 14:53:19 INFO  ScreenshotListeners:29 - 
================:  verify Presence Of Cell Type :====================

2025-02-05 14:53:20 INFO  CommonMethods:721 - Morphology Sub Tab is selected
2025-02-05 14:53:20 INFO  ReviewPlateleyMorphologyCellTypeTest:49 - Morphology tab Cell Types is present on platelet main tab
2025-02-05 14:53:20 INFO  ScreenshotListeners:29 - 
================:  Verify Cell Count Of Large Platelet Is Equal To Patch :====================

2025-02-05 14:53:20 ERROR ReviewPlateletMorphologyCellType:150 - Error verifying Large Platelets count: 
java.lang.NumberFormatException: For input string: ""
	at java.base/java.lang.NumberFormatException.forInputString(NumberFormatException.java:65)
	at java.base/java.lang.Integer.parseInt(Integer.java:662)
	at java.base/java.lang.Integer.parseInt(Integer.java:770)
	at Platelet.ReviewPlateletMorphologyCellType.countTotalPatches(ReviewPlateletMorphologyCellType.java:74)
	at Platelet.ReviewPlateletMorphologyCellType.isCellCountEqualToPatchCount(ReviewPlateletMorphologyCellType.java:128)
	at Platelet.ReviewPlateleyMorphologyCellTypeTest.VerifyCellCountOfLargePlateletIsEqualToPatch(ReviewPlateleyMorphologyCellTypeTest.java:55)
	at java.base/jdk.internal.reflect.NativeMethodAccessorImpl.invoke0(Native Method)
	at java.base/jdk.internal.reflect.NativeMethodAccessorImpl.invoke(NativeMethodAccessorImpl.java:62)
	at java.base/jdk.internal.reflect.DelegatingMethodAccessorImpl.invoke(DelegatingMethodAccessorImpl.java:43)
	at java.base/java.lang.reflect.Method.invoke(Method.java:566)
	at org.testng.internal.MethodInvocationHelper.invokeMethod(MethodInvocationHelper.java:85)
	at org.testng.internal.Invoker.invokeMethod(Invoker.java:696)
	at org.testng.internal.Invoker.invokeTestMethod(Invoker.java:882)
	at org.testng.internal.Invoker.invokeTestMethods(Invoker.java:1189)
	at org.testng.internal.TestMethodWorker.invokeTestMethods(TestMethodWorker.java:124)
	at org.testng.internal.TestMethodWorker.run(TestMethodWorker.java:108)
	at org.testng.TestRunner.privateRun(TestRunner.java:767)
	at org.testng.TestRunner.run(TestRunner.java:617)
	at org.testng.SuiteRunner.runTest(SuiteRunner.java:348)
	at org.testng.SuiteRunner.runSequentially(SuiteRunner.java:343)
	at org.testng.SuiteRunner.privateRun(SuiteRunner.java:305)
	at org.testng.SuiteRunner.run(SuiteRunner.java:254)
	at org.testng.SuiteRunnerWorker.runSuite(SuiteRunnerWorker.java:52)
	at org.testng.SuiteRunnerWorker.run(SuiteRunnerWorker.java:86)
	at org.testng.TestNG.runSuitesSequentially(TestNG.java:1224)
	at org.testng.TestNG.runSuitesLocally(TestNG.java:1149)
	at org.testng.TestNG.run(TestNG.java:1057)
	at com.intellij.rt.testng.IDEARemoteTestNG.run(IDEARemoteTestNG.java:65)
	at com.intellij.rt.testng.RemoteTestNGStarter.main(RemoteTestNGStarter.java:105)
2025-02-05 14:53:20 INFO  ScreenshotListeners:29 - 
================:  Verify Cell Count Of Platelet Clumps Is Equal To Patch :====================

2025-02-05 14:53:20 ERROR ReviewPlateletMorphologyCellType:150 - Error verifying Platelet Clumps count: 
java.lang.NumberFormatException: For input string: ""
	at java.base/java.lang.NumberFormatException.forInputString(NumberFormatException.java:65)
	at java.base/java.lang.Integer.parseInt(Integer.java:662)
	at java.base/java.lang.Integer.parseInt(Integer.java:770)
	at Platelet.ReviewPlateletMorphologyCellType.countTotalPatches(ReviewPlateletMorphologyCellType.java:74)
	at Platelet.ReviewPlateletMorphologyCellType.isCellCountEqualToPatchCount(ReviewPlateletMorphologyCellType.java:128)
	at Platelet.ReviewPlateleyMorphologyCellTypeTest.VerifyCellCountOfPlateletClumpsIsEqualToPatch(ReviewPlateleyMorphologyCellTypeTest.java:61)
	at java.base/jdk.internal.reflect.NativeMethodAccessorImpl.invoke0(Native Method)
	at java.base/jdk.internal.reflect.NativeMethodAccessorImpl.invoke(NativeMethodAccessorImpl.java:62)
	at java.base/jdk.internal.reflect.DelegatingMethodAccessorImpl.invoke(DelegatingMethodAccessorImpl.java:43)
	at java.base/java.lang.reflect.Method.invoke(Method.java:566)
	at org.testng.internal.MethodInvocationHelper.invokeMethod(MethodInvocationHelper.java:85)
	at org.testng.internal.Invoker.invokeMethod(Invoker.java:696)
	at org.testng.internal.Invoker.invokeTestMethod(Invoker.java:882)
	at org.testng.internal.Invoker.invokeTestMethods(Invoker.java:1189)
	at org.testng.internal.TestMethodWorker.invokeTestMethods(TestMethodWorker.java:124)
	at org.testng.internal.TestMethodWorker.run(TestMethodWorker.java:108)
	at org.testng.TestRunner.privateRun(TestRunner.java:767)
	at org.testng.TestRunner.run(TestRunner.java:617)
	at org.testng.SuiteRunner.runTest(SuiteRunner.java:348)
	at org.testng.SuiteRunner.runSequentially(SuiteRunner.java:343)
	at org.testng.SuiteRunner.privateRun(SuiteRunner.java:305)
	at org.testng.SuiteRunner.run(SuiteRunner.java:254)
	at org.testng.SuiteRunnerWorker.runSuite(SuiteRunnerWorker.java:52)
	at org.testng.SuiteRunnerWorker.run(SuiteRunnerWorker.java:86)
	at org.testng.TestNG.runSuitesSequentially(TestNG.java:1224)
	at org.testng.TestNG.runSuitesLocally(TestNG.java:1149)
	at org.testng.TestNG.run(TestNG.java:1057)
	at com.intellij.rt.testng.IDEARemoteTestNG.run(IDEARemoteTestNG.java:65)
	at com.intellij.rt.testng.RemoteTestNGStarter.main(RemoteTestNGStarter.java:105)
2025-02-05 14:53:20 INFO  ScreenshotListeners:29 - 
================:  Functionality Of Patch When Select The Patch In Large Platelets :====================

2025-02-05 14:53:20 ERROR ReviewPlateletMorphologyCellType:192 - Error verifying patch selection in Large Platelets
java.lang.NumberFormatException: For input string: ""
	at java.base/java.lang.NumberFormatException.forInputString(NumberFormatException.java:65)
	at java.base/java.lang.Integer.parseInt(Integer.java:662)
	at java.base/java.lang.Integer.parseInt(Integer.java:770)
	at Platelet.ReviewPlateletMorphologyCellType.countTotalPatches(ReviewPlateletMorphologyCellType.java:74)
	at Platelet.ReviewPlateletMorphologyCellType.verifyPatchSelection(ReviewPlateletMorphologyCellType.java:169)
	at Platelet.ReviewPlateleyMorphologyCellTypeTest.FunctionalityOfPatchWhenSelectThePatchInLargePlatelets(ReviewPlateleyMorphologyCellTypeTest.java:68)
	at java.base/jdk.internal.reflect.NativeMethodAccessorImpl.invoke0(Native Method)
	at java.base/jdk.internal.reflect.NativeMethodAccessorImpl.invoke(NativeMethodAccessorImpl.java:62)
	at java.base/jdk.internal.reflect.DelegatingMethodAccessorImpl.invoke(DelegatingMethodAccessorImpl.java:43)
	at java.base/java.lang.reflect.Method.invoke(Method.java:566)
	at org.testng.internal.MethodInvocationHelper.invokeMethod(MethodInvocationHelper.java:85)
	at org.testng.internal.Invoker.invokeMethod(Invoker.java:696)
	at org.testng.internal.Invoker.invokeTestMethod(Invoker.java:882)
	at org.testng.internal.Invoker.invokeTestMethods(Invoker.java:1189)
	at org.testng.internal.TestMethodWorker.invokeTestMethods(TestMethodWorker.java:124)
	at org.testng.internal.TestMethodWorker.run(TestMethodWorker.java:108)
	at org.testng.TestRunner.privateRun(TestRunner.java:767)
	at org.testng.TestRunner.run(TestRunner.java:617)
	at org.testng.SuiteRunner.runTest(SuiteRunner.java:348)
	at org.testng.SuiteRunner.runSequentially(SuiteRunner.java:343)
	at org.testng.SuiteRunner.privateRun(SuiteRunner.java:305)
	at org.testng.SuiteRunner.run(SuiteRunner.java:254)
	at org.testng.SuiteRunnerWorker.runSuite(SuiteRunnerWorker.java:52)
	at org.testng.SuiteRunnerWorker.run(SuiteRunnerWorker.java:86)
	at org.testng.TestNG.runSuitesSequentially(TestNG.java:1224)
	at org.testng.TestNG.runSuitesLocally(TestNG.java:1149)
	at org.testng.TestNG.run(TestNG.java:1057)
	at com.intellij.rt.testng.IDEARemoteTestNG.run(IDEARemoteTestNG.java:65)
	at com.intellij.rt.testng.RemoteTestNGStarter.main(RemoteTestNGStarter.java:105)
2025-02-05 14:53:20 INFO  ScreenshotListeners:29 - 
================:  Functionality Of Patch When Select The Patch In Platelet Clumps :====================

2025-02-05 14:53:20 ERROR ReviewPlateletMorphologyCellType:192 - Error verifying patch selection in Platelet Clumps
java.lang.NumberFormatException: For input string: ""
	at java.base/java.lang.NumberFormatException.forInputString(NumberFormatException.java:65)
	at java.base/java.lang.Integer.parseInt(Integer.java:662)
	at java.base/java.lang.Integer.parseInt(Integer.java:770)
	at Platelet.ReviewPlateletMorphologyCellType.countTotalPatches(ReviewPlateletMorphologyCellType.java:74)
	at Platelet.ReviewPlateletMorphologyCellType.verifyPatchSelection(ReviewPlateletMorphologyCellType.java:169)
	at Platelet.ReviewPlateleyMorphologyCellTypeTest.FunctionalityOfPatchWhenSelectThePatchInPlateletClumps(ReviewPlateleyMorphologyCellTypeTest.java:74)
	at java.base/jdk.internal.reflect.NativeMethodAccessorImpl.invoke0(Native Method)
	at java.base/jdk.internal.reflect.NativeMethodAccessorImpl.invoke(NativeMethodAccessorImpl.java:62)
	at java.base/jdk.internal.reflect.DelegatingMethodAccessorImpl.invoke(DelegatingMethodAccessorImpl.java:43)
	at java.base/java.lang.reflect.Method.invoke(Method.java:566)
	at org.testng.internal.MethodInvocationHelper.invokeMethod(MethodInvocationHelper.java:85)
	at org.testng.internal.Invoker.invokeMethod(Invoker.java:696)
	at org.testng.internal.Invoker.invokeTestMethod(Invoker.java:882)
	at org.testng.internal.Invoker.invokeTestMethods(Invoker.java:1189)
	at org.testng.internal.TestMethodWorker.invokeTestMethods(TestMethodWorker.java:124)
	at org.testng.internal.TestMethodWorker.run(TestMethodWorker.java:108)
	at org.testng.TestRunner.privateRun(TestRunner.java:767)
	at org.testng.TestRunner.run(TestRunner.java:617)
	at org.testng.SuiteRunner.runTest(SuiteRunner.java:348)
	at org.testng.SuiteRunner.runSequentially(SuiteRunner.java:343)
	at org.testng.SuiteRunner.privateRun(SuiteRunner.java:305)
	at org.testng.SuiteRunner.run(SuiteRunner.java:254)
	at org.testng.SuiteRunnerWorker.runSuite(SuiteRunnerWorker.java:52)
	at org.testng.SuiteRunnerWorker.run(SuiteRunnerWorker.java:86)
	at org.testng.TestNG.runSuitesSequentially(TestNG.java:1224)
	at org.testng.TestNG.runSuitesLocally(TestNG.java:1149)
	at org.testng.TestNG.run(TestNG.java:1057)
	at com.intellij.rt.testng.IDEARemoteTestNG.run(IDEARemoteTestNG.java:65)
	at com.intellij.rt.testng.RemoteTestNGStarter.main(RemoteTestNGStarter.java:105)
2025-02-05 14:53:20 INFO  ScreenshotListeners:29 - 
================:  verify The Size Of Patches In Large Platelet :====================

2025-02-05 14:53:21 INFO  ReviewPlateleyMorphologyCellTypeTest:82 - Verify the Size of patch
2025-02-05 14:53:21 INFO  ScreenshotListeners:29 - 
================:  verify The Size Of Patches In Platelet Clumps :====================

2025-02-05 14:53:21 INFO  ReviewPlateleyMorphologyCellTypeTest:88 - Verify the Size of patch
2025-02-05 14:53:21 INFO  ScreenshotListeners:29 - 
================:  test Zoom Functionality :====================

2025-02-05 14:53:23 INFO  CommonMethods:647 - Clicked zoom-out button. Step: 1
2025-02-05 14:53:23 INFO  CommonMethods:651 - Zoom level at step 1: 20 μm
2025-02-05 14:53:25 INFO  CommonMethods:647 - Clicked zoom-out button. Step: 2
2025-02-05 14:53:26 INFO  CommonMethods:651 - Zoom level at step 2: 50 μm
2025-02-05 14:53:28 INFO  CommonMethods:647 - Clicked zoom-out button. Step: 3
2025-02-05 14:53:28 INFO  CommonMethods:651 - Zoom level at step 3: 100 μm
2025-02-05 14:53:28 INFO  ReviewPlateleyMorphologyCellTypeTest:103 - Final zoom level after zoom-out: 100 μm
2025-02-05 14:53:30 INFO  CommonMethods:626 - Clicked zoom-in button. Step: 1
2025-02-05 14:53:30 INFO  CommonMethods:630 - Zoom level at step 1: 50 μm
2025-02-05 14:53:32 INFO  CommonMethods:626 - Clicked zoom-in button. Step: 2
2025-02-05 14:53:32 INFO  CommonMethods:630 - Zoom level at step 2: 20 μm
2025-02-05 14:53:34 INFO  CommonMethods:626 - Clicked zoom-in button. Step: 3
2025-02-05 14:53:34 INFO  CommonMethods:630 - Zoom level at step 3: 10 μm
2025-02-05 14:53:34 INFO  ReviewPlateleyMorphologyCellTypeTest:109 - Final zoom level after zoom-in: 10 μm
2025-02-05 14:53:39 INFO  CommonMethods:665 - Clicked home zoom button.
2025-02-05 14:53:41 INFO  CommonMethods:670 - Home zoom level: 10 μm
