2025-02-05 15:53:57 INFO  ScreenshotListeners:29 - 
================:  valid Login :====================

2025-02-05 15:54:03 INFO  LoginTest:49 - user Logged in successfully
2025-02-05 15:54:03 INFO  ScreenshotListeners:29 - 
================:  verify Sig Logo And P B S :====================

2025-02-05 15:54:03 INFO  VerifyTheListReportPage:48 - Sigtuple logo is Loaded .
2025-02-05 15:54:03 INFO  VerifyTheListReportPage:49 - PBS Text is loaded
2025-02-05 15:54:03 INFO  VerifyTheListReportPageTest:41 -  Sigtuple logo and PBS is Present on the page
2025-02-05 15:54:03 INFO  ScreenshotListeners:29 - 
================:  assign :====================

2025-02-05 15:54:13 INFO  VerifyTheListReportPage:699 - user is drop down is available
2025-02-05 15:54:13 INFO  SummaryTest:39 - Assign the report
2025-02-05 15:54:13 INFO  ScreenshotListeners:29 - 
================:  verify The Functionality Of Multiplication Factor Cancel Btn :====================

2025-02-05 15:54:14 INFO  CommonMethods:444 - Platelet tab is selected
2025-02-05 15:54:15 INFO  ViewAndModifyThePlateletCount:55 - Entered valid multiplication factor: 5000
2025-02-05 15:54:15 INFO  ViewAndModifyThePlateletCount:66 - Set as default for future reports.
2025-02-05 15:54:15 INFO  ViewAndModifyThePlateletCount:75 - Clicked the Cancel button.
2025-02-05 15:54:15 INFO  ViewAndModifyThePlateletCount:82 - Changes successfully reverted after clicking Cancel.
2025-02-05 15:54:15 INFO  ViewAndModifyThePlateletCountTest:47 - multiplication factor is working Fine
2025-02-05 15:54:15 INFO  ScreenshotListeners:29 - 
================:  verify The Functionality Of Multiplication Warning Msg :====================

2025-02-05 15:54:15 INFO  ViewAndModifyThePlateletCount:113 - Entered multiplication factor: 2000
2025-02-05 15:54:16 INFO  ViewAndModifyThePlateletCount:122 - Warning message displayed correctly: Please enter a value between 5000-50000
2025-02-05 15:54:16 INFO  ViewAndModifyThePlateletCount:133 - Clicked the Cancel button.
2025-02-05 15:54:16 INFO  ViewAndModifyThePlateletCount:140 - Changes successfully reverted after clicking Cancel.
2025-02-05 15:54:16 INFO  ViewAndModifyThePlateletCountTest:53 - multiplication factor is working Fine
2025-02-05 15:54:16 INFO  ScreenshotListeners:29 - 
================:  verify The Functionality Of Multiplication Factor :====================

2025-02-05 15:54:17 INFO  ViewAndModifyThePlateletCount:177 - Entered valid multiplication factor: 5000
2025-02-05 15:54:17 INFO  ViewAndModifyThePlateletCount:190 - Unset as default for future reports.
2025-02-05 15:54:17 INFO  ViewAndModifyThePlateletCount:196 - Clicked the Save button.
2025-02-05 15:54:18 INFO  ViewAndModifyThePlateletCount:201 - Multiplication factor successfully saved: 5000
2025-02-05 15:54:18 INFO  ViewAndModifyThePlateletCountTest:59 - multiplication factor is working Fine
2025-02-05 15:54:18 INFO  ScreenshotListeners:29 - 
================:  verify Presence Of Cell Type :====================

2025-02-05 15:54:18 INFO  CommonMethods:721 - Morphology Sub Tab is selected
2025-02-05 15:54:18 INFO  ReviewPlateleyMorphologyCellTypeTest:49 - Morphology tab Cell Types is present on platelet main tab
2025-02-05 15:54:18 INFO  ScreenshotListeners:29 - 
================:  Verify Cell Count Of Large Platelet Is Equal To Patch :====================

2025-02-05 15:54:18 INFO  ReviewPlateletMorphologyCellType:72 - Total patches found: 3
2025-02-05 15:54:18 INFO  ReviewPlateletMorphologyCellType:97 - Total patches found for Large Platelets: 3
2025-02-05 15:54:18 INFO  ReviewPlateletMorphologyCellType:103 - Expected count for Large Platelets: 3
2025-02-05 15:54:18 INFO  ReviewPlateletMorphologyCellType:107 - Large Platelets count matches the patch count. Count: 3
2025-02-05 15:54:18 INFO  ReviewPlateleyMorphologyCellTypeTest:56 - Verify the Large platelet cell count is equal patch count
2025-02-05 15:54:18 INFO  ScreenshotListeners:29 - 
================:  Verify Cell Count Of Platelet Clumps Is Equal To Patch :====================

2025-02-05 15:54:18 INFO  ReviewPlateletMorphologyCellType:72 - Total patches found: 2
2025-02-05 15:54:18 INFO  ReviewPlateletMorphologyCellType:97 - Total patches found for Platelet Clumps: 2
2025-02-05 15:54:18 INFO  ReviewPlateletMorphologyCellType:103 - Expected count for Platelet Clumps: 2
2025-02-05 15:54:18 INFO  ReviewPlateletMorphologyCellType:107 - Platelet Clumps count matches the patch count. Count: 2
2025-02-05 15:54:18 INFO  ReviewPlateleyMorphologyCellTypeTest:62 - Verify the  Platelet clumps cell count is equal patch count
2025-02-05 15:54:18 INFO  ScreenshotListeners:29 - 
================:  Functionality Of Patch When Select The Patch In Large Platelets :====================

2025-02-05 15:54:19 INFO  ReviewPlateletMorphologyCellType:72 - Total patches found: 3
2025-02-05 15:54:19 INFO  ReviewPlateletMorphologyCellType:138 - Total patches found for Large Platelets: 3
2025-02-05 15:54:19 WARN  ReviewPlateletMorphologyCellType:151 - Patch not selected properly in Large Platelets. Patch details: 
2025-02-05 15:54:19 WARN  ReviewPlateletMorphologyCellType:151 - Patch not selected properly in Large Platelets. Patch details: 
2025-02-05 15:54:19 WARN  ReviewPlateletMorphologyCellType:151 - Patch not selected properly in Large Platelets. Patch details: 
2025-02-05 15:54:19 INFO  ScreenshotListeners:29 - 
================:  Functionality Of Patch When Select The Patch In Platelet Clumps :====================

2025-02-05 15:54:19 INFO  ReviewPlateletMorphologyCellType:72 - Total patches found: 2
2025-02-05 15:54:19 INFO  ReviewPlateletMorphologyCellType:138 - Total patches found for Platelet Clumps: 2
2025-02-05 15:54:19 WARN  ReviewPlateletMorphologyCellType:151 - Patch not selected properly in Platelet Clumps. Patch details: 
2025-02-05 15:54:19 WARN  ReviewPlateletMorphologyCellType:151 - Patch not selected properly in Platelet Clumps. Patch details: 
2025-02-05 15:54:19 INFO  ScreenshotListeners:29 - 
================:  verify The Size Of Patches In Large Platelet :====================

2025-02-05 15:54:20 INFO  ReviewPlateleyMorphologyCellTypeTest:82 - Verify the Size of patch
2025-02-05 15:54:20 INFO  ScreenshotListeners:29 - 
================:  verify The Size Of Patches In Platelet Clumps :====================

2025-02-05 15:54:20 INFO  ReviewPlateleyMorphologyCellTypeTest:88 - Verify the Size of patch
2025-02-05 15:54:20 INFO  ScreenshotListeners:29 - 
================:  test Zoom Functionality :====================

2025-02-05 15:54:23 INFO  CommonMethods:647 - Clicked zoom-out button. Step: 1
2025-02-05 15:54:23 INFO  CommonMethods:651 - Zoom level at step 1: 20 μm
2025-02-05 15:54:25 INFO  CommonMethods:647 - Clicked zoom-out button. Step: 2
2025-02-05 15:54:25 INFO  CommonMethods:651 - Zoom level at step 2: 50 μm
2025-02-05 15:54:32 INFO  CommonMethods:647 - Clicked zoom-out button. Step: 3
2025-02-05 15:54:32 INFO  CommonMethods:651 - Zoom level at step 3: 50 μm
